[2015-10-29 13:27:53.487 GMT    12	INFO   	100000	AssemblyLoader.Client	]	Recursively searching for assemblies in E:\WorkSpace\dotnet\scrapy.sscq\sscq.server\bin\Debug...	
[2015-10-29 13:27:53.567 GMT    12	INFO   	100000	AssemblyLoader.Client	]	User assembly ignored: E:\WorkSpace\dotnet\scrapy.sscq\sscq.server\bin\Debug\Microsoft.Data.Edm.dll
	* Assembly contains no types assignable from Orleans.Providers.IProvider.	
[2015-10-29 13:27:53.597 GMT    12	INFO   	100000	AssemblyLoader.Client	]	User assembly ignored: E:\WorkSpace\dotnet\scrapy.sscq\sscq.server\bin\Debug\Microsoft.Data.OData.dll
	* Assembly contains no types assignable from Orleans.Providers.IProvider.	
[2015-10-29 13:27:53.627 GMT    12	INFO   	100000	AssemblyLoader.Client	]	User assembly ignored: E:\WorkSpace\dotnet\scrapy.sscq\sscq.server\bin\Debug\Microsoft.Data.Services.Client.dll
	* Assembly contains no types assignable from Orleans.Providers.IProvider.	
[2015-10-29 13:27:53.637 GMT    12	INFO   	100000	AssemblyLoader.Client	]	User assembly ignored: E:\WorkSpace\dotnet\scrapy.sscq\sscq.server\bin\Debug\Microsoft.WindowsAzure.Configuration.dll
	* Assembly contains no types assignable from Orleans.Providers.IProvider.	
[2015-10-29 13:27:53.657 GMT    12	INFO   	100000	AssemblyLoader.Client	]	User assembly ignored: E:\WorkSpace\dotnet\scrapy.sscq\sscq.server\bin\Debug\Microsoft.WindowsAzure.ServiceRuntime.dll
	* Assembly contains no types assignable from Orleans.Providers.IProvider.	
[2015-10-29 13:27:53.687 GMT    12	INFO   	100000	AssemblyLoader.Client	]	User assembly ignored: E:\WorkSpace\dotnet\scrapy.sscq\sscq.server\bin\Debug\Microsoft.WindowsAzure.Storage.dll
	* Assembly contains no types assignable from Orleans.Providers.IProvider.	
[2015-10-29 13:27:53.717 GMT    12	INFO   	100000	AssemblyLoader.Client	]	User assembly ignored: E:\WorkSpace\dotnet\scrapy.sscq\sscq.server\bin\Debug\Newtonsoft.Json.dll
	* Assembly contains no types assignable from Orleans.Providers.IProvider.	
[2015-10-29 13:27:53.727 GMT    12	INFO   	100000	AssemblyLoader.Client	]	User assembly ignored: E:\WorkSpace\dotnet\scrapy.sscq\sscq.server\bin\Debug\Orleans.dll
	* Assembly filename is excluded.	
[2015-10-29 13:27:53.737 GMT    12	INFO   	100000	AssemblyLoader.Client	]	User assembly ignored: E:\WorkSpace\dotnet\scrapy.sscq\sscq.server\bin\Debug\OrleansRuntime.dll
	* Assembly filename is excluded.	
[2015-10-29 13:27:53.757 GMT    12	INFO   	100000	AssemblyLoader.Client	]	User assembly ignored: E:\WorkSpace\dotnet\scrapy.sscq\sscq.server\bin\Debug\sscq.iserver.dll
	* Assembly contains no types assignable from Orleans.Providers.IProvider.	
[2015-10-29 13:27:53.767 GMT    12	INFO   	100000	AssemblyLoader.Client	]	User assembly ignored: E:\WorkSpace\dotnet\scrapy.sscq\sscq.server\bin\Debug\sscq.logger.dll
	* Assembly contains no types assignable from Orleans.Providers.IProvider.	
[2015-10-29 13:27:53.787 GMT    12	INFO   	100000	AssemblyLoader.Client	]	User assembly ignored: E:\WorkSpace\dotnet\scrapy.sscq\sscq.server\bin\Debug\System.Spatial.dll
	* Assembly contains no types assignable from Orleans.Providers.IProvider.	
[2015-10-29 13:27:53.797 GMT    12	INFO   	100000	AssemblyLoader.Client	]	User assembly ignored: E:\WorkSpace\dotnet\scrapy.sscq\sscq.server\bin\Debug\de\Microsoft.Data.Edm.resources.dll
	* Assembly filename indicates that it is a resource assembly.	
[2015-10-29 13:27:53.807 GMT    12	INFO   	100000	AssemblyLoader.Client	]	User assembly ignored: E:\WorkSpace\dotnet\scrapy.sscq\sscq.server\bin\Debug\de\Microsoft.Data.OData.resources.dll
	* Assembly filename indicates that it is a resource assembly.	
[2015-10-29 13:27:53.817 GMT    12	INFO   	100000	AssemblyLoader.Client	]	User assembly ignored: E:\WorkSpace\dotnet\scrapy.sscq\sscq.server\bin\Debug\de\Microsoft.Data.Services.Client.resources.dll
	* Assembly filename indicates that it is a resource assembly.	
[2015-10-29 13:27:53.827 GMT    12	INFO   	100000	AssemblyLoader.Client	]	User assembly ignored: E:\WorkSpace\dotnet\scrapy.sscq\sscq.server\bin\Debug\de\System.Spatial.resources.dll
	* Assembly filename indicates that it is a resource assembly.	
[2015-10-29 13:27:53.837 GMT    12	INFO   	100000	AssemblyLoader.Client	]	User assembly ignored: E:\WorkSpace\dotnet\scrapy.sscq\sscq.server\bin\Debug\es\Microsoft.Data.Edm.resources.dll
	* Assembly filename indicates that it is a resource assembly.	
[2015-10-29 13:27:53.847 GMT    12	INFO   	100000	AssemblyLoader.Client	]	User assembly ignored: E:\WorkSpace\dotnet\scrapy.sscq\sscq.server\bin\Debug\es\Microsoft.Data.OData.resources.dll
	* Assembly filename indicates that it is a resource assembly.	
[2015-10-29 13:27:53.857 GMT    12	INFO   	100000	AssemblyLoader.Client	]	User assembly ignored: E:\WorkSpace\dotnet\scrapy.sscq\sscq.server\bin\Debug\es\Microsoft.Data.Services.Client.resources.dll
	* Assembly filename indicates that it is a resource assembly.	
[2015-10-29 13:27:53.867 GMT    12	INFO   	100000	AssemblyLoader.Client	]	User assembly ignored: E:\WorkSpace\dotnet\scrapy.sscq\sscq.server\bin\Debug\es\System.Spatial.resources.dll
	* Assembly filename indicates that it is a resource assembly.	
[2015-10-29 13:27:53.877 GMT    12	INFO   	100000	AssemblyLoader.Client	]	User assembly ignored: E:\WorkSpace\dotnet\scrapy.sscq\sscq.server\bin\Debug\fr\Microsoft.Data.Edm.resources.dll
	* Assembly filename indicates that it is a resource assembly.	
[2015-10-29 13:27:53.887 GMT    12	INFO   	100000	AssemblyLoader.Client	]	User assembly ignored: E:\WorkSpace\dotnet\scrapy.sscq\sscq.server\bin\Debug\fr\Microsoft.Data.OData.resources.dll
	* Assembly filename indicates that it is a resource assembly.	
[2015-10-29 13:27:53.897 GMT    12	INFO   	100000	AssemblyLoader.Client	]	User assembly ignored: E:\WorkSpace\dotnet\scrapy.sscq\sscq.server\bin\Debug\fr\Microsoft.Data.Services.Client.resources.dll
	* Assembly filename indicates that it is a resource assembly.	
[2015-10-29 13:27:53.907 GMT    12	INFO   	100000	AssemblyLoader.Client	]	User assembly ignored: E:\WorkSpace\dotnet\scrapy.sscq\sscq.server\bin\Debug\fr\System.Spatial.resources.dll
	* Assembly filename indicates that it is a resource assembly.	
[2015-10-29 13:27:53.917 GMT    12	INFO   	100000	AssemblyLoader.Client	]	User assembly ignored: E:\WorkSpace\dotnet\scrapy.sscq\sscq.server\bin\Debug\it\Microsoft.Data.Edm.resources.dll
	* Assembly filename indicates that it is a resource assembly.	
[2015-10-29 13:27:53.927 GMT    12	INFO   	100000	AssemblyLoader.Client	]	User assembly ignored: E:\WorkSpace\dotnet\scrapy.sscq\sscq.server\bin\Debug\it\Microsoft.Data.OData.resources.dll
	* Assembly filename indicates that it is a resource assembly.	
[2015-10-29 13:27:53.937 GMT    12	INFO   	100000	AssemblyLoader.Client	]	User assembly ignored: E:\WorkSpace\dotnet\scrapy.sscq\sscq.server\bin\Debug\it\Microsoft.Data.Services.Client.resources.dll
	* Assembly filename indicates that it is a resource assembly.	
[2015-10-29 13:27:53.947 GMT    12	INFO   	100000	AssemblyLoader.Client	]	User assembly ignored: E:\WorkSpace\dotnet\scrapy.sscq\sscq.server\bin\Debug\it\System.Spatial.resources.dll
	* Assembly filename indicates that it is a resource assembly.	
[2015-10-29 13:27:53.957 GMT    12	INFO   	100000	AssemblyLoader.Client	]	User assembly ignored: E:\WorkSpace\dotnet\scrapy.sscq\sscq.server\bin\Debug\ja\Microsoft.Data.Edm.resources.dll
	* Assembly filename indicates that it is a resource assembly.	
[2015-10-29 13:27:53.967 GMT    12	INFO   	100000	AssemblyLoader.Client	]	User assembly ignored: E:\WorkSpace\dotnet\scrapy.sscq\sscq.server\bin\Debug\ja\Microsoft.Data.OData.resources.dll
	* Assembly filename indicates that it is a resource assembly.	
[2015-10-29 13:27:53.977 GMT    12	INFO   	100000	AssemblyLoader.Client	]	User assembly ignored: E:\WorkSpace\dotnet\scrapy.sscq\sscq.server\bin\Debug\ja\Microsoft.Data.Services.Client.resources.dll
	* Assembly filename indicates that it is a resource assembly.	
[2015-10-29 13:27:53.987 GMT    12	INFO   	100000	AssemblyLoader.Client	]	User assembly ignored: E:\WorkSpace\dotnet\scrapy.sscq\sscq.server\bin\Debug\ja\System.Spatial.resources.dll
	* Assembly filename indicates that it is a resource assembly.	
[2015-10-29 13:27:53.997 GMT    12	INFO   	100000	AssemblyLoader.Client	]	User assembly ignored: E:\WorkSpace\dotnet\scrapy.sscq\sscq.server\bin\Debug\ko\Microsoft.Data.Edm.resources.dll
	* Assembly filename indicates that it is a resource assembly.	
[2015-10-29 13:27:54.007 GMT    12	INFO   	100000	AssemblyLoader.Client	]	User assembly ignored: E:\WorkSpace\dotnet\scrapy.sscq\sscq.server\bin\Debug\ko\Microsoft.Data.OData.resources.dll
	* Assembly filename indicates that it is a resource assembly.	
[2015-10-29 13:27:54.017 GMT    12	INFO   	100000	AssemblyLoader.Client	]	User assembly ignored: E:\WorkSpace\dotnet\scrapy.sscq\sscq.server\bin\Debug\ko\Microsoft.Data.Services.Client.resources.dll
	* Assembly filename indicates that it is a resource assembly.	
[2015-10-29 13:27:54.027 GMT    12	INFO   	100000	AssemblyLoader.Client	]	User assembly ignored: E:\WorkSpace\dotnet\scrapy.sscq\sscq.server\bin\Debug\ko\System.Spatial.resources.dll
	* Assembly filename indicates that it is a resource assembly.	
[2015-10-29 13:27:54.037 GMT    12	INFO   	100000	AssemblyLoader.Client	]	User assembly ignored: E:\WorkSpace\dotnet\scrapy.sscq\sscq.server\bin\Debug\ru\Microsoft.Data.Edm.resources.dll
	* Assembly filename indicates that it is a resource assembly.	
[2015-10-29 13:27:54.047 GMT    12	INFO   	100000	AssemblyLoader.Client	]	User assembly ignored: E:\WorkSpace\dotnet\scrapy.sscq\sscq.server\bin\Debug\ru\Microsoft.Data.OData.resources.dll
	* Assembly filename indicates that it is a resource assembly.	
[2015-10-29 13:27:54.057 GMT    12	INFO   	100000	AssemblyLoader.Client	]	User assembly ignored: E:\WorkSpace\dotnet\scrapy.sscq\sscq.server\bin\Debug\ru\Microsoft.Data.Services.Client.resources.dll
	* Assembly filename indicates that it is a resource assembly.	
[2015-10-29 13:27:54.067 GMT    12	INFO   	100000	AssemblyLoader.Client	]	User assembly ignored: E:\WorkSpace\dotnet\scrapy.sscq\sscq.server\bin\Debug\ru\System.Spatial.resources.dll
	* Assembly filename indicates that it is a resource assembly.	
[2015-10-29 13:27:54.067 GMT    12	INFO   	100000	AssemblyLoader.Client	]	User assembly ignored: E:\WorkSpace\dotnet\scrapy.sscq\sscq.server\bin\Debug\zh-Hans\Microsoft.Data.Edm.resources.dll
	* Assembly filename indicates that it is a resource assembly.	
[2015-10-29 13:27:54.087 GMT    12	INFO   	100000	AssemblyLoader.Client	]	User assembly ignored: E:\WorkSpace\dotnet\scrapy.sscq\sscq.server\bin\Debug\zh-Hans\Microsoft.Data.OData.resources.dll
	* Assembly filename indicates that it is a resource assembly.	
[2015-10-29 13:27:54.087 GMT    12	INFO   	100000	AssemblyLoader.Client	]	User assembly ignored: E:\WorkSpace\dotnet\scrapy.sscq\sscq.server\bin\Debug\zh-Hans\Microsoft.Data.Services.Client.resources.dll
	* Assembly filename indicates that it is a resource assembly.	
[2015-10-29 13:27:54.107 GMT    12	INFO   	100000	AssemblyLoader.Client	]	User assembly ignored: E:\WorkSpace\dotnet\scrapy.sscq\sscq.server\bin\Debug\zh-Hans\System.Spatial.resources.dll
	* Assembly filename indicates that it is a resource assembly.	
[2015-10-29 13:27:54.117 GMT    12	INFO   	100000	AssemblyLoader.Client	]	User assembly ignored: E:\WorkSpace\dotnet\scrapy.sscq\sscq.server\bin\Debug\zh-Hant\Microsoft.Data.Edm.resources.dll
	* Assembly filename indicates that it is a resource assembly.	
[2015-10-29 13:27:54.117 GMT    12	INFO   	100000	AssemblyLoader.Client	]	User assembly ignored: E:\WorkSpace\dotnet\scrapy.sscq\sscq.server\bin\Debug\zh-Hant\Microsoft.Data.OData.resources.dll
	* Assembly filename indicates that it is a resource assembly.	
[2015-10-29 13:27:54.137 GMT    12	INFO   	100000	AssemblyLoader.Client	]	User assembly ignored: E:\WorkSpace\dotnet\scrapy.sscq\sscq.server\bin\Debug\zh-Hant\Microsoft.Data.Services.Client.resources.dll
	* Assembly filename indicates that it is a resource assembly.	
[2015-10-29 13:27:54.137 GMT    12	INFO   	100000	AssemblyLoader.Client	]	User assembly ignored: E:\WorkSpace\dotnet\scrapy.sscq\sscq.server\bin\Debug\zh-Hant\System.Spatial.resources.dll
	* Assembly filename indicates that it is a resource assembly.	
[2015-10-29 13:27:54.147 GMT    12	INFO   	100000	AssemblyLoader.Client	]	Loading assembly E:\WorkSpace\dotnet\scrapy.sscq\sscq.server\bin\Debug\OrleansAzureUtils.dll...	
[2015-10-29 13:27:54.287 GMT    12	INFO   	100000	AssemblyLoader.Client	]	Loading assembly E:\WorkSpace\dotnet\scrapy.sscq\sscq.server\bin\Debug\OrleansProviders.dll...	
[2015-10-29 13:27:54.297 GMT    12	INFO   	100000	AssemblyLoader.Client	]	2 assemblies loaded.	
[2015-10-29 13:27:54.337 GMT    12	INFO   	100313	OutsideRuntimeClient	]	---------- Initializing OutsideRuntimeClient on 2013-20150912UD at 192.168.1.103 Client Id = *cli/1c8565aa ----------	
[2015-10-29 13:27:54.347 GMT    12	INFO   	100314	OutsideRuntimeClient	]	---------- Starting OutsideRuntimeClient with runtime Version='1.0.10.0 (Release).' Config= 
 Platform version info:
   .NET version: 4.0.30319.18444
   Is .NET 4.5=True
   OS version: Microsoft Windows NT 6.1.7601 Service Pack 1
   GC Type=Server GCLatencyMode=Interactive
   Host: 2013-20150912UD
   Processor Count: 4
Client Configuration:
   Config File Name: E:\WorkSpace\dotnet\scrapy.sscq\sscq.server\bin\Debug\DevTestClientConfiguration.xml
   Start time: 2015-10-29 13:27:54.337 GMT
   Gateway Provider: Config
   Gateways[1]:
      127.0.0.1:30000
   Preferred Gateway Index: -1
   GatewayListRefreshPeriod: 00:01:00
   Azure:
      DeploymentId: Administrator
      DataConnectionString: null
   Preferred Address Family: InterNetwork
   DNS Host Name: 2013-20150912UD
   Client Name: Client
   Tracing: 
     Default Trace Level: Info
     TraceLevelOverrides: None
     Trace to Console: True
     Trace File Name: E:\WorkSpace\dotnet\scrapy.sscq\sscq.server\bin\Debug\Client-2015-10-29-13.27.53.237Z.log
     Write Messaging Traces: False
     LargeMessageWarningThreshold: 85000
     PropagateActivityId: False
     BulkMessageLimit: 5
   Statistics: 
     MetricsTableWriteInterval: 00:00:30
     PerfCounterWriteInterval: 00:00:30
     LogWriteInterval: 00:05:00
     WriteLogStatisticsToTable: True
     StatisticsCollectionLevel: Info
   Messaging:
       Response timeout: 00:30:00
       Maximum resend count: 0
       Resend On Timeout: False
       Maximum Socket Age: 10675199.02:48:05.4775807
       Drop Expired Messages: True
       Client Sender Buckets: 8192
       Use standard (.NET) serializer: False   [NOTE: This *MUST* match the setting on the server or nothing will work!]
       Buffer Pool Buffer Size: 4096
       Buffer Pool Max Size: 10000
       Buffer Pool Preallocation Size: 250
       Use Message Batching: False
       Max Message Batching Size: 10
   Providers:
       No providers configured.
	
[2015-10-29 13:27:54.387 GMT    12	INFO   	101309	Messaging.GatewayManager	]	Found 1 knownGateways from Gateway listProvider [gwy.tcp://127.0.0.1:30000/0]	
[2015-10-29 13:27:55.707 GMT    12	INFO   	100908	Messaging.GatewayConnection/GatewayClientSender_gwy.tcp://127.0.0.1:30000/0	192.168.1.103:0]	Connected to gateway at address gwy.tcp://127.0.0.1:30000/0 on trial 0.	
[2015-10-29 13:27:55.757 GMT    32	INFO   	100000	Messaging.GatewayConnection/GatewayClientSender_gwy.tcp://127.0.0.1:30000/0	192.168.1.103:0]	Starting AsyncAgent Messaging.GatewayConnection/GatewayClientSender_gwy.tcp://127.0.0.1:30000/0 on managed thread 32	
[2015-10-29 13:27:55.757 GMT    33	INFO   	100000	Messaging.GatewayClientReceiver/gwy.tcp://127.0.0.1:30000/0	192.168.1.103:0]	Starting AsyncAgent Messaging.GatewayClientReceiver/gwy.tcp://127.0.0.1:30000/0 on managed thread 33	
[2015-10-29 13:27:55.847 GMT    12	INFO   	100929	OutsideRuntimeClient	192.168.1.103:0]	---------- Started OutsideRuntimeClient with Global Client ID: C192.168.1.103:0:-183821274*cli/1c8565aa@d6d42080, client GUID ID: *cli/1c8565aa	
