[2015-10-29 13:38:32.730 GMT    12	INFO   	100000	AssemblyLoader.Client	]	Recursively searching for assemblies in E:\WorkSpace\dotnet\scrapy.sscq\sscq.server\bin\Debug...	
[2015-10-29 13:38:32.830 GMT    12	INFO   	100000	AssemblyLoader.Client	]	User assembly ignored: E:\WorkSpace\dotnet\scrapy.sscq\sscq.server\bin\Debug\Microsoft.Data.Edm.dll
	* Assembly contains no types assignable from Orleans.Providers.IProvider.	
[2015-10-29 13:38:32.870 GMT    12	INFO   	100000	AssemblyLoader.Client	]	User assembly ignored: E:\WorkSpace\dotnet\scrapy.sscq\sscq.server\bin\Debug\Microsoft.Data.OData.dll
	* Assembly contains no types assignable from Orleans.Providers.IProvider.	
[2015-10-29 13:38:32.900 GMT    12	INFO   	100000	AssemblyLoader.Client	]	User assembly ignored: E:\WorkSpace\dotnet\scrapy.sscq\sscq.server\bin\Debug\Microsoft.Data.Services.Client.dll
	* Assembly contains no types assignable from Orleans.Providers.IProvider.	
[2015-10-29 13:38:32.910 GMT    12	INFO   	100000	AssemblyLoader.Client	]	User assembly ignored: E:\WorkSpace\dotnet\scrapy.sscq\sscq.server\bin\Debug\Microsoft.WindowsAzure.Configuration.dll
	* Assembly contains no types assignable from Orleans.Providers.IProvider.	
[2015-10-29 13:38:32.920 GMT    12	INFO   	100000	AssemblyLoader.Client	]	User assembly ignored: E:\WorkSpace\dotnet\scrapy.sscq\sscq.server\bin\Debug\Microsoft.WindowsAzure.ServiceRuntime.dll
	* Assembly contains no types assignable from Orleans.Providers.IProvider.	
[2015-10-29 13:38:32.950 GMT    12	INFO   	100000	AssemblyLoader.Client	]	User assembly ignored: E:\WorkSpace\dotnet\scrapy.sscq\sscq.server\bin\Debug\Microsoft.WindowsAzure.Storage.dll
	* Assembly contains no types assignable from Orleans.Providers.IProvider.	
[2015-10-29 13:38:32.970 GMT    12	INFO   	100000	AssemblyLoader.Client	]	User assembly ignored: E:\WorkSpace\dotnet\scrapy.sscq\sscq.server\bin\Debug\Newtonsoft.Json.dll
	* Assembly contains no types assignable from Orleans.Providers.IProvider.	
[2015-10-29 13:38:32.980 GMT    12	INFO   	100000	AssemblyLoader.Client	]	User assembly ignored: E:\WorkSpace\dotnet\scrapy.sscq\sscq.server\bin\Debug\Orleans.dll
	* Assembly filename is excluded.	
[2015-10-29 13:38:33.000 GMT    12	INFO   	100000	AssemblyLoader.Client	]	User assembly ignored: E:\WorkSpace\dotnet\scrapy.sscq\sscq.server\bin\Debug\OrleansRuntime.dll
	* Assembly filename is excluded.	
[2015-10-29 13:38:33.020 GMT    12	INFO   	100000	AssemblyLoader.Client	]	User assembly ignored: E:\WorkSpace\dotnet\scrapy.sscq\sscq.server\bin\Debug\sscq.iserver.dll
	* Assembly contains no types assignable from Orleans.Providers.IProvider.	
[2015-10-29 13:38:33.030 GMT    12	INFO   	100000	AssemblyLoader.Client	]	User assembly ignored: E:\WorkSpace\dotnet\scrapy.sscq\sscq.server\bin\Debug\sscq.logger.dll
	* Assembly contains no types assignable from Orleans.Providers.IProvider.	
[2015-10-29 13:38:33.040 GMT    12	INFO   	100000	AssemblyLoader.Client	]	User assembly ignored: E:\WorkSpace\dotnet\scrapy.sscq\sscq.server\bin\Debug\System.Spatial.dll
	* Assembly contains no types assignable from Orleans.Providers.IProvider.	
[2015-10-29 13:38:33.050 GMT    12	INFO   	100000	AssemblyLoader.Client	]	User assembly ignored: E:\WorkSpace\dotnet\scrapy.sscq\sscq.server\bin\Debug\de\Microsoft.Data.Edm.resources.dll
	* Assembly filename indicates that it is a resource assembly.	
[2015-10-29 13:38:33.060 GMT    12	INFO   	100000	AssemblyLoader.Client	]	User assembly ignored: E:\WorkSpace\dotnet\scrapy.sscq\sscq.server\bin\Debug\de\Microsoft.Data.OData.resources.dll
	* Assembly filename indicates that it is a resource assembly.	
[2015-10-29 13:38:33.070 GMT    12	INFO   	100000	AssemblyLoader.Client	]	User assembly ignored: E:\WorkSpace\dotnet\scrapy.sscq\sscq.server\bin\Debug\de\Microsoft.Data.Services.Client.resources.dll
	* Assembly filename indicates that it is a resource assembly.	
[2015-10-29 13:38:33.080 GMT    12	INFO   	100000	AssemblyLoader.Client	]	User assembly ignored: E:\WorkSpace\dotnet\scrapy.sscq\sscq.server\bin\Debug\de\System.Spatial.resources.dll
	* Assembly filename indicates that it is a resource assembly.	
[2015-10-29 13:38:33.090 GMT    12	INFO   	100000	AssemblyLoader.Client	]	User assembly ignored: E:\WorkSpace\dotnet\scrapy.sscq\sscq.server\bin\Debug\es\Microsoft.Data.Edm.resources.dll
	* Assembly filename indicates that it is a resource assembly.	
[2015-10-29 13:38:33.100 GMT    12	INFO   	100000	AssemblyLoader.Client	]	User assembly ignored: E:\WorkSpace\dotnet\scrapy.sscq\sscq.server\bin\Debug\es\Microsoft.Data.OData.resources.dll
	* Assembly filename indicates that it is a resource assembly.	
[2015-10-29 13:38:33.110 GMT    12	INFO   	100000	AssemblyLoader.Client	]	User assembly ignored: E:\WorkSpace\dotnet\scrapy.sscq\sscq.server\bin\Debug\es\Microsoft.Data.Services.Client.resources.dll
	* Assembly filename indicates that it is a resource assembly.	
[2015-10-29 13:38:33.130 GMT    12	INFO   	100000	AssemblyLoader.Client	]	User assembly ignored: E:\WorkSpace\dotnet\scrapy.sscq\sscq.server\bin\Debug\es\System.Spatial.resources.dll
	* Assembly filename indicates that it is a resource assembly.	
[2015-10-29 13:38:33.140 GMT    12	INFO   	100000	AssemblyLoader.Client	]	User assembly ignored: E:\WorkSpace\dotnet\scrapy.sscq\sscq.server\bin\Debug\fr\Microsoft.Data.Edm.resources.dll
	* Assembly filename indicates that it is a resource assembly.	
[2015-10-29 13:38:33.150 GMT    12	INFO   	100000	AssemblyLoader.Client	]	User assembly ignored: E:\WorkSpace\dotnet\scrapy.sscq\sscq.server\bin\Debug\fr\Microsoft.Data.OData.resources.dll
	* Assembly filename indicates that it is a resource assembly.	
[2015-10-29 13:38:33.160 GMT    12	INFO   	100000	AssemblyLoader.Client	]	User assembly ignored: E:\WorkSpace\dotnet\scrapy.sscq\sscq.server\bin\Debug\fr\Microsoft.Data.Services.Client.resources.dll
	* Assembly filename indicates that it is a resource assembly.	
[2015-10-29 13:38:33.170 GMT    12	INFO   	100000	AssemblyLoader.Client	]	User assembly ignored: E:\WorkSpace\dotnet\scrapy.sscq\sscq.server\bin\Debug\fr\System.Spatial.resources.dll
	* Assembly filename indicates that it is a resource assembly.	
[2015-10-29 13:38:33.180 GMT    12	INFO   	100000	AssemblyLoader.Client	]	User assembly ignored: E:\WorkSpace\dotnet\scrapy.sscq\sscq.server\bin\Debug\it\Microsoft.Data.Edm.resources.dll
	* Assembly filename indicates that it is a resource assembly.	
[2015-10-29 13:38:33.190 GMT    12	INFO   	100000	AssemblyLoader.Client	]	User assembly ignored: E:\WorkSpace\dotnet\scrapy.sscq\sscq.server\bin\Debug\it\Microsoft.Data.OData.resources.dll
	* Assembly filename indicates that it is a resource assembly.	
[2015-10-29 13:38:33.210 GMT    12	INFO   	100000	AssemblyLoader.Client	]	User assembly ignored: E:\WorkSpace\dotnet\scrapy.sscq\sscq.server\bin\Debug\it\Microsoft.Data.Services.Client.resources.dll
	* Assembly filename indicates that it is a resource assembly.	
[2015-10-29 13:38:33.230 GMT    12	INFO   	100000	AssemblyLoader.Client	]	User assembly ignored: E:\WorkSpace\dotnet\scrapy.sscq\sscq.server\bin\Debug\it\System.Spatial.resources.dll
	* Assembly filename indicates that it is a resource assembly.	
[2015-10-29 13:38:33.240 GMT    12	INFO   	100000	AssemblyLoader.Client	]	User assembly ignored: E:\WorkSpace\dotnet\scrapy.sscq\sscq.server\bin\Debug\ja\Microsoft.Data.Edm.resources.dll
	* Assembly filename indicates that it is a resource assembly.	
[2015-10-29 13:38:33.250 GMT    12	INFO   	100000	AssemblyLoader.Client	]	User assembly ignored: E:\WorkSpace\dotnet\scrapy.sscq\sscq.server\bin\Debug\ja\Microsoft.Data.OData.resources.dll
	* Assembly filename indicates that it is a resource assembly.	
[2015-10-29 13:38:33.260 GMT    12	INFO   	100000	AssemblyLoader.Client	]	User assembly ignored: E:\WorkSpace\dotnet\scrapy.sscq\sscq.server\bin\Debug\ja\Microsoft.Data.Services.Client.resources.dll
	* Assembly filename indicates that it is a resource assembly.	
[2015-10-29 13:38:33.280 GMT    12	INFO   	100000	AssemblyLoader.Client	]	User assembly ignored: E:\WorkSpace\dotnet\scrapy.sscq\sscq.server\bin\Debug\ja\System.Spatial.resources.dll
	* Assembly filename indicates that it is a resource assembly.	
[2015-10-29 13:38:33.290 GMT    12	INFO   	100000	AssemblyLoader.Client	]	User assembly ignored: E:\WorkSpace\dotnet\scrapy.sscq\sscq.server\bin\Debug\ko\Microsoft.Data.Edm.resources.dll
	* Assembly filename indicates that it is a resource assembly.	
[2015-10-29 13:38:33.300 GMT    12	INFO   	100000	AssemblyLoader.Client	]	User assembly ignored: E:\WorkSpace\dotnet\scrapy.sscq\sscq.server\bin\Debug\ko\Microsoft.Data.OData.resources.dll
	* Assembly filename indicates that it is a resource assembly.	
[2015-10-29 13:38:33.310 GMT    12	INFO   	100000	AssemblyLoader.Client	]	User assembly ignored: E:\WorkSpace\dotnet\scrapy.sscq\sscq.server\bin\Debug\ko\Microsoft.Data.Services.Client.resources.dll
	* Assembly filename indicates that it is a resource assembly.	
[2015-10-29 13:38:33.320 GMT    12	INFO   	100000	AssemblyLoader.Client	]	User assembly ignored: E:\WorkSpace\dotnet\scrapy.sscq\sscq.server\bin\Debug\ko\System.Spatial.resources.dll
	* Assembly filename indicates that it is a resource assembly.	
[2015-10-29 13:38:33.330 GMT    12	INFO   	100000	AssemblyLoader.Client	]	User assembly ignored: E:\WorkSpace\dotnet\scrapy.sscq\sscq.server\bin\Debug\ru\Microsoft.Data.Edm.resources.dll
	* Assembly filename indicates that it is a resource assembly.	
[2015-10-29 13:38:33.340 GMT    12	INFO   	100000	AssemblyLoader.Client	]	User assembly ignored: E:\WorkSpace\dotnet\scrapy.sscq\sscq.server\bin\Debug\ru\Microsoft.Data.OData.resources.dll
	* Assembly filename indicates that it is a resource assembly.	
[2015-10-29 13:38:33.350 GMT    12	INFO   	100000	AssemblyLoader.Client	]	User assembly ignored: E:\WorkSpace\dotnet\scrapy.sscq\sscq.server\bin\Debug\ru\Microsoft.Data.Services.Client.resources.dll
	* Assembly filename indicates that it is a resource assembly.	
[2015-10-29 13:38:33.360 GMT    12	INFO   	100000	AssemblyLoader.Client	]	User assembly ignored: E:\WorkSpace\dotnet\scrapy.sscq\sscq.server\bin\Debug\ru\System.Spatial.resources.dll
	* Assembly filename indicates that it is a resource assembly.	
[2015-10-29 13:38:33.370 GMT    12	INFO   	100000	AssemblyLoader.Client	]	User assembly ignored: E:\WorkSpace\dotnet\scrapy.sscq\sscq.server\bin\Debug\zh-Hans\Microsoft.Data.Edm.resources.dll
	* Assembly filename indicates that it is a resource assembly.	
[2015-10-29 13:38:33.390 GMT    12	INFO   	100000	AssemblyLoader.Client	]	User assembly ignored: E:\WorkSpace\dotnet\scrapy.sscq\sscq.server\bin\Debug\zh-Hans\Microsoft.Data.OData.resources.dll
	* Assembly filename indicates that it is a resource assembly.	
[2015-10-29 13:38:33.410 GMT    12	INFO   	100000	AssemblyLoader.Client	]	User assembly ignored: E:\WorkSpace\dotnet\scrapy.sscq\sscq.server\bin\Debug\zh-Hans\Microsoft.Data.Services.Client.resources.dll
	* Assembly filename indicates that it is a resource assembly.	
[2015-10-29 13:38:33.430 GMT    12	INFO   	100000	AssemblyLoader.Client	]	User assembly ignored: E:\WorkSpace\dotnet\scrapy.sscq\sscq.server\bin\Debug\zh-Hans\System.Spatial.resources.dll
	* Assembly filename indicates that it is a resource assembly.	
[2015-10-29 13:38:33.450 GMT    12	INFO   	100000	AssemblyLoader.Client	]	User assembly ignored: E:\WorkSpace\dotnet\scrapy.sscq\sscq.server\bin\Debug\zh-Hant\Microsoft.Data.Edm.resources.dll
	* Assembly filename indicates that it is a resource assembly.	
[2015-10-29 13:38:33.470 GMT    12	INFO   	100000	AssemblyLoader.Client	]	User assembly ignored: E:\WorkSpace\dotnet\scrapy.sscq\sscq.server\bin\Debug\zh-Hant\Microsoft.Data.OData.resources.dll
	* Assembly filename indicates that it is a resource assembly.	
[2015-10-29 13:38:33.490 GMT    12	INFO   	100000	AssemblyLoader.Client	]	User assembly ignored: E:\WorkSpace\dotnet\scrapy.sscq\sscq.server\bin\Debug\zh-Hant\Microsoft.Data.Services.Client.resources.dll
	* Assembly filename indicates that it is a resource assembly.	
[2015-10-29 13:38:33.500 GMT    12	INFO   	100000	AssemblyLoader.Client	]	User assembly ignored: E:\WorkSpace\dotnet\scrapy.sscq\sscq.server\bin\Debug\zh-Hant\System.Spatial.resources.dll
	* Assembly filename indicates that it is a resource assembly.	
[2015-10-29 13:38:33.510 GMT    12	INFO   	100000	AssemblyLoader.Client	]	Loading assembly E:\WorkSpace\dotnet\scrapy.sscq\sscq.server\bin\Debug\OrleansAzureUtils.dll...	
[2015-10-29 13:38:33.670 GMT    12	INFO   	100000	AssemblyLoader.Client	]	Loading assembly E:\WorkSpace\dotnet\scrapy.sscq\sscq.server\bin\Debug\OrleansProviders.dll...	
[2015-10-29 13:38:33.680 GMT    12	INFO   	100000	AssemblyLoader.Client	]	2 assemblies loaded.	
[2015-10-29 13:38:33.730 GMT    12	INFO   	100313	OutsideRuntimeClient	]	---------- Initializing OutsideRuntimeClient on 2013-20150912UD at 192.168.1.103 Client Id = *cli/81bbe79a ----------	
[2015-10-29 13:38:33.750 GMT    12	INFO   	100314	OutsideRuntimeClient	]	---------- Starting OutsideRuntimeClient with runtime Version='1.0.10.0 (Release).' Config= 
 Platform version info:
   .NET version: 4.0.30319.18444
   Is .NET 4.5=True
   OS version: Microsoft Windows NT 6.1.7601 Service Pack 1
   GC Type=Server GCLatencyMode=Interactive
   Host: 2013-20150912UD
   Processor Count: 4
Client Configuration:
   Config File Name: E:\WorkSpace\dotnet\scrapy.sscq\sscq.server\bin\Debug\DevTestClientConfiguration.xml
   Start time: 2015-10-29 13:38:33.740 GMT
   Gateway Provider: Config
   Gateways[1]:
      127.0.0.1:30000
   Preferred Gateway Index: -1
   GatewayListRefreshPeriod: 00:01:00
   Azure:
      DeploymentId: Administrator
      DataConnectionString: null
   Preferred Address Family: InterNetwork
   DNS Host Name: 2013-20150912UD
   Client Name: Client
   Tracing: 
     Default Trace Level: Info
     TraceLevelOverrides: None
     Trace to Console: True
     Trace File Name: E:\WorkSpace\dotnet\scrapy.sscq\sscq.server\bin\Debug\Client-2015-10-29-13.38.32.470Z.log
     Write Messaging Traces: False
     LargeMessageWarningThreshold: 85000
     PropagateActivityId: False
     BulkMessageLimit: 5
   Statistics: 
     MetricsTableWriteInterval: 00:00:30
     PerfCounterWriteInterval: 00:00:30
     LogWriteInterval: 00:05:00
     WriteLogStatisticsToTable: True
     StatisticsCollectionLevel: Info
   Messaging:
       Response timeout: 00:30:00
       Maximum resend count: 0
       Resend On Timeout: False
       Maximum Socket Age: 10675199.02:48:05.4775807
       Drop Expired Messages: True
       Client Sender Buckets: 8192
       Use standard (.NET) serializer: False   [NOTE: This *MUST* match the setting on the server or nothing will work!]
       Buffer Pool Buffer Size: 4096
       Buffer Pool Max Size: 10000
       Buffer Pool Preallocation Size: 250
       Use Message Batching: False
       Max Message Batching Size: 10
   Providers:
       No providers configured.
	
[2015-10-29 13:38:33.790 GMT    12	INFO   	101309	Messaging.GatewayManager	]	Found 1 knownGateways from Gateway listProvider [gwy.tcp://127.0.0.1:30000/0]	
[2015-10-29 13:38:35.080 GMT    12	INFO   	100908	Messaging.GatewayConnection/GatewayClientSender_gwy.tcp://127.0.0.1:30000/0	192.168.1.103:0]	Connected to gateway at address gwy.tcp://127.0.0.1:30000/0 on trial 0.	
[2015-10-29 13:38:35.120 GMT    37	INFO   	100000	Messaging.GatewayClientReceiver/gwy.tcp://127.0.0.1:30000/0	192.168.1.103:0]	Starting AsyncAgent Messaging.GatewayClientReceiver/gwy.tcp://127.0.0.1:30000/0 on managed thread 37	
[2015-10-29 13:38:35.130 GMT    36	INFO   	100000	Messaging.GatewayConnection/GatewayClientSender_gwy.tcp://127.0.0.1:30000/0	192.168.1.103:0]	Starting AsyncAgent Messaging.GatewayConnection/GatewayClientSender_gwy.tcp://127.0.0.1:30000/0 on managed thread 36	
[2015-10-29 13:38:35.240 GMT    12	INFO   	100929	OutsideRuntimeClient	192.168.1.103:0]	---------- Started OutsideRuntimeClient with Global Client ID: C192.168.1.103:0:-183821913*cli/81bbe79a@753a3cab, client GUID ID: *cli/81bbe79a	
