[2015-10-28 14:45:32.728 GMT    13	INFO   	100000	AssemblyLoader.Client	]	Recursively searching for assemblies in E:\WorkSpace\dotnet\scrapy.sscq\sscq.server\bin\Debug...	
[2015-10-28 14:45:32.818 GMT    13	INFO   	100000	AssemblyLoader.Client	]	User assembly ignored: E:\WorkSpace\dotnet\scrapy.sscq\sscq.server\bin\Debug\Microsoft.Data.Edm.dll
	* Assembly contains no types assignable from Orleans.Providers.IProvider.	
[2015-10-28 14:45:32.848 GMT    13	INFO   	100000	AssemblyLoader.Client	]	User assembly ignored: E:\WorkSpace\dotnet\scrapy.sscq\sscq.server\bin\Debug\Microsoft.Data.OData.dll
	* Assembly contains no types assignable from Orleans.Providers.IProvider.	
[2015-10-28 14:45:32.868 GMT    13	INFO   	100000	AssemblyLoader.Client	]	User assembly ignored: E:\WorkSpace\dotnet\scrapy.sscq\sscq.server\bin\Debug\Microsoft.Data.Services.Client.dll
	* Assembly contains no types assignable from Orleans.Providers.IProvider.	
[2015-10-28 14:45:32.878 GMT    13	INFO   	100000	AssemblyLoader.Client	]	User assembly ignored: E:\WorkSpace\dotnet\scrapy.sscq\sscq.server\bin\Debug\Microsoft.WindowsAzure.Configuration.dll
	* Assembly contains no types assignable from Orleans.Providers.IProvider.	
[2015-10-28 14:45:33.008 GMT    13	INFO   	100000	AssemblyLoader.Client	]	User assembly ignored: E:\WorkSpace\dotnet\scrapy.sscq\sscq.server\bin\Debug\Microsoft.WindowsAzure.ServiceRuntime.dll
	* Assembly contains no types assignable from Orleans.Providers.IProvider.	
[2015-10-28 14:45:33.038 GMT    13	INFO   	100000	AssemblyLoader.Client	]	User assembly ignored: E:\WorkSpace\dotnet\scrapy.sscq\sscq.server\bin\Debug\Microsoft.WindowsAzure.Storage.dll
	* Assembly contains no types assignable from Orleans.Providers.IProvider.	
[2015-10-28 14:45:33.058 GMT    13	INFO   	100000	AssemblyLoader.Client	]	User assembly ignored: E:\WorkSpace\dotnet\scrapy.sscq\sscq.server\bin\Debug\Newtonsoft.Json.dll
	* Assembly contains no types assignable from Orleans.Providers.IProvider.	
[2015-10-28 14:45:33.068 GMT    13	INFO   	100000	AssemblyLoader.Client	]	User assembly ignored: E:\WorkSpace\dotnet\scrapy.sscq\sscq.server\bin\Debug\Orleans.dll
	* Assembly filename is excluded.	
[2015-10-28 14:45:33.088 GMT    13	INFO   	100000	AssemblyLoader.Client	]	User assembly ignored: E:\WorkSpace\dotnet\scrapy.sscq\sscq.server\bin\Debug\OrleansRuntime.dll
	* Assembly filename is excluded.	
[2015-10-28 14:45:33.208 GMT    13	INFO   	100000	AssemblyLoader.Client	]	User assembly ignored: E:\WorkSpace\dotnet\scrapy.sscq\sscq.server\bin\Debug\System.Spatial.dll
	* Assembly contains no types assignable from Orleans.Providers.IProvider.	
[2015-10-28 14:45:33.218 GMT    13	INFO   	100000	AssemblyLoader.Client	]	User assembly ignored: E:\WorkSpace\dotnet\scrapy.sscq\sscq.server\bin\Debug\de\Microsoft.Data.Edm.resources.dll
	* Assembly filename indicates that it is a resource assembly.	
[2015-10-28 14:45:33.228 GMT    13	INFO   	100000	AssemblyLoader.Client	]	User assembly ignored: E:\WorkSpace\dotnet\scrapy.sscq\sscq.server\bin\Debug\de\Microsoft.Data.OData.resources.dll
	* Assembly filename indicates that it is a resource assembly.	
[2015-10-28 14:45:33.238 GMT    13	INFO   	100000	AssemblyLoader.Client	]	User assembly ignored: E:\WorkSpace\dotnet\scrapy.sscq\sscq.server\bin\Debug\de\Microsoft.Data.Services.Client.resources.dll
	* Assembly filename indicates that it is a resource assembly.	
[2015-10-28 14:45:33.398 GMT    13	INFO   	100000	AssemblyLoader.Client	]	User assembly ignored: E:\WorkSpace\dotnet\scrapy.sscq\sscq.server\bin\Debug\de\System.Spatial.resources.dll
	* Assembly filename indicates that it is a resource assembly.	
[2015-10-28 14:45:33.408 GMT    13	INFO   	100000	AssemblyLoader.Client	]	User assembly ignored: E:\WorkSpace\dotnet\scrapy.sscq\sscq.server\bin\Debug\es\Microsoft.Data.Edm.resources.dll
	* Assembly filename indicates that it is a resource assembly.	
[2015-10-28 14:45:33.418 GMT    13	INFO   	100000	AssemblyLoader.Client	]	User assembly ignored: E:\WorkSpace\dotnet\scrapy.sscq\sscq.server\bin\Debug\es\Microsoft.Data.OData.resources.dll
	* Assembly filename indicates that it is a resource assembly.	
[2015-10-28 14:45:33.428 GMT    13	INFO   	100000	AssemblyLoader.Client	]	User assembly ignored: E:\WorkSpace\dotnet\scrapy.sscq\sscq.server\bin\Debug\es\Microsoft.Data.Services.Client.resources.dll
	* Assembly filename indicates that it is a resource assembly.	
[2015-10-28 14:45:33.598 GMT    13	INFO   	100000	AssemblyLoader.Client	]	User assembly ignored: E:\WorkSpace\dotnet\scrapy.sscq\sscq.server\bin\Debug\es\System.Spatial.resources.dll
	* Assembly filename indicates that it is a resource assembly.	
[2015-10-28 14:45:33.608 GMT    13	INFO   	100000	AssemblyLoader.Client	]	User assembly ignored: E:\WorkSpace\dotnet\scrapy.sscq\sscq.server\bin\Debug\fr\Microsoft.Data.Edm.resources.dll
	* Assembly filename indicates that it is a resource assembly.	
[2015-10-28 14:45:33.628 GMT    13	INFO   	100000	AssemblyLoader.Client	]	User assembly ignored: E:\WorkSpace\dotnet\scrapy.sscq\sscq.server\bin\Debug\fr\Microsoft.Data.OData.resources.dll
	* Assembly filename indicates that it is a resource assembly.	
[2015-10-28 14:45:33.638 GMT    13	INFO   	100000	AssemblyLoader.Client	]	User assembly ignored: E:\WorkSpace\dotnet\scrapy.sscq\sscq.server\bin\Debug\fr\Microsoft.Data.Services.Client.resources.dll
	* Assembly filename indicates that it is a resource assembly.	
[2015-10-28 14:45:33.798 GMT    13	INFO   	100000	AssemblyLoader.Client	]	User assembly ignored: E:\WorkSpace\dotnet\scrapy.sscq\sscq.server\bin\Debug\fr\System.Spatial.resources.dll
	* Assembly filename indicates that it is a resource assembly.	
[2015-10-28 14:45:33.808 GMT    13	INFO   	100000	AssemblyLoader.Client	]	User assembly ignored: E:\WorkSpace\dotnet\scrapy.sscq\sscq.server\bin\Debug\it\Microsoft.Data.Edm.resources.dll
	* Assembly filename indicates that it is a resource assembly.	
[2015-10-28 14:45:33.818 GMT    13	INFO   	100000	AssemblyLoader.Client	]	User assembly ignored: E:\WorkSpace\dotnet\scrapy.sscq\sscq.server\bin\Debug\it\Microsoft.Data.OData.resources.dll
	* Assembly filename indicates that it is a resource assembly.	
[2015-10-28 14:45:33.828 GMT    13	INFO   	100000	AssemblyLoader.Client	]	User assembly ignored: E:\WorkSpace\dotnet\scrapy.sscq\sscq.server\bin\Debug\it\Microsoft.Data.Services.Client.resources.dll
	* Assembly filename indicates that it is a resource assembly.	
[2015-10-28 14:45:34.038 GMT    13	INFO   	100000	AssemblyLoader.Client	]	User assembly ignored: E:\WorkSpace\dotnet\scrapy.sscq\sscq.server\bin\Debug\it\System.Spatial.resources.dll
	* Assembly filename indicates that it is a resource assembly.	
[2015-10-28 14:45:34.058 GMT    13	INFO   	100000	AssemblyLoader.Client	]	User assembly ignored: E:\WorkSpace\dotnet\scrapy.sscq\sscq.server\bin\Debug\ja\Microsoft.Data.Edm.resources.dll
	* Assembly filename indicates that it is a resource assembly.	
[2015-10-28 14:45:34.068 GMT    13	INFO   	100000	AssemblyLoader.Client	]	User assembly ignored: E:\WorkSpace\dotnet\scrapy.sscq\sscq.server\bin\Debug\ja\Microsoft.Data.OData.resources.dll
	* Assembly filename indicates that it is a resource assembly.	
[2015-10-28 14:45:34.088 GMT    13	INFO   	100000	AssemblyLoader.Client	]	User assembly ignored: E:\WorkSpace\dotnet\scrapy.sscq\sscq.server\bin\Debug\ja\Microsoft.Data.Services.Client.resources.dll
	* Assembly filename indicates that it is a resource assembly.	
[2015-10-28 14:45:34.208 GMT    13	INFO   	100000	AssemblyLoader.Client	]	User assembly ignored: E:\WorkSpace\dotnet\scrapy.sscq\sscq.server\bin\Debug\ja\System.Spatial.resources.dll
	* Assembly filename indicates that it is a resource assembly.	
[2015-10-28 14:45:34.208 GMT    13	INFO   	100000	AssemblyLoader.Client	]	User assembly ignored: E:\WorkSpace\dotnet\scrapy.sscq\sscq.server\bin\Debug\ko\Microsoft.Data.Edm.resources.dll
	* Assembly filename indicates that it is a resource assembly.	
[2015-10-28 14:45:34.218 GMT    13	INFO   	100000	AssemblyLoader.Client	]	User assembly ignored: E:\WorkSpace\dotnet\scrapy.sscq\sscq.server\bin\Debug\ko\Microsoft.Data.OData.resources.dll
	* Assembly filename indicates that it is a resource assembly.	
[2015-10-28 14:45:34.228 GMT    13	INFO   	100000	AssemblyLoader.Client	]	User assembly ignored: E:\WorkSpace\dotnet\scrapy.sscq\sscq.server\bin\Debug\ko\Microsoft.Data.Services.Client.resources.dll
	* Assembly filename indicates that it is a resource assembly.	
[2015-10-28 14:45:34.428 GMT    13	INFO   	100000	AssemblyLoader.Client	]	User assembly ignored: E:\WorkSpace\dotnet\scrapy.sscq\sscq.server\bin\Debug\ko\System.Spatial.resources.dll
	* Assembly filename indicates that it is a resource assembly.	
[2015-10-28 14:45:34.448 GMT    13	INFO   	100000	AssemblyLoader.Client	]	User assembly ignored: E:\WorkSpace\dotnet\scrapy.sscq\sscq.server\bin\Debug\ru\Microsoft.Data.Edm.resources.dll
	* Assembly filename indicates that it is a resource assembly.	
[2015-10-28 14:45:34.458 GMT    13	INFO   	100000	AssemblyLoader.Client	]	User assembly ignored: E:\WorkSpace\dotnet\scrapy.sscq\sscq.server\bin\Debug\ru\Microsoft.Data.OData.resources.dll
	* Assembly filename indicates that it is a resource assembly.	
[2015-10-28 14:45:34.468 GMT    13	INFO   	100000	AssemblyLoader.Client	]	User assembly ignored: E:\WorkSpace\dotnet\scrapy.sscq\sscq.server\bin\Debug\ru\Microsoft.Data.Services.Client.resources.dll
	* Assembly filename indicates that it is a resource assembly.	
[2015-10-28 14:45:34.638 GMT    13	INFO   	100000	AssemblyLoader.Client	]	User assembly ignored: E:\WorkSpace\dotnet\scrapy.sscq\sscq.server\bin\Debug\ru\System.Spatial.resources.dll
	* Assembly filename indicates that it is a resource assembly.	
[2015-10-28 14:45:34.658 GMT    13	INFO   	100000	AssemblyLoader.Client	]	User assembly ignored: E:\WorkSpace\dotnet\scrapy.sscq\sscq.server\bin\Debug\zh-Hans\Microsoft.Data.Edm.resources.dll
	* Assembly filename indicates that it is a resource assembly.	
[2015-10-28 14:45:34.668 GMT    13	INFO   	100000	AssemblyLoader.Client	]	User assembly ignored: E:\WorkSpace\dotnet\scrapy.sscq\sscq.server\bin\Debug\zh-Hans\Microsoft.Data.OData.resources.dll
	* Assembly filename indicates that it is a resource assembly.	
[2015-10-28 14:45:34.678 GMT    13	INFO   	100000	AssemblyLoader.Client	]	User assembly ignored: E:\WorkSpace\dotnet\scrapy.sscq\sscq.server\bin\Debug\zh-Hans\Microsoft.Data.Services.Client.resources.dll
	* Assembly filename indicates that it is a resource assembly.	
[2015-10-28 14:45:34.828 GMT    13	INFO   	100000	AssemblyLoader.Client	]	User assembly ignored: E:\WorkSpace\dotnet\scrapy.sscq\sscq.server\bin\Debug\zh-Hans\System.Spatial.resources.dll
	* Assembly filename indicates that it is a resource assembly.	
[2015-10-28 14:45:34.848 GMT    13	INFO   	100000	AssemblyLoader.Client	]	User assembly ignored: E:\WorkSpace\dotnet\scrapy.sscq\sscq.server\bin\Debug\zh-Hant\Microsoft.Data.Edm.resources.dll
	* Assembly filename indicates that it is a resource assembly.	
[2015-10-28 14:45:34.858 GMT    13	INFO   	100000	AssemblyLoader.Client	]	User assembly ignored: E:\WorkSpace\dotnet\scrapy.sscq\sscq.server\bin\Debug\zh-Hant\Microsoft.Data.OData.resources.dll
	* Assembly filename indicates that it is a resource assembly.	
[2015-10-28 14:45:34.868 GMT    13	INFO   	100000	AssemblyLoader.Client	]	User assembly ignored: E:\WorkSpace\dotnet\scrapy.sscq\sscq.server\bin\Debug\zh-Hant\Microsoft.Data.Services.Client.resources.dll
	* Assembly filename indicates that it is a resource assembly.	
[2015-10-28 14:45:34.998 GMT    13	INFO   	100000	AssemblyLoader.Client	]	User assembly ignored: E:\WorkSpace\dotnet\scrapy.sscq\sscq.server\bin\Debug\zh-Hant\System.Spatial.resources.dll
	* Assembly filename indicates that it is a resource assembly.	
[2015-10-28 14:45:35.008 GMT    13	INFO   	100000	AssemblyLoader.Client	]	Loading assembly E:\WorkSpace\dotnet\scrapy.sscq\sscq.server\bin\Debug\OrleansAzureUtils.dll...	
[2015-10-28 14:45:35.138 GMT    13	INFO   	100000	AssemblyLoader.Client	]	Loading assembly E:\WorkSpace\dotnet\scrapy.sscq\sscq.server\bin\Debug\OrleansProviders.dll...	
[2015-10-28 14:45:35.158 GMT    13	INFO   	100000	AssemblyLoader.Client	]	2 assemblies loaded.	
[2015-10-28 14:45:35.198 GMT    13	INFO   	100313	OutsideRuntimeClient	]	---------- Initializing OutsideRuntimeClient on 2013-20150912UD at 192.168.1.103 Client Id = *cli/28a80eb5 ----------	
[2015-10-28 14:45:35.208 GMT    13	INFO   	100314	OutsideRuntimeClient	]	---------- Starting OutsideRuntimeClient with runtime Version='1.0.10.0 (Release).' Config= 
 Platform version info:
   .NET version: 4.0.30319.18444
   Is .NET 4.5=True
   OS version: Microsoft Windows NT 6.1.7601 Service Pack 1
   GC Type=Server GCLatencyMode=Interactive
   Host: 2013-20150912UD
   Processor Count: 4
Client Configuration:
   Config File Name: E:\WorkSpace\dotnet\scrapy.sscq\sscq.server\bin\Debug\DevTestClientConfiguration.xml
   Start time: 2015-10-28 14:45:35.198 GMT
   Gateway Provider: Config
   Gateways[1]:
      127.0.0.1:30000
   Preferred Gateway Index: -1
   GatewayListRefreshPeriod: 00:01:00
   Azure:
      DeploymentId: Administrator
      DataConnectionString: null
   Preferred Address Family: InterNetwork
   DNS Host Name: 2013-20150912UD
   Client Name: Client
   Tracing: 
     Default Trace Level: Info
     TraceLevelOverrides: None
     Trace to Console: True
     Trace File Name: E:\WorkSpace\dotnet\scrapy.sscq\sscq.server\bin\Debug\Client-2015-10-28-14.45.32.468Z.log
     Write Messaging Traces: False
     LargeMessageWarningThreshold: 85000
     PropagateActivityId: False
     BulkMessageLimit: 5
   Statistics: 
     MetricsTableWriteInterval: 00:00:30
     PerfCounterWriteInterval: 00:00:30
     LogWriteInterval: 00:05:00
     WriteLogStatisticsToTable: True
     StatisticsCollectionLevel: Info
   Messaging:
       Response timeout: 00:30:00
       Maximum resend count: 0
       Resend On Timeout: False
       Maximum Socket Age: 10675199.02:48:05.4775807
       Drop Expired Messages: True
       Client Sender Buckets: 8192
       Use standard (.NET) serializer: False   [NOTE: This *MUST* match the setting on the server or nothing will work!]
       Buffer Pool Buffer Size: 4096
       Buffer Pool Max Size: 10000
       Buffer Pool Preallocation Size: 250
       Use Message Batching: False
       Max Message Batching Size: 10
   Providers:
       No providers configured.
	
[2015-10-28 14:45:35.618 GMT    13	INFO   	101309	Messaging.GatewayManager	]	Found 1 knownGateways from Gateway listProvider [gwy.tcp://127.0.0.1:30000/0]	
[2015-10-28 14:45:36.918 GMT    13	INFO   	100908	Messaging.GatewayConnection/GatewayClientSender_gwy.tcp://127.0.0.1:30000/0	192.168.1.103:0]	Connected to gateway at address gwy.tcp://127.0.0.1:30000/0 on trial 0.	
[2015-10-28 14:45:36.978 GMT    37	INFO   	100000	Messaging.GatewayConnection/GatewayClientSender_gwy.tcp://127.0.0.1:30000/0	192.168.1.103:0]	Starting AsyncAgent Messaging.GatewayConnection/GatewayClientSender_gwy.tcp://127.0.0.1:30000/0 on managed thread 37	
[2015-10-28 14:45:36.978 GMT    38	INFO   	100000	Messaging.GatewayClientReceiver/gwy.tcp://127.0.0.1:30000/0	192.168.1.103:0]	Starting AsyncAgent Messaging.GatewayClientReceiver/gwy.tcp://127.0.0.1:30000/0 on managed thread 38	
[2015-10-28 14:45:37.078 GMT    13	INFO   	100929	OutsideRuntimeClient	192.168.1.103:0]	---------- Started OutsideRuntimeClient with Global Client ID: C192.168.1.103:0:-183739535*cli/28a80eb5@d55143ad, client GUID ID: *cli/28a80eb5	
