[2015-10-28 14:47:58.938 GMT     5	INFO   	100000	AssemblyLoader.Client	]	Recursively searching for assemblies in E:\WorkSpace\dotnet\scrapy.sscq\sscq.server\bin\Debug...	
[2015-10-28 14:47:58.978 GMT     5	INFO   	100000	AssemblyLoader.Client	]	User assembly ignored: E:\WorkSpace\dotnet\scrapy.sscq\sscq.server\bin\Debug\Microsoft.Data.Edm.dll
	* Assembly contains no types assignable from Orleans.Providers.IProvider.	
[2015-10-28 14:47:58.998 GMT     5	INFO   	100000	AssemblyLoader.Client	]	User assembly ignored: E:\WorkSpace\dotnet\scrapy.sscq\sscq.server\bin\Debug\Microsoft.Data.OData.dll
	* Assembly contains no types assignable from Orleans.Providers.IProvider.	
[2015-10-28 14:47:59.018 GMT     5	INFO   	100000	AssemblyLoader.Client	]	User assembly ignored: E:\WorkSpace\dotnet\scrapy.sscq\sscq.server\bin\Debug\Microsoft.Data.Services.Client.dll
	* Assembly contains no types assignable from Orleans.Providers.IProvider.	
[2015-10-28 14:47:59.018 GMT     5	INFO   	100000	AssemblyLoader.Client	]	User assembly ignored: E:\WorkSpace\dotnet\scrapy.sscq\sscq.server\bin\Debug\Microsoft.WindowsAzure.Configuration.dll
	* Assembly contains no types assignable from Orleans.Providers.IProvider.	
[2015-10-28 14:47:59.018 GMT     5	INFO   	100000	AssemblyLoader.Client	]	User assembly ignored: E:\WorkSpace\dotnet\scrapy.sscq\sscq.server\bin\Debug\Microsoft.WindowsAzure.ServiceRuntime.dll
	* Assembly contains no types assignable from Orleans.Providers.IProvider.	
[2015-10-28 14:47:59.038 GMT     5	INFO   	100000	AssemblyLoader.Client	]	User assembly ignored: E:\WorkSpace\dotnet\scrapy.sscq\sscq.server\bin\Debug\Microsoft.WindowsAzure.Storage.dll
	* Assembly contains no types assignable from Orleans.Providers.IProvider.	
[2015-10-28 14:47:59.058 GMT     5	INFO   	100000	AssemblyLoader.Client	]	User assembly ignored: E:\WorkSpace\dotnet\scrapy.sscq\sscq.server\bin\Debug\Newtonsoft.Json.dll
	* Assembly contains no types assignable from Orleans.Providers.IProvider.	
[2015-10-28 14:47:59.058 GMT     5	INFO   	100000	AssemblyLoader.Client	]	User assembly ignored: E:\WorkSpace\dotnet\scrapy.sscq\sscq.server\bin\Debug\Orleans.dll
	* Assembly filename is excluded.	
[2015-10-28 14:47:59.058 GMT     5	INFO   	100000	AssemblyLoader.Client	]	User assembly ignored: E:\WorkSpace\dotnet\scrapy.sscq\sscq.server\bin\Debug\OrleansRuntime.dll
	* Assembly filename is excluded.	
[2015-10-28 14:47:59.068 GMT     5	INFO   	100000	AssemblyLoader.Client	]	User assembly ignored: E:\WorkSpace\dotnet\scrapy.sscq\sscq.server\bin\Debug\System.Spatial.dll
	* Assembly contains no types assignable from Orleans.Providers.IProvider.	
[2015-10-28 14:47:59.068 GMT     5	INFO   	100000	AssemblyLoader.Client	]	User assembly ignored: E:\WorkSpace\dotnet\scrapy.sscq\sscq.server\bin\Debug\de\Microsoft.Data.Edm.resources.dll
	* Assembly filename indicates that it is a resource assembly.	
[2015-10-28 14:47:59.068 GMT     5	INFO   	100000	AssemblyLoader.Client	]	User assembly ignored: E:\WorkSpace\dotnet\scrapy.sscq\sscq.server\bin\Debug\de\Microsoft.Data.OData.resources.dll
	* Assembly filename indicates that it is a resource assembly.	
[2015-10-28 14:47:59.068 GMT     5	INFO   	100000	AssemblyLoader.Client	]	User assembly ignored: E:\WorkSpace\dotnet\scrapy.sscq\sscq.server\bin\Debug\de\Microsoft.Data.Services.Client.resources.dll
	* Assembly filename indicates that it is a resource assembly.	
[2015-10-28 14:47:59.068 GMT     5	INFO   	100000	AssemblyLoader.Client	]	User assembly ignored: E:\WorkSpace\dotnet\scrapy.sscq\sscq.server\bin\Debug\de\System.Spatial.resources.dll
	* Assembly filename indicates that it is a resource assembly.	
[2015-10-28 14:47:59.068 GMT     5	INFO   	100000	AssemblyLoader.Client	]	User assembly ignored: E:\WorkSpace\dotnet\scrapy.sscq\sscq.server\bin\Debug\es\Microsoft.Data.Edm.resources.dll
	* Assembly filename indicates that it is a resource assembly.	
[2015-10-28 14:47:59.068 GMT     5	INFO   	100000	AssemblyLoader.Client	]	User assembly ignored: E:\WorkSpace\dotnet\scrapy.sscq\sscq.server\bin\Debug\es\Microsoft.Data.OData.resources.dll
	* Assembly filename indicates that it is a resource assembly.	
[2015-10-28 14:47:59.068 GMT     5	INFO   	100000	AssemblyLoader.Client	]	User assembly ignored: E:\WorkSpace\dotnet\scrapy.sscq\sscq.server\bin\Debug\es\Microsoft.Data.Services.Client.resources.dll
	* Assembly filename indicates that it is a resource assembly.	
[2015-10-28 14:47:59.068 GMT     5	INFO   	100000	AssemblyLoader.Client	]	User assembly ignored: E:\WorkSpace\dotnet\scrapy.sscq\sscq.server\bin\Debug\es\System.Spatial.resources.dll
	* Assembly filename indicates that it is a resource assembly.	
[2015-10-28 14:47:59.068 GMT     5	INFO   	100000	AssemblyLoader.Client	]	User assembly ignored: E:\WorkSpace\dotnet\scrapy.sscq\sscq.server\bin\Debug\fr\Microsoft.Data.Edm.resources.dll
	* Assembly filename indicates that it is a resource assembly.	
[2015-10-28 14:47:59.068 GMT     5	INFO   	100000	AssemblyLoader.Client	]	User assembly ignored: E:\WorkSpace\dotnet\scrapy.sscq\sscq.server\bin\Debug\fr\Microsoft.Data.OData.resources.dll
	* Assembly filename indicates that it is a resource assembly.	
[2015-10-28 14:47:59.068 GMT     5	INFO   	100000	AssemblyLoader.Client	]	User assembly ignored: E:\WorkSpace\dotnet\scrapy.sscq\sscq.server\bin\Debug\fr\Microsoft.Data.Services.Client.resources.dll
	* Assembly filename indicates that it is a resource assembly.	
[2015-10-28 14:47:59.068 GMT     5	INFO   	100000	AssemblyLoader.Client	]	User assembly ignored: E:\WorkSpace\dotnet\scrapy.sscq\sscq.server\bin\Debug\fr\System.Spatial.resources.dll
	* Assembly filename indicates that it is a resource assembly.	
[2015-10-28 14:47:59.068 GMT     5	INFO   	100000	AssemblyLoader.Client	]	User assembly ignored: E:\WorkSpace\dotnet\scrapy.sscq\sscq.server\bin\Debug\it\Microsoft.Data.Edm.resources.dll
	* Assembly filename indicates that it is a resource assembly.	
[2015-10-28 14:47:59.068 GMT     5	INFO   	100000	AssemblyLoader.Client	]	User assembly ignored: E:\WorkSpace\dotnet\scrapy.sscq\sscq.server\bin\Debug\it\Microsoft.Data.OData.resources.dll
	* Assembly filename indicates that it is a resource assembly.	
[2015-10-28 14:47:59.068 GMT     5	INFO   	100000	AssemblyLoader.Client	]	User assembly ignored: E:\WorkSpace\dotnet\scrapy.sscq\sscq.server\bin\Debug\it\Microsoft.Data.Services.Client.resources.dll
	* Assembly filename indicates that it is a resource assembly.	
[2015-10-28 14:47:59.068 GMT     5	INFO   	100000	AssemblyLoader.Client	]	User assembly ignored: E:\WorkSpace\dotnet\scrapy.sscq\sscq.server\bin\Debug\it\System.Spatial.resources.dll
	* Assembly filename indicates that it is a resource assembly.	
[2015-10-28 14:47:59.068 GMT     5	INFO   	100000	AssemblyLoader.Client	]	User assembly ignored: E:\WorkSpace\dotnet\scrapy.sscq\sscq.server\bin\Debug\ja\Microsoft.Data.Edm.resources.dll
	* Assembly filename indicates that it is a resource assembly.	
[2015-10-28 14:47:59.068 GMT     5	INFO   	100000	AssemblyLoader.Client	]	User assembly ignored: E:\WorkSpace\dotnet\scrapy.sscq\sscq.server\bin\Debug\ja\Microsoft.Data.OData.resources.dll
	* Assembly filename indicates that it is a resource assembly.	
[2015-10-28 14:47:59.068 GMT     5	INFO   	100000	AssemblyLoader.Client	]	User assembly ignored: E:\WorkSpace\dotnet\scrapy.sscq\sscq.server\bin\Debug\ja\Microsoft.Data.Services.Client.resources.dll
	* Assembly filename indicates that it is a resource assembly.	
[2015-10-28 14:47:59.068 GMT     5	INFO   	100000	AssemblyLoader.Client	]	User assembly ignored: E:\WorkSpace\dotnet\scrapy.sscq\sscq.server\bin\Debug\ja\System.Spatial.resources.dll
	* Assembly filename indicates that it is a resource assembly.	
[2015-10-28 14:47:59.068 GMT     5	INFO   	100000	AssemblyLoader.Client	]	User assembly ignored: E:\WorkSpace\dotnet\scrapy.sscq\sscq.server\bin\Debug\ko\Microsoft.Data.Edm.resources.dll
	* Assembly filename indicates that it is a resource assembly.	
[2015-10-28 14:47:59.068 GMT     5	INFO   	100000	AssemblyLoader.Client	]	User assembly ignored: E:\WorkSpace\dotnet\scrapy.sscq\sscq.server\bin\Debug\ko\Microsoft.Data.OData.resources.dll
	* Assembly filename indicates that it is a resource assembly.	
[2015-10-28 14:47:59.068 GMT     5	INFO   	100000	AssemblyLoader.Client	]	User assembly ignored: E:\WorkSpace\dotnet\scrapy.sscq\sscq.server\bin\Debug\ko\Microsoft.Data.Services.Client.resources.dll
	* Assembly filename indicates that it is a resource assembly.	
[2015-10-28 14:47:59.068 GMT     5	INFO   	100000	AssemblyLoader.Client	]	User assembly ignored: E:\WorkSpace\dotnet\scrapy.sscq\sscq.server\bin\Debug\ko\System.Spatial.resources.dll
	* Assembly filename indicates that it is a resource assembly.	
[2015-10-28 14:47:59.068 GMT     5	INFO   	100000	AssemblyLoader.Client	]	User assembly ignored: E:\WorkSpace\dotnet\scrapy.sscq\sscq.server\bin\Debug\ru\Microsoft.Data.Edm.resources.dll
	* Assembly filename indicates that it is a resource assembly.	
[2015-10-28 14:47:59.068 GMT     5	INFO   	100000	AssemblyLoader.Client	]	User assembly ignored: E:\WorkSpace\dotnet\scrapy.sscq\sscq.server\bin\Debug\ru\Microsoft.Data.OData.resources.dll
	* Assembly filename indicates that it is a resource assembly.	
[2015-10-28 14:47:59.068 GMT     5	INFO   	100000	AssemblyLoader.Client	]	User assembly ignored: E:\WorkSpace\dotnet\scrapy.sscq\sscq.server\bin\Debug\ru\Microsoft.Data.Services.Client.resources.dll
	* Assembly filename indicates that it is a resource assembly.	
[2015-10-28 14:47:59.068 GMT     5	INFO   	100000	AssemblyLoader.Client	]	User assembly ignored: E:\WorkSpace\dotnet\scrapy.sscq\sscq.server\bin\Debug\ru\System.Spatial.resources.dll
	* Assembly filename indicates that it is a resource assembly.	
[2015-10-28 14:47:59.068 GMT     5	INFO   	100000	AssemblyLoader.Client	]	User assembly ignored: E:\WorkSpace\dotnet\scrapy.sscq\sscq.server\bin\Debug\zh-Hans\Microsoft.Data.Edm.resources.dll
	* Assembly filename indicates that it is a resource assembly.	
[2015-10-28 14:47:59.068 GMT     5	INFO   	100000	AssemblyLoader.Client	]	User assembly ignored: E:\WorkSpace\dotnet\scrapy.sscq\sscq.server\bin\Debug\zh-Hans\Microsoft.Data.OData.resources.dll
	* Assembly filename indicates that it is a resource assembly.	
[2015-10-28 14:47:59.068 GMT     5	INFO   	100000	AssemblyLoader.Client	]	User assembly ignored: E:\WorkSpace\dotnet\scrapy.sscq\sscq.server\bin\Debug\zh-Hans\Microsoft.Data.Services.Client.resources.dll
	* Assembly filename indicates that it is a resource assembly.	
[2015-10-28 14:47:59.068 GMT     5	INFO   	100000	AssemblyLoader.Client	]	User assembly ignored: E:\WorkSpace\dotnet\scrapy.sscq\sscq.server\bin\Debug\zh-Hans\System.Spatial.resources.dll
	* Assembly filename indicates that it is a resource assembly.	
[2015-10-28 14:47:59.068 GMT     5	INFO   	100000	AssemblyLoader.Client	]	User assembly ignored: E:\WorkSpace\dotnet\scrapy.sscq\sscq.server\bin\Debug\zh-Hant\Microsoft.Data.Edm.resources.dll
	* Assembly filename indicates that it is a resource assembly.	
[2015-10-28 14:47:59.068 GMT     5	INFO   	100000	AssemblyLoader.Client	]	User assembly ignored: E:\WorkSpace\dotnet\scrapy.sscq\sscq.server\bin\Debug\zh-Hant\Microsoft.Data.OData.resources.dll
	* Assembly filename indicates that it is a resource assembly.	
[2015-10-28 14:47:59.068 GMT     5	INFO   	100000	AssemblyLoader.Client	]	User assembly ignored: E:\WorkSpace\dotnet\scrapy.sscq\sscq.server\bin\Debug\zh-Hant\Microsoft.Data.Services.Client.resources.dll
	* Assembly filename indicates that it is a resource assembly.	
[2015-10-28 14:47:59.068 GMT     5	INFO   	100000	AssemblyLoader.Client	]	User assembly ignored: E:\WorkSpace\dotnet\scrapy.sscq\sscq.server\bin\Debug\zh-Hant\System.Spatial.resources.dll
	* Assembly filename indicates that it is a resource assembly.	
[2015-10-28 14:47:59.068 GMT     5	INFO   	100000	AssemblyLoader.Client	]	Loading assembly E:\WorkSpace\dotnet\scrapy.sscq\sscq.server\bin\Debug\OrleansAzureUtils.dll...	
[2015-10-28 14:47:59.198 GMT     5	INFO   	100000	AssemblyLoader.Client	]	Loading assembly E:\WorkSpace\dotnet\scrapy.sscq\sscq.server\bin\Debug\OrleansProviders.dll...	
[2015-10-28 14:47:59.198 GMT     5	INFO   	100000	AssemblyLoader.Client	]	2 assemblies loaded.	
[2015-10-28 14:47:59.228 GMT     5	INFO   	100313	OutsideRuntimeClient	]	---------- Initializing OutsideRuntimeClient on 2013-20150912UD at 192.168.1.103 Client Id = *cli/66955999 ----------	
[2015-10-28 14:47:59.238 GMT     5	INFO   	100314	OutsideRuntimeClient	]	---------- Starting OutsideRuntimeClient with runtime Version='1.0.10.0 (Release).' Config= 
 Platform version info:
   .NET version: 4.0.30319.18444
   Is .NET 4.5=True
   OS version: Microsoft Windows NT 6.1.7601 Service Pack 1
   GC Type=Server GCLatencyMode=Interactive
   Host: 2013-20150912UD
   Processor Count: 4
Client Configuration:
   Config File Name: E:\WorkSpace\dotnet\scrapy.sscq\sscq.server\bin\Debug\DevTestClientConfiguration.xml
   Start time: 2015-10-28 14:47:59.228 GMT
   Gateway Provider: Config
   Gateways[1]:
      127.0.0.1:30000
   Preferred Gateway Index: -1
   GatewayListRefreshPeriod: 00:01:00
   Azure:
      DeploymentId: Administrator
      DataConnectionString: null
   Preferred Address Family: InterNetwork
   DNS Host Name: 2013-20150912UD
   Client Name: Client
   Tracing: 
     Default Trace Level: Info
     TraceLevelOverrides: None
     Trace to Console: True
     Trace File Name: E:\WorkSpace\dotnet\scrapy.sscq\sscq.server\bin\Debug\Client-2015-10-28-14.47.58.478Z.log
     Write Messaging Traces: False
     LargeMessageWarningThreshold: 85000
     PropagateActivityId: False
     BulkMessageLimit: 5
   Statistics: 
     MetricsTableWriteInterval: 00:00:30
     PerfCounterWriteInterval: 00:00:30
     LogWriteInterval: 00:05:00
     WriteLogStatisticsToTable: True
     StatisticsCollectionLevel: Info
   Messaging:
       Response timeout: 00:00:30
       Maximum resend count: 0
       Resend On Timeout: False
       Maximum Socket Age: 10675199.02:48:05.4775807
       Drop Expired Messages: True
       Client Sender Buckets: 8192
       Use standard (.NET) serializer: False   [NOTE: This *MUST* match the setting on the server or nothing will work!]
       Buffer Pool Buffer Size: 4096
       Buffer Pool Max Size: 10000
       Buffer Pool Preallocation Size: 250
       Use Message Batching: False
       Max Message Batching Size: 10
   Providers:
       No providers configured.
	
[2015-10-28 14:47:59.258 GMT     5	INFO   	101309	Messaging.GatewayManager	]	Found 1 knownGateways from Gateway listProvider [gwy.tcp://127.0.0.1:30000/0]	
[2015-10-28 14:47:59.578 GMT     5	INFO   	100908	Messaging.GatewayConnection/GatewayClientSender_gwy.tcp://127.0.0.1:30000/0	192.168.1.103:0]	Connected to gateway at address gwy.tcp://127.0.0.1:30000/0 on trial 0.	
[2015-10-28 14:47:59.578 GMT    30	INFO   	100000	Messaging.GatewayClientReceiver/gwy.tcp://127.0.0.1:30000/0	192.168.1.103:0]	Starting AsyncAgent Messaging.GatewayClientReceiver/gwy.tcp://127.0.0.1:30000/0 on managed thread 30	
[2015-10-28 14:47:59.588 GMT    29	INFO   	100000	Messaging.GatewayConnection/GatewayClientSender_gwy.tcp://127.0.0.1:30000/0	192.168.1.103:0]	Starting AsyncAgent Messaging.GatewayConnection/GatewayClientSender_gwy.tcp://127.0.0.1:30000/0 on managed thread 29	
[2015-10-28 14:47:59.668 GMT     5	INFO   	100929	OutsideRuntimeClient	192.168.1.103:0]	---------- Started OutsideRuntimeClient with Global Client ID: C192.168.1.103:0:-183739679*cli/66955999@a7f8798a, client GUID ID: *cli/66955999	
[2015-10-28 14:52:59.568 GMT     5	INFO   	100704	ClientLogStatistics	192.168.1.103:0]	Statistics: ^^^
App.Requests.Latency.Average.Millis=52.000
App.Requests.LatencyHistogram.Millis=[0.8192:1.6383]=1, [52.4288:104.8575]=1, 
App.Requests.TimedOut.Current=0
App.Requests.Total.Requests.Current=2
Client.ConnectedGatewayCount=1
Messaging.Expired.AtDispatch.Current=0
Messaging.Expired.AtInvoke.Current=0
Messaging.Expired.AtReceive.Current=0
Messaging.Expired.AtRespond.Current=0
Messaging.Expired.AtSend.Current=0
Messaging.Received.BatchSize.PerSocketDirection.ClientToGateway=0.000
Messaging.Received.BatchSizeBytesHistogram.Bytes.PerSocketDirection.ClientToGateway=
Messaging.Received.Bytes.Header.Current=478
Messaging.Received.Bytes.Total.Current=1627
Messaging.Received.Direction.OneWay.Current=0
Messaging.Received.Direction.Request.Current=0
Messaging.Received.Direction.Response.Current=2
Messaging.Received.Messages.From.S127.0.0.1:30000:0.Current=2
Messaging.Received.Messages.Total.Current=2
Messaging.Received.MessageSizeHistogram.Bytes=[256:511]=1, [1024:2047]=1, 
Messaging.Rerouted.OneWay.Current=0
Messaging.Rerouted.Request.Current=0
Messaging.Rerouted.Response.Current=0
Messaging.Sent.BatchSize.PerSocketDirection.ClientToGateway=0.000
Messaging.Sent.BatchSizeBytesHistogram.Bytes.PerSocketDirection.ClientToGateway=
Messaging.Sent.Bytes.Header.Current=494
Messaging.Sent.Bytes.Total.Current=588
Messaging.Sent.Direction.OneWay.Current=0
Messaging.Sent.Direction.Request.Current=2
Messaging.Sent.Direction.Response.Current=0
Messaging.Sent.Messages.To.S127.0.0.1:30000:0.Current=2
Messaging.Sent.Messages.Total.Current=2
Messaging.Sent.MessageSizeHistogram.Bytes=[256:511]=2, 
Networking.Sockets.ClientToGateway.Duplex.Closed.Current=0
Networking.Sockets.ClientToGateway.Duplex.Opened.Current=1
Runtime.CpuUsage=2.494
Runtime.DOT.NET.ThreadPool.InUse.CompletionPortThreads=0
Runtime.DOT.NET.ThreadPool.InUse.WorkerThreads=2
Runtime.GC.AllocatedBytesInKbPerSec=0.000
Runtime.GC.GenCollectonCount=gen0=6, gen1=3, gen2=3
Runtime.GC.GenSizesKb=gen0=61247.88, gen1=3283.69, gen2=2421.63
Runtime.GC.LargeObjectHeapSizeKb=685.970
Runtime.GC.NumberOfInducedGCs=2.000
Runtime.GC.PercentOfTimeInGC=0.020
Runtime.GC.PromotedFinalizationMemoryFromGen0Kb=6.133
Runtime.GC.PromotedMemoryFromGen1Kb=0.000
Runtime.GC.TotalMemoryKb=19356
Runtime.Memory.AvailableMemoryMb=1482
Runtime.Memory.TotalPhysicalMemoryMb=4096
Runtime.Threads.AsynchAgent.Messaging.GatewayClientReceiver.Current=1
Runtime.Threads.AsynchAgent.Messaging.GatewayConnection.Current=1
Runtime.Threads.AsynchAgent.TotalThreadsCreated.Current=2
Serialization.BufferPool.AllocatedBuffers.Current=250
Serialization.BufferPool.BuffersInPool=216
Serialization.BufferPool.CheckedInBuffers.Current=256
Serialization.BufferPool.CheckedOutBuffers.Current=290
Serialization.BufferPool.DroppedBuffers.Current=0
Serialization.BufferPool.DroppedTooLargeBuffers.Current=0
Serialization.BufferPool.InUse.AllocatedAndNotInPool_Buffers=34
Serialization.BufferPool.InUse.CheckedOutAndNotCheckedIn_Buffers=34
	
[2015-10-28 14:57:59.579 GMT     5	INFO   	100704	ClientLogStatistics	192.168.1.103:0]	Statistics: ^^^
App.Requests.Latency.Average.Millis=52.000
App.Requests.LatencyHistogram.Millis=[0.8192:1.6383]=1, [52.4288:104.8575]=1, 
App.Requests.TimedOut.Current=0
App.Requests.Total.Requests.Current=2
Client.ConnectedGatewayCount=1
Messaging.Expired.AtDispatch.Current=0
Messaging.Expired.AtInvoke.Current=0
Messaging.Expired.AtReceive.Current=0
Messaging.Expired.AtRespond.Current=0
Messaging.Expired.AtSend.Current=0
Messaging.Received.BatchSize.PerSocketDirection.ClientToGateway=0.000
Messaging.Received.BatchSizeBytesHistogram.Bytes.PerSocketDirection.ClientToGateway=
Messaging.Received.Bytes.Header.Current=478
Messaging.Received.Bytes.Total.Current=1627
Messaging.Received.Direction.OneWay.Current=0
Messaging.Received.Direction.Request.Current=0
Messaging.Received.Direction.Response.Current=2
Messaging.Received.Messages.From.S127.0.0.1:30000:0.Current=2
Messaging.Received.Messages.Total.Current=2
Messaging.Received.MessageSizeHistogram.Bytes=[256:511]=1, [1024:2047]=1, 
Messaging.Rerouted.OneWay.Current=0
Messaging.Rerouted.Request.Current=0
Messaging.Rerouted.Response.Current=0
Messaging.Sent.BatchSize.PerSocketDirection.ClientToGateway=0.000
Messaging.Sent.BatchSizeBytesHistogram.Bytes.PerSocketDirection.ClientToGateway=
Messaging.Sent.Bytes.Header.Current=494
Messaging.Sent.Bytes.Total.Current=588
Messaging.Sent.Direction.OneWay.Current=0
Messaging.Sent.Direction.Request.Current=2
Messaging.Sent.Direction.Response.Current=0
Messaging.Sent.Messages.To.S127.0.0.1:30000:0.Current=2
Messaging.Sent.Messages.Total.Current=2
Messaging.Sent.MessageSizeHistogram.Bytes=[256:511]=2, 
Networking.Sockets.ClientToGateway.Duplex.Closed.Current=0
Networking.Sockets.ClientToGateway.Duplex.Opened.Current=1
Runtime.CpuUsage=2.765
Runtime.DOT.NET.ThreadPool.InUse.CompletionPortThreads=0
Runtime.DOT.NET.ThreadPool.InUse.WorkerThreads=2
Runtime.GC.AllocatedBytesInKbPerSec=0.000
Runtime.GC.GenCollectonCount=gen0=7, gen1=4, gen2=3
Runtime.GC.GenSizesKb=gen0=61247.88, gen1=3283.69, gen2=2421.63
Runtime.GC.LargeObjectHeapSizeKb=685.970
Runtime.GC.NumberOfInducedGCs=2.000
Runtime.GC.PercentOfTimeInGC=0.020
Runtime.GC.PromotedFinalizationMemoryFromGen0Kb=6.133
Runtime.GC.PromotedMemoryFromGen1Kb=0.000
Runtime.GC.TotalMemoryKb=22372
Runtime.Memory.AvailableMemoryMb=1456
Runtime.Memory.TotalPhysicalMemoryMb=4096
Runtime.Threads.AsynchAgent.Messaging.GatewayClientReceiver.Current=1
Runtime.Threads.AsynchAgent.Messaging.GatewayConnection.Current=1
Runtime.Threads.AsynchAgent.TotalThreadsCreated.Current=2
Serialization.BufferPool.AllocatedBuffers.Current=250
Serialization.BufferPool.BuffersInPool=216
Serialization.BufferPool.CheckedInBuffers.Current=256
Serialization.BufferPool.CheckedOutBuffers.Current=290
Serialization.BufferPool.DroppedBuffers.Current=0
Serialization.BufferPool.DroppedTooLargeBuffers.Current=0
Serialization.BufferPool.InUse.AllocatedAndNotInPool_Buffers=34
Serialization.BufferPool.InUse.CheckedOutAndNotCheckedIn_Buffers=34
	
[2015-10-28 15:02:59.589 GMT    32	INFO   	100704	ClientLogStatistics	192.168.1.103:0]	Statistics: ^^^
App.Requests.Latency.Average.Millis=52.000
App.Requests.LatencyHistogram.Millis=[0.8192:1.6383]=1, [52.4288:104.8575]=1, 
App.Requests.TimedOut.Current=0
App.Requests.Total.Requests.Current=2
Client.ConnectedGatewayCount=1
Messaging.Expired.AtDispatch.Current=0
Messaging.Expired.AtInvoke.Current=0
Messaging.Expired.AtReceive.Current=0
Messaging.Expired.AtRespond.Current=0
Messaging.Expired.AtSend.Current=0
Messaging.Received.BatchSize.PerSocketDirection.ClientToGateway=0.000
Messaging.Received.BatchSizeBytesHistogram.Bytes.PerSocketDirection.ClientToGateway=
Messaging.Received.Bytes.Header.Current=478
Messaging.Received.Bytes.Total.Current=1627
Messaging.Received.Direction.OneWay.Current=0
Messaging.Received.Direction.Request.Current=0
Messaging.Received.Direction.Response.Current=2
Messaging.Received.Messages.From.S127.0.0.1:30000:0.Current=2
Messaging.Received.Messages.Total.Current=2
Messaging.Received.MessageSizeHistogram.Bytes=[256:511]=1, [1024:2047]=1, 
Messaging.Rerouted.OneWay.Current=0
Messaging.Rerouted.Request.Current=0
Messaging.Rerouted.Response.Current=0
Messaging.Sent.BatchSize.PerSocketDirection.ClientToGateway=0.000
Messaging.Sent.BatchSizeBytesHistogram.Bytes.PerSocketDirection.ClientToGateway=
Messaging.Sent.Bytes.Header.Current=494
Messaging.Sent.Bytes.Total.Current=588
Messaging.Sent.Direction.OneWay.Current=0
Messaging.Sent.Direction.Request.Current=2
Messaging.Sent.Direction.Response.Current=0
Messaging.Sent.Messages.To.S127.0.0.1:30000:0.Current=2
Messaging.Sent.Messages.Total.Current=2
Messaging.Sent.MessageSizeHistogram.Bytes=[256:511]=2, 
Networking.Sockets.ClientToGateway.Duplex.Closed.Current=0
Networking.Sockets.ClientToGateway.Duplex.Opened.Current=1
Runtime.CpuUsage=3.198
Runtime.DOT.NET.ThreadPool.InUse.CompletionPortThreads=0
Runtime.DOT.NET.ThreadPool.InUse.WorkerThreads=2
Runtime.GC.AllocatedBytesInKbPerSec=331.098
Runtime.GC.GenCollectonCount=gen0=9, gen1=4, gen2=3
Runtime.GC.GenSizesKb=gen0=35838.75, gen1=41.90, gen2=5692.91
Runtime.GC.LargeObjectHeapSizeKb=686.716
Runtime.GC.NumberOfInducedGCs=2.000
Runtime.GC.PercentOfTimeInGC=0.007
Runtime.GC.PromotedFinalizationMemoryFromGen0Kb=0.000
Runtime.GC.PromotedMemoryFromGen1Kb=3271.277
Runtime.GC.TotalMemoryKb=22382
Runtime.Memory.AvailableMemoryMb=1473
Runtime.Memory.TotalPhysicalMemoryMb=4096
Runtime.Threads.AsynchAgent.Messaging.GatewayClientReceiver.Current=1
Runtime.Threads.AsynchAgent.Messaging.GatewayConnection.Current=1
Runtime.Threads.AsynchAgent.TotalThreadsCreated.Current=2
Serialization.BufferPool.AllocatedBuffers.Current=250
Serialization.BufferPool.BuffersInPool=216
Serialization.BufferPool.CheckedInBuffers.Current=256
Serialization.BufferPool.CheckedOutBuffers.Current=290
Serialization.BufferPool.DroppedBuffers.Current=0
Serialization.BufferPool.DroppedTooLargeBuffers.Current=0
Serialization.BufferPool.InUse.AllocatedAndNotInPool_Buffers=34
Serialization.BufferPool.InUse.CheckedOutAndNotCheckedIn_Buffers=34
	
[2015-10-28 15:07:59.589 GMT    28	INFO   	100704	ClientLogStatistics	192.168.1.103:0]	Statistics: ^^^
App.Requests.Latency.Average.Millis=52.000
App.Requests.LatencyHistogram.Millis=[0.8192:1.6383]=1, [52.4288:104.8575]=1, 
App.Requests.TimedOut.Current=0
App.Requests.Total.Requests.Current=2
Client.ConnectedGatewayCount=1
Messaging.Expired.AtDispatch.Current=0
Messaging.Expired.AtInvoke.Current=0
Messaging.Expired.AtReceive.Current=0
Messaging.Expired.AtRespond.Current=0
Messaging.Expired.AtSend.Current=0
Messaging.Received.BatchSize.PerSocketDirection.ClientToGateway=0.000
Messaging.Received.BatchSizeBytesHistogram.Bytes.PerSocketDirection.ClientToGateway=
Messaging.Received.Bytes.Header.Current=478
Messaging.Received.Bytes.Total.Current=1627
Messaging.Received.Direction.OneWay.Current=0
Messaging.Received.Direction.Request.Current=0
Messaging.Received.Direction.Response.Current=2
Messaging.Received.Messages.From.S127.0.0.1:30000:0.Current=2
Messaging.Received.Messages.Total.Current=2
Messaging.Received.MessageSizeHistogram.Bytes=[256:511]=1, [1024:2047]=1, 
Messaging.Rerouted.OneWay.Current=0
Messaging.Rerouted.Request.Current=0
Messaging.Rerouted.Response.Current=0
Messaging.Sent.BatchSize.PerSocketDirection.ClientToGateway=0.000
Messaging.Sent.BatchSizeBytesHistogram.Bytes.PerSocketDirection.ClientToGateway=
Messaging.Sent.Bytes.Header.Current=494
Messaging.Sent.Bytes.Total.Current=588
Messaging.Sent.Direction.OneWay.Current=0
Messaging.Sent.Direction.Request.Current=2
Messaging.Sent.Direction.Response.Current=0
Messaging.Sent.Messages.To.S127.0.0.1:30000:0.Current=2
Messaging.Sent.Messages.Total.Current=2
Messaging.Sent.MessageSizeHistogram.Bytes=[256:511]=2, 
Networking.Sockets.ClientToGateway.Duplex.Closed.Current=0
Networking.Sockets.ClientToGateway.Duplex.Opened.Current=1
Runtime.CpuUsage=2.378
Runtime.DOT.NET.ThreadPool.InUse.CompletionPortThreads=0
Runtime.DOT.NET.ThreadPool.InUse.WorkerThreads=2
Runtime.GC.AllocatedBytesInKbPerSec=120.389
Runtime.GC.GenCollectonCount=gen0=15, gen1=4, gen2=3
Runtime.GC.GenSizesKb=gen0=28452.06, gen1=51.68, gen2=5692.91
Runtime.GC.LargeObjectHeapSizeKb=686.716
Runtime.GC.NumberOfInducedGCs=2.000
Runtime.GC.PercentOfTimeInGC=0.003
Runtime.GC.PromotedFinalizationMemoryFromGen0Kb=0.000
Runtime.GC.PromotedMemoryFromGen1Kb=0.000
Runtime.GC.TotalMemoryKb=15603
Runtime.Memory.AvailableMemoryMb=1472
Runtime.Memory.TotalPhysicalMemoryMb=4096
Runtime.Threads.AsynchAgent.Messaging.GatewayClientReceiver.Current=1
Runtime.Threads.AsynchAgent.Messaging.GatewayConnection.Current=1
Runtime.Threads.AsynchAgent.TotalThreadsCreated.Current=2
Serialization.BufferPool.AllocatedBuffers.Current=250
Serialization.BufferPool.BuffersInPool=216
Serialization.BufferPool.CheckedInBuffers.Current=256
Serialization.BufferPool.CheckedOutBuffers.Current=290
Serialization.BufferPool.DroppedBuffers.Current=0
Serialization.BufferPool.DroppedTooLargeBuffers.Current=0
Serialization.BufferPool.InUse.AllocatedAndNotInPool_Buffers=34
Serialization.BufferPool.InUse.CheckedOutAndNotCheckedIn_Buffers=34
	
[2015-10-28 15:12:59.600 GMT    28	INFO   	100704	ClientLogStatistics	192.168.1.103:0]	Statistics: ^^^
App.Requests.Latency.Average.Millis=52.000
App.Requests.LatencyHistogram.Millis=[0.8192:1.6383]=1, [52.4288:104.8575]=1, 
App.Requests.TimedOut.Current=0
App.Requests.Total.Requests.Current=2
Client.ConnectedGatewayCount=1
Messaging.Expired.AtDispatch.Current=0
Messaging.Expired.AtInvoke.Current=0
Messaging.Expired.AtReceive.Current=0
Messaging.Expired.AtRespond.Current=0
Messaging.Expired.AtSend.Current=0
Messaging.Received.BatchSize.PerSocketDirection.ClientToGateway=0.000
Messaging.Received.BatchSizeBytesHistogram.Bytes.PerSocketDirection.ClientToGateway=
Messaging.Received.Bytes.Header.Current=478
Messaging.Received.Bytes.Total.Current=1627
Messaging.Received.Direction.OneWay.Current=0
Messaging.Received.Direction.Request.Current=0
Messaging.Received.Direction.Response.Current=2
Messaging.Received.Messages.From.S127.0.0.1:30000:0.Current=2
Messaging.Received.Messages.Total.Current=2
Messaging.Received.MessageSizeHistogram.Bytes=[256:511]=1, [1024:2047]=1, 
Messaging.Rerouted.OneWay.Current=0
Messaging.Rerouted.Request.Current=0
Messaging.Rerouted.Response.Current=0
Messaging.Sent.BatchSize.PerSocketDirection.ClientToGateway=0.000
Messaging.Sent.BatchSizeBytesHistogram.Bytes.PerSocketDirection.ClientToGateway=
Messaging.Sent.Bytes.Header.Current=494
Messaging.Sent.Bytes.Total.Current=588
Messaging.Sent.Direction.OneWay.Current=0
Messaging.Sent.Direction.Request.Current=2
Messaging.Sent.Direction.Response.Current=0
Messaging.Sent.Messages.To.S127.0.0.1:30000:0.Current=2
Messaging.Sent.Messages.Total.Current=2
Messaging.Sent.MessageSizeHistogram.Bytes=[256:511]=2, 
Networking.Sockets.ClientToGateway.Duplex.Closed.Current=0
Networking.Sockets.ClientToGateway.Duplex.Opened.Current=1
Runtime.CpuUsage=2.313
Runtime.DOT.NET.ThreadPool.InUse.CompletionPortThreads=0
Runtime.DOT.NET.ThreadPool.InUse.WorkerThreads=2
Runtime.GC.AllocatedBytesInKbPerSec=144.391
Runtime.GC.GenCollectonCount=gen0=23, gen1=4, gen2=3
Runtime.GC.GenSizesKb=gen0=23081.41, gen1=104.82, gen2=5692.91
Runtime.GC.LargeObjectHeapSizeKb=686.716
Runtime.GC.NumberOfInducedGCs=2.000
Runtime.GC.PercentOfTimeInGC=0.004
Runtime.GC.PromotedFinalizationMemoryFromGen0Kb=0.000
Runtime.GC.PromotedMemoryFromGen1Kb=0.000
Runtime.GC.TotalMemoryKb=11165
Runtime.Memory.AvailableMemoryMb=1468
Runtime.Memory.TotalPhysicalMemoryMb=4096
Runtime.Threads.AsynchAgent.Messaging.GatewayClientReceiver.Current=1
Runtime.Threads.AsynchAgent.Messaging.GatewayConnection.Current=1
Runtime.Threads.AsynchAgent.TotalThreadsCreated.Current=2
Serialization.BufferPool.AllocatedBuffers.Current=250
Serialization.BufferPool.BuffersInPool=216
Serialization.BufferPool.CheckedInBuffers.Current=256
Serialization.BufferPool.CheckedOutBuffers.Current=290
Serialization.BufferPool.DroppedBuffers.Current=0
Serialization.BufferPool.DroppedTooLargeBuffers.Current=0
Serialization.BufferPool.InUse.AllocatedAndNotInPool_Buffers=34
Serialization.BufferPool.InUse.CheckedOutAndNotCheckedIn_Buffers=34
	
[2015-10-28 15:17:59.620 GMT    34	INFO   	100704	ClientLogStatistics	192.168.1.103:0]	Statistics: ^^^
App.Requests.Latency.Average.Millis=52.000
App.Requests.LatencyHistogram.Millis=[0.8192:1.6383]=1, [52.4288:104.8575]=1, 
App.Requests.TimedOut.Current=0
App.Requests.Total.Requests.Current=2
Client.ConnectedGatewayCount=1
Messaging.Expired.AtDispatch.Current=0
Messaging.Expired.AtInvoke.Current=0
Messaging.Expired.AtReceive.Current=0
Messaging.Expired.AtRespond.Current=0
Messaging.Expired.AtSend.Current=0
Messaging.Received.BatchSize.PerSocketDirection.ClientToGateway=0.000
Messaging.Received.BatchSizeBytesHistogram.Bytes.PerSocketDirection.ClientToGateway=
Messaging.Received.Bytes.Header.Current=478
Messaging.Received.Bytes.Total.Current=1627
Messaging.Received.Direction.OneWay.Current=0
Messaging.Received.Direction.Request.Current=0
Messaging.Received.Direction.Response.Current=2
Messaging.Received.Messages.From.S127.0.0.1:30000:0.Current=2
Messaging.Received.Messages.Total.Current=2
Messaging.Received.MessageSizeHistogram.Bytes=[256:511]=1, [1024:2047]=1, 
Messaging.Rerouted.OneWay.Current=0
Messaging.Rerouted.Request.Current=0
Messaging.Rerouted.Response.Current=0
Messaging.Sent.BatchSize.PerSocketDirection.ClientToGateway=0.000
Messaging.Sent.BatchSizeBytesHistogram.Bytes.PerSocketDirection.ClientToGateway=
Messaging.Sent.Bytes.Header.Current=494
Messaging.Sent.Bytes.Total.Current=588
Messaging.Sent.Direction.OneWay.Current=0
Messaging.Sent.Direction.Request.Current=2
Messaging.Sent.Direction.Response.Current=0
Messaging.Sent.Messages.To.S127.0.0.1:30000:0.Current=2
Messaging.Sent.Messages.Total.Current=2
Messaging.Sent.MessageSizeHistogram.Bytes=[256:511]=2, 
Networking.Sockets.ClientToGateway.Duplex.Closed.Current=0
Networking.Sockets.ClientToGateway.Duplex.Opened.Current=1
Runtime.CpuUsage=2.294
Runtime.DOT.NET.ThreadPool.InUse.CompletionPortThreads=0
Runtime.DOT.NET.ThreadPool.InUse.WorkerThreads=2
Runtime.GC.AllocatedBytesInKbPerSec=198.368
Runtime.GC.GenCollectonCount=gen0=32, gen1=4, gen2=3
Runtime.GC.GenSizesKb=gen0=16059.22, gen1=166.87, gen2=5692.91
Runtime.GC.LargeObjectHeapSizeKb=686.716
Runtime.GC.NumberOfInducedGCs=2.000
Runtime.GC.PercentOfTimeInGC=0.004
Runtime.GC.PromotedFinalizationMemoryFromGen0Kb=0.000
Runtime.GC.PromotedMemoryFromGen1Kb=0.000
Runtime.GC.TotalMemoryKb=14753
Runtime.Memory.AvailableMemoryMb=1478
Runtime.Memory.TotalPhysicalMemoryMb=4096
Runtime.Threads.AsynchAgent.Messaging.GatewayClientReceiver.Current=1
Runtime.Threads.AsynchAgent.Messaging.GatewayConnection.Current=1
Runtime.Threads.AsynchAgent.TotalThreadsCreated.Current=2
Serialization.BufferPool.AllocatedBuffers.Current=250
Serialization.BufferPool.BuffersInPool=216
Serialization.BufferPool.CheckedInBuffers.Current=256
Serialization.BufferPool.CheckedOutBuffers.Current=290
Serialization.BufferPool.DroppedBuffers.Current=0
Serialization.BufferPool.DroppedTooLargeBuffers.Current=0
Serialization.BufferPool.InUse.AllocatedAndNotInPool_Buffers=34
Serialization.BufferPool.InUse.CheckedOutAndNotCheckedIn_Buffers=34
	
[2015-10-28 15:22:59.622 GMT    34	INFO   	100704	ClientLogStatistics	192.168.1.103:0]	Statistics: ^^^
App.Requests.Latency.Average.Millis=52.000
App.Requests.LatencyHistogram.Millis=[0.8192:1.6383]=1, [52.4288:104.8575]=1, 
App.Requests.TimedOut.Current=0
App.Requests.Total.Requests.Current=2
Client.ConnectedGatewayCount=1
Messaging.Expired.AtDispatch.Current=0
Messaging.Expired.AtInvoke.Current=0
Messaging.Expired.AtReceive.Current=0
Messaging.Expired.AtRespond.Current=0
Messaging.Expired.AtSend.Current=0
Messaging.Received.BatchSize.PerSocketDirection.ClientToGateway=0.000
Messaging.Received.BatchSizeBytesHistogram.Bytes.PerSocketDirection.ClientToGateway=
Messaging.Received.Bytes.Header.Current=478
Messaging.Received.Bytes.Total.Current=1627
Messaging.Received.Direction.OneWay.Current=0
Messaging.Received.Direction.Request.Current=0
Messaging.Received.Direction.Response.Current=2
Messaging.Received.Messages.From.S127.0.0.1:30000:0.Current=2
Messaging.Received.Messages.Total.Current=2
Messaging.Received.MessageSizeHistogram.Bytes=[256:511]=1, [1024:2047]=1, 
Messaging.Rerouted.OneWay.Current=0
Messaging.Rerouted.Request.Current=0
Messaging.Rerouted.Response.Current=0
Messaging.Sent.BatchSize.PerSocketDirection.ClientToGateway=0.000
Messaging.Sent.BatchSizeBytesHistogram.Bytes.PerSocketDirection.ClientToGateway=
Messaging.Sent.Bytes.Header.Current=494
Messaging.Sent.Bytes.Total.Current=588
Messaging.Sent.Direction.OneWay.Current=0
Messaging.Sent.Direction.Request.Current=2
Messaging.Sent.Direction.Response.Current=0
Messaging.Sent.Messages.To.S127.0.0.1:30000:0.Current=2
Messaging.Sent.Messages.Total.Current=2
Messaging.Sent.MessageSizeHistogram.Bytes=[256:511]=2, 
Networking.Sockets.ClientToGateway.Duplex.Closed.Current=0
Networking.Sockets.ClientToGateway.Duplex.Opened.Current=1
Runtime.CpuUsage=3.373
Runtime.DOT.NET.ThreadPool.InUse.CompletionPortThreads=0
Runtime.DOT.NET.ThreadPool.InUse.WorkerThreads=2
Runtime.GC.AllocatedBytesInKbPerSec=231.139
Runtime.GC.GenCollectonCount=gen0=41, gen1=4, gen2=3
Runtime.GC.GenSizesKb=gen0=7680.00, gen1=272.25, gen2=5692.91
Runtime.GC.LargeObjectHeapSizeKb=686.716
Runtime.GC.NumberOfInducedGCs=2.000
Runtime.GC.PercentOfTimeInGC=0.006
Runtime.GC.PromotedFinalizationMemoryFromGen0Kb=0.000
Runtime.GC.PromotedMemoryFromGen1Kb=0.000
Runtime.GC.TotalMemoryKb=15623
Runtime.Memory.AvailableMemoryMb=1471
Runtime.Memory.TotalPhysicalMemoryMb=4096
Runtime.Threads.AsynchAgent.Messaging.GatewayClientReceiver.Current=1
Runtime.Threads.AsynchAgent.Messaging.GatewayConnection.Current=1
Runtime.Threads.AsynchAgent.TotalThreadsCreated.Current=2
Serialization.BufferPool.AllocatedBuffers.Current=250
Serialization.BufferPool.BuffersInPool=216
Serialization.BufferPool.CheckedInBuffers.Current=256
Serialization.BufferPool.CheckedOutBuffers.Current=290
Serialization.BufferPool.DroppedBuffers.Current=0
Serialization.BufferPool.DroppedTooLargeBuffers.Current=0
Serialization.BufferPool.InUse.AllocatedAndNotInPool_Buffers=34
Serialization.BufferPool.InUse.CheckedOutAndNotCheckedIn_Buffers=34
	
[2015-10-28 15:27:59.632 GMT    32	INFO   	100704	ClientLogStatistics	192.168.1.103:0]	Statistics: ^^^
App.Requests.Latency.Average.Millis=52.000
App.Requests.LatencyHistogram.Millis=[0.8192:1.6383]=1, [52.4288:104.8575]=1, 
App.Requests.TimedOut.Current=0
App.Requests.Total.Requests.Current=2
Client.ConnectedGatewayCount=1
Messaging.Expired.AtDispatch.Current=0
Messaging.Expired.AtInvoke.Current=0
Messaging.Expired.AtReceive.Current=0
Messaging.Expired.AtRespond.Current=0
Messaging.Expired.AtSend.Current=0
Messaging.Received.BatchSize.PerSocketDirection.ClientToGateway=0.000
Messaging.Received.BatchSizeBytesHistogram.Bytes.PerSocketDirection.ClientToGateway=
Messaging.Received.Bytes.Header.Current=478
Messaging.Received.Bytes.Total.Current=1627
Messaging.Received.Direction.OneWay.Current=0
Messaging.Received.Direction.Request.Current=0
Messaging.Received.Direction.Response.Current=2
Messaging.Received.Messages.From.S127.0.0.1:30000:0.Current=2
Messaging.Received.Messages.Total.Current=2
Messaging.Received.MessageSizeHistogram.Bytes=[256:511]=1, [1024:2047]=1, 
Messaging.Rerouted.OneWay.Current=0
Messaging.Rerouted.Request.Current=0
Messaging.Rerouted.Response.Current=0
Messaging.Sent.BatchSize.PerSocketDirection.ClientToGateway=0.000
Messaging.Sent.BatchSizeBytesHistogram.Bytes.PerSocketDirection.ClientToGateway=
Messaging.Sent.Bytes.Header.Current=494
Messaging.Sent.Bytes.Total.Current=588
Messaging.Sent.Direction.OneWay.Current=0
Messaging.Sent.Direction.Request.Current=2
Messaging.Sent.Direction.Response.Current=0
Messaging.Sent.Messages.To.S127.0.0.1:30000:0.Current=2
Messaging.Sent.Messages.Total.Current=2
Messaging.Sent.MessageSizeHistogram.Bytes=[256:511]=2, 
Networking.Sockets.ClientToGateway.Duplex.Closed.Current=0
Networking.Sockets.ClientToGateway.Duplex.Opened.Current=1
Runtime.CpuUsage=2.120
Runtime.DOT.NET.ThreadPool.InUse.CompletionPortThreads=0
Runtime.DOT.NET.ThreadPool.InUse.WorkerThreads=2
Runtime.GC.AllocatedBytesInKbPerSec=192.233
Runtime.GC.GenCollectonCount=gen0=49, gen1=4, gen2=3
Runtime.GC.GenSizesKb=gen0=7680.00, gen1=444.88, gen2=5692.91
Runtime.GC.LargeObjectHeapSizeKb=686.716
Runtime.GC.NumberOfInducedGCs=2.000
Runtime.GC.PercentOfTimeInGC=0.006
Runtime.GC.PromotedFinalizationMemoryFromGen0Kb=0.000
Runtime.GC.PromotedMemoryFromGen1Kb=0.000
Runtime.GC.TotalMemoryKb=16337
Runtime.Memory.AvailableMemoryMb=1468
Runtime.Memory.TotalPhysicalMemoryMb=4096
Runtime.Threads.AsynchAgent.Messaging.GatewayClientReceiver.Current=1
Runtime.Threads.AsynchAgent.Messaging.GatewayConnection.Current=1
Runtime.Threads.AsynchAgent.TotalThreadsCreated.Current=2
Serialization.BufferPool.AllocatedBuffers.Current=250
Serialization.BufferPool.BuffersInPool=216
Serialization.BufferPool.CheckedInBuffers.Current=256
Serialization.BufferPool.CheckedOutBuffers.Current=290
Serialization.BufferPool.DroppedBuffers.Current=0
Serialization.BufferPool.DroppedTooLargeBuffers.Current=0
Serialization.BufferPool.InUse.AllocatedAndNotInPool_Buffers=34
Serialization.BufferPool.InUse.CheckedOutAndNotCheckedIn_Buffers=34
	
[2015-10-28 15:32:59.642 GMT    28	INFO   	100704	ClientLogStatistics	192.168.1.103:0]	Statistics: ^^^
App.Requests.Latency.Average.Millis=52.000
App.Requests.LatencyHistogram.Millis=[0.8192:1.6383]=1, [52.4288:104.8575]=1, 
App.Requests.TimedOut.Current=0
App.Requests.Total.Requests.Current=2
Client.ConnectedGatewayCount=1
Messaging.Expired.AtDispatch.Current=0
Messaging.Expired.AtInvoke.Current=0
Messaging.Expired.AtReceive.Current=0
Messaging.Expired.AtRespond.Current=0
Messaging.Expired.AtSend.Current=0
Messaging.Received.BatchSize.PerSocketDirection.ClientToGateway=0.000
Messaging.Received.BatchSizeBytesHistogram.Bytes.PerSocketDirection.ClientToGateway=
Messaging.Received.Bytes.Header.Current=478
Messaging.Received.Bytes.Total.Current=1627
Messaging.Received.Direction.OneWay.Current=0
Messaging.Received.Direction.Request.Current=0
Messaging.Received.Direction.Response.Current=2
Messaging.Received.Messages.From.S127.0.0.1:30000:0.Current=2
Messaging.Received.Messages.Total.Current=2
Messaging.Received.MessageSizeHistogram.Bytes=[256:511]=1, [1024:2047]=1, 
Messaging.Rerouted.OneWay.Current=0
Messaging.Rerouted.Request.Current=0
Messaging.Rerouted.Response.Current=0
Messaging.Sent.BatchSize.PerSocketDirection.ClientToGateway=0.000
Messaging.Sent.BatchSizeBytesHistogram.Bytes.PerSocketDirection.ClientToGateway=
Messaging.Sent.Bytes.Header.Current=494
Messaging.Sent.Bytes.Total.Current=588
Messaging.Sent.Direction.OneWay.Current=0
Messaging.Sent.Direction.Request.Current=2
Messaging.Sent.Direction.Response.Current=0
Messaging.Sent.Messages.To.S127.0.0.1:30000:0.Current=2
Messaging.Sent.Messages.Total.Current=2
Messaging.Sent.MessageSizeHistogram.Bytes=[256:511]=2, 
Networking.Sockets.ClientToGateway.Duplex.Closed.Current=0
Networking.Sockets.ClientToGateway.Duplex.Opened.Current=1
Runtime.CpuUsage=2.017
Runtime.DOT.NET.ThreadPool.InUse.CompletionPortThreads=0
Runtime.DOT.NET.ThreadPool.InUse.WorkerThreads=2
Runtime.GC.AllocatedBytesInKbPerSec=225.538
Runtime.GC.GenCollectonCount=gen0=57, gen1=4, gen2=3
Runtime.GC.GenSizesKb=gen0=7680.00, gen1=611.69, gen2=5692.91
Runtime.GC.LargeObjectHeapSizeKb=686.716
Runtime.GC.NumberOfInducedGCs=2.000
Runtime.GC.PercentOfTimeInGC=0.007
Runtime.GC.PromotedFinalizationMemoryFromGen0Kb=0.000
Runtime.GC.PromotedMemoryFromGen1Kb=0.000
Runtime.GC.TotalMemoryKb=14498
Runtime.Memory.AvailableMemoryMb=1476
Runtime.Memory.TotalPhysicalMemoryMb=4096
Runtime.Threads.AsynchAgent.Messaging.GatewayClientReceiver.Current=1
Runtime.Threads.AsynchAgent.Messaging.GatewayConnection.Current=1
Runtime.Threads.AsynchAgent.TotalThreadsCreated.Current=2
Serialization.BufferPool.AllocatedBuffers.Current=250
Serialization.BufferPool.BuffersInPool=216
Serialization.BufferPool.CheckedInBuffers.Current=256
Serialization.BufferPool.CheckedOutBuffers.Current=290
Serialization.BufferPool.DroppedBuffers.Current=0
Serialization.BufferPool.DroppedTooLargeBuffers.Current=0
Serialization.BufferPool.InUse.AllocatedAndNotInPool_Buffers=34
Serialization.BufferPool.InUse.CheckedOutAndNotCheckedIn_Buffers=34
	
[2015-10-28 15:37:59.643 GMT    32	INFO   	100704	ClientLogStatistics	192.168.1.103:0]	Statistics: ^^^
App.Requests.Latency.Average.Millis=52.000
App.Requests.LatencyHistogram.Millis=[0.8192:1.6383]=1, [52.4288:104.8575]=1, 
App.Requests.TimedOut.Current=0
App.Requests.Total.Requests.Current=2
Client.ConnectedGatewayCount=1
Messaging.Expired.AtDispatch.Current=0
Messaging.Expired.AtInvoke.Current=0
Messaging.Expired.AtReceive.Current=0
Messaging.Expired.AtRespond.Current=0
Messaging.Expired.AtSend.Current=0
Messaging.Received.BatchSize.PerSocketDirection.ClientToGateway=0.000
Messaging.Received.BatchSizeBytesHistogram.Bytes.PerSocketDirection.ClientToGateway=
Messaging.Received.Bytes.Header.Current=478
Messaging.Received.Bytes.Total.Current=1627
Messaging.Received.Direction.OneWay.Current=0
Messaging.Received.Direction.Request.Current=0
Messaging.Received.Direction.Response.Current=2
Messaging.Received.Messages.From.S127.0.0.1:30000:0.Current=2
Messaging.Received.Messages.Total.Current=2
Messaging.Received.MessageSizeHistogram.Bytes=[256:511]=1, [1024:2047]=1, 
Messaging.Rerouted.OneWay.Current=0
Messaging.Rerouted.Request.Current=0
Messaging.Rerouted.Response.Current=0
Messaging.Sent.BatchSize.PerSocketDirection.ClientToGateway=0.000
Messaging.Sent.BatchSizeBytesHistogram.Bytes.PerSocketDirection.ClientToGateway=
Messaging.Sent.Bytes.Header.Current=494
Messaging.Sent.Bytes.Total.Current=588
Messaging.Sent.Direction.OneWay.Current=0
Messaging.Sent.Direction.Request.Current=2
Messaging.Sent.Direction.Response.Current=0
Messaging.Sent.Messages.To.S127.0.0.1:30000:0.Current=2
Messaging.Sent.Messages.Total.Current=2
Messaging.Sent.MessageSizeHistogram.Bytes=[256:511]=2, 
Networking.Sockets.ClientToGateway.Duplex.Closed.Current=0
Networking.Sockets.ClientToGateway.Duplex.Opened.Current=1
Runtime.CpuUsage=2.102
Runtime.DOT.NET.ThreadPool.InUse.CompletionPortThreads=0
Runtime.DOT.NET.ThreadPool.InUse.WorkerThreads=2
Runtime.GC.AllocatedBytesInKbPerSec=197.898
Runtime.GC.GenCollectonCount=gen0=65, gen1=4, gen2=3
Runtime.GC.GenSizesKb=gen0=7680.00, gen1=745.58, gen2=5692.91
Runtime.GC.LargeObjectHeapSizeKb=686.716
Runtime.GC.NumberOfInducedGCs=2.000
Runtime.GC.PercentOfTimeInGC=0.008
Runtime.GC.PromotedFinalizationMemoryFromGen0Kb=0.000
Runtime.GC.PromotedMemoryFromGen1Kb=0.000
Runtime.GC.TotalMemoryKb=17716
Runtime.Memory.AvailableMemoryMb=1475
Runtime.Memory.TotalPhysicalMemoryMb=4096
Runtime.Threads.AsynchAgent.Messaging.GatewayClientReceiver.Current=1
Runtime.Threads.AsynchAgent.Messaging.GatewayConnection.Current=1
Runtime.Threads.AsynchAgent.TotalThreadsCreated.Current=2
Serialization.BufferPool.AllocatedBuffers.Current=250
Serialization.BufferPool.BuffersInPool=216
Serialization.BufferPool.CheckedInBuffers.Current=256
Serialization.BufferPool.CheckedOutBuffers.Current=290
Serialization.BufferPool.DroppedBuffers.Current=0
Serialization.BufferPool.DroppedTooLargeBuffers.Current=0
Serialization.BufferPool.InUse.AllocatedAndNotInPool_Buffers=34
Serialization.BufferPool.InUse.CheckedOutAndNotCheckedIn_Buffers=34
	
[2015-10-28 15:42:59.643 GMT     5	INFO   	100704	ClientLogStatistics	192.168.1.103:0]	Statistics: ^^^
App.Requests.Latency.Average.Millis=52.000
App.Requests.LatencyHistogram.Millis=[0.8192:1.6383]=1, [52.4288:104.8575]=1, 
App.Requests.TimedOut.Current=0
App.Requests.Total.Requests.Current=2
Client.ConnectedGatewayCount=1
Messaging.Expired.AtDispatch.Current=0
Messaging.Expired.AtInvoke.Current=0
Messaging.Expired.AtReceive.Current=0
Messaging.Expired.AtRespond.Current=0
Messaging.Expired.AtSend.Current=0
Messaging.Received.BatchSize.PerSocketDirection.ClientToGateway=0.000
Messaging.Received.BatchSizeBytesHistogram.Bytes.PerSocketDirection.ClientToGateway=
Messaging.Received.Bytes.Header.Current=478
Messaging.Received.Bytes.Total.Current=1627
Messaging.Received.Direction.OneWay.Current=0
Messaging.Received.Direction.Request.Current=0
Messaging.Received.Direction.Response.Current=2
Messaging.Received.Messages.From.S127.0.0.1:30000:0.Current=2
Messaging.Received.Messages.Total.Current=2
Messaging.Received.MessageSizeHistogram.Bytes=[256:511]=1, [1024:2047]=1, 
Messaging.Rerouted.OneWay.Current=0
Messaging.Rerouted.Request.Current=0
Messaging.Rerouted.Response.Current=0
Messaging.Sent.BatchSize.PerSocketDirection.ClientToGateway=0.000
Messaging.Sent.BatchSizeBytesHistogram.Bytes.PerSocketDirection.ClientToGateway=
Messaging.Sent.Bytes.Header.Current=494
Messaging.Sent.Bytes.Total.Current=588
Messaging.Sent.Direction.OneWay.Current=0
Messaging.Sent.Direction.Request.Current=2
Messaging.Sent.Direction.Response.Current=0
Messaging.Sent.Messages.To.S127.0.0.1:30000:0.Current=2
Messaging.Sent.Messages.Total.Current=2
Messaging.Sent.MessageSizeHistogram.Bytes=[256:511]=2, 
Networking.Sockets.ClientToGateway.Duplex.Closed.Current=0
Networking.Sockets.ClientToGateway.Duplex.Opened.Current=1
Runtime.CpuUsage=2.472
Runtime.DOT.NET.ThreadPool.InUse.CompletionPortThreads=0
Runtime.DOT.NET.ThreadPool.InUse.WorkerThreads=2
Runtime.GC.AllocatedBytesInKbPerSec=198.038
Runtime.GC.GenCollectonCount=gen0=74, gen1=4, gen2=3
Runtime.GC.GenSizesKb=gen0=7680.00, gen1=1011.59, gen2=5692.91
Runtime.GC.LargeObjectHeapSizeKb=686.716
Runtime.GC.NumberOfInducedGCs=2.000
Runtime.GC.PercentOfTimeInGC=0.010
Runtime.GC.PromotedFinalizationMemoryFromGen0Kb=0.000
Runtime.GC.PromotedMemoryFromGen1Kb=0.000
Runtime.GC.TotalMemoryKb=16919
Runtime.Memory.AvailableMemoryMb=1481
Runtime.Memory.TotalPhysicalMemoryMb=4096
Runtime.Threads.AsynchAgent.Messaging.GatewayClientReceiver.Current=1
Runtime.Threads.AsynchAgent.Messaging.GatewayConnection.Current=1
Runtime.Threads.AsynchAgent.TotalThreadsCreated.Current=2
Serialization.BufferPool.AllocatedBuffers.Current=250
Serialization.BufferPool.BuffersInPool=216
Serialization.BufferPool.CheckedInBuffers.Current=256
Serialization.BufferPool.CheckedOutBuffers.Current=290
Serialization.BufferPool.DroppedBuffers.Current=0
Serialization.BufferPool.DroppedTooLargeBuffers.Current=0
Serialization.BufferPool.InUse.AllocatedAndNotInPool_Buffers=34
Serialization.BufferPool.InUse.CheckedOutAndNotCheckedIn_Buffers=34
	
[2015-10-28 15:47:59.694 GMT    32	INFO   	100704	ClientLogStatistics	192.168.1.103:0]	Statistics: ^^^
App.Requests.Latency.Average.Millis=52.000
App.Requests.LatencyHistogram.Millis=[0.8192:1.6383]=1, [52.4288:104.8575]=1, 
App.Requests.TimedOut.Current=0
App.Requests.Total.Requests.Current=2
Client.ConnectedGatewayCount=1
Messaging.Expired.AtDispatch.Current=0
Messaging.Expired.AtInvoke.Current=0
Messaging.Expired.AtReceive.Current=0
Messaging.Expired.AtRespond.Current=0
Messaging.Expired.AtSend.Current=0
Messaging.Received.BatchSize.PerSocketDirection.ClientToGateway=0.000
Messaging.Received.BatchSizeBytesHistogram.Bytes.PerSocketDirection.ClientToGateway=
Messaging.Received.Bytes.Header.Current=478
Messaging.Received.Bytes.Total.Current=1627
Messaging.Received.Direction.OneWay.Current=0
Messaging.Received.Direction.Request.Current=0
Messaging.Received.Direction.Response.Current=2
Messaging.Received.Messages.From.S127.0.0.1:30000:0.Current=2
Messaging.Received.Messages.Total.Current=2
Messaging.Received.MessageSizeHistogram.Bytes=[256:511]=1, [1024:2047]=1, 
Messaging.Rerouted.OneWay.Current=0
Messaging.Rerouted.Request.Current=0
Messaging.Rerouted.Response.Current=0
Messaging.Sent.BatchSize.PerSocketDirection.ClientToGateway=0.000
Messaging.Sent.BatchSizeBytesHistogram.Bytes.PerSocketDirection.ClientToGateway=
Messaging.Sent.Bytes.Header.Current=494
Messaging.Sent.Bytes.Total.Current=588
Messaging.Sent.Direction.OneWay.Current=0
Messaging.Sent.Direction.Request.Current=2
Messaging.Sent.Direction.Response.Current=0
Messaging.Sent.Messages.To.S127.0.0.1:30000:0.Current=2
Messaging.Sent.Messages.Total.Current=2
Messaging.Sent.MessageSizeHistogram.Bytes=[256:511]=2, 
Networking.Sockets.ClientToGateway.Duplex.Closed.Current=0
Networking.Sockets.ClientToGateway.Duplex.Opened.Current=1
Runtime.CpuUsage=2.338
Runtime.DOT.NET.ThreadPool.InUse.CompletionPortThreads=0
Runtime.DOT.NET.ThreadPool.InUse.WorkerThreads=2
Runtime.GC.AllocatedBytesInKbPerSec=229.257
Runtime.GC.GenCollectonCount=gen0=83, gen1=4, gen2=3
Runtime.GC.GenSizesKb=gen0=7680.00, gen1=1282.40, gen2=5692.91
Runtime.GC.LargeObjectHeapSizeKb=686.716
Runtime.GC.NumberOfInducedGCs=2.000
Runtime.GC.PercentOfTimeInGC=0.008
Runtime.GC.PromotedFinalizationMemoryFromGen0Kb=0.000
Runtime.GC.PromotedMemoryFromGen1Kb=0.000
Runtime.GC.TotalMemoryKb=12968
Runtime.Memory.AvailableMemoryMb=1478
Runtime.Memory.TotalPhysicalMemoryMb=4096
Runtime.Threads.AsynchAgent.Messaging.GatewayClientReceiver.Current=1
Runtime.Threads.AsynchAgent.Messaging.GatewayConnection.Current=1
Runtime.Threads.AsynchAgent.TotalThreadsCreated.Current=2
Serialization.BufferPool.AllocatedBuffers.Current=250
Serialization.BufferPool.BuffersInPool=216
Serialization.BufferPool.CheckedInBuffers.Current=256
Serialization.BufferPool.CheckedOutBuffers.Current=290
Serialization.BufferPool.DroppedBuffers.Current=0
Serialization.BufferPool.DroppedTooLargeBuffers.Current=0
Serialization.BufferPool.InUse.AllocatedAndNotInPool_Buffers=34
Serialization.BufferPool.InUse.CheckedOutAndNotCheckedIn_Buffers=34
	
[2015-10-28 15:52:59.713 GMT     5	INFO   	100704	ClientLogStatistics	192.168.1.103:0]	Statistics: ^^^
App.Requests.Latency.Average.Millis=52.000
App.Requests.LatencyHistogram.Millis=[0.8192:1.6383]=1, [52.4288:104.8575]=1, 
App.Requests.TimedOut.Current=0
App.Requests.Total.Requests.Current=2
Client.ConnectedGatewayCount=1
Messaging.Expired.AtDispatch.Current=0
Messaging.Expired.AtInvoke.Current=0
Messaging.Expired.AtReceive.Current=0
Messaging.Expired.AtRespond.Current=0
Messaging.Expired.AtSend.Current=0
Messaging.Received.BatchSize.PerSocketDirection.ClientToGateway=0.000
Messaging.Received.BatchSizeBytesHistogram.Bytes.PerSocketDirection.ClientToGateway=
Messaging.Received.Bytes.Header.Current=478
Messaging.Received.Bytes.Total.Current=1627
Messaging.Received.Direction.OneWay.Current=0
Messaging.Received.Direction.Request.Current=0
Messaging.Received.Direction.Response.Current=2
Messaging.Received.Messages.From.S127.0.0.1:30000:0.Current=2
Messaging.Received.Messages.Total.Current=2
Messaging.Received.MessageSizeHistogram.Bytes=[256:511]=1, [1024:2047]=1, 
Messaging.Rerouted.OneWay.Current=0
Messaging.Rerouted.Request.Current=0
Messaging.Rerouted.Response.Current=0
Messaging.Sent.BatchSize.PerSocketDirection.ClientToGateway=0.000
Messaging.Sent.BatchSizeBytesHistogram.Bytes.PerSocketDirection.ClientToGateway=
Messaging.Sent.Bytes.Header.Current=494
Messaging.Sent.Bytes.Total.Current=588
Messaging.Sent.Direction.OneWay.Current=0
Messaging.Sent.Direction.Request.Current=2
Messaging.Sent.Direction.Response.Current=0
Messaging.Sent.Messages.To.S127.0.0.1:30000:0.Current=2
Messaging.Sent.Messages.Total.Current=2
Messaging.Sent.MessageSizeHistogram.Bytes=[256:511]=2, 
Networking.Sockets.ClientToGateway.Duplex.Closed.Current=0
Networking.Sockets.ClientToGateway.Duplex.Opened.Current=1
Runtime.CpuUsage=11.193
Runtime.DOT.NET.ThreadPool.InUse.CompletionPortThreads=0
Runtime.DOT.NET.ThreadPool.InUse.WorkerThreads=2
Runtime.GC.AllocatedBytesInKbPerSec=180.948
Runtime.GC.GenCollectonCount=gen0=90, gen1=4, gen2=3
Runtime.GC.GenSizesKb=gen0=7680.00, gen1=1471.59, gen2=5692.91
Runtime.GC.LargeObjectHeapSizeKb=686.716
Runtime.GC.NumberOfInducedGCs=2.000
Runtime.GC.PercentOfTimeInGC=0.006
Runtime.GC.PromotedFinalizationMemoryFromGen0Kb=0.000
Runtime.GC.PromotedMemoryFromGen1Kb=0.000
Runtime.GC.TotalMemoryKb=13003
Runtime.Memory.AvailableMemoryMb=1439
Runtime.Memory.TotalPhysicalMemoryMb=4096
Runtime.Threads.AsynchAgent.Messaging.GatewayClientReceiver.Current=1
Runtime.Threads.AsynchAgent.Messaging.GatewayConnection.Current=1
Runtime.Threads.AsynchAgent.TotalThreadsCreated.Current=2
Serialization.BufferPool.AllocatedBuffers.Current=250
Serialization.BufferPool.BuffersInPool=216
Serialization.BufferPool.CheckedInBuffers.Current=256
Serialization.BufferPool.CheckedOutBuffers.Current=290
Serialization.BufferPool.DroppedBuffers.Current=0
Serialization.BufferPool.DroppedTooLargeBuffers.Current=0
Serialization.BufferPool.InUse.AllocatedAndNotInPool_Buffers=34
Serialization.BufferPool.InUse.CheckedOutAndNotCheckedIn_Buffers=34
	
[2015-10-28 15:57:59.713 GMT    32	INFO   	100704	ClientLogStatistics	192.168.1.103:0]	Statistics: ^^^
App.Requests.Latency.Average.Millis=52.000
App.Requests.LatencyHistogram.Millis=[0.8192:1.6383]=1, [52.4288:104.8575]=1, 
App.Requests.TimedOut.Current=0
App.Requests.Total.Requests.Current=2
Client.ConnectedGatewayCount=1
Messaging.Expired.AtDispatch.Current=0
Messaging.Expired.AtInvoke.Current=0
Messaging.Expired.AtReceive.Current=0
Messaging.Expired.AtRespond.Current=0
Messaging.Expired.AtSend.Current=0
Messaging.Received.BatchSize.PerSocketDirection.ClientToGateway=0.000
Messaging.Received.BatchSizeBytesHistogram.Bytes.PerSocketDirection.ClientToGateway=
Messaging.Received.Bytes.Header.Current=478
Messaging.Received.Bytes.Total.Current=1627
Messaging.Received.Direction.OneWay.Current=0
Messaging.Received.Direction.Request.Current=0
Messaging.Received.Direction.Response.Current=2
Messaging.Received.Messages.From.S127.0.0.1:30000:0.Current=2
Messaging.Received.Messages.Total.Current=2
Messaging.Received.MessageSizeHistogram.Bytes=[256:511]=1, [1024:2047]=1, 
Messaging.Rerouted.OneWay.Current=0
Messaging.Rerouted.Request.Current=0
Messaging.Rerouted.Response.Current=0
Messaging.Sent.BatchSize.PerSocketDirection.ClientToGateway=0.000
Messaging.Sent.BatchSizeBytesHistogram.Bytes.PerSocketDirection.ClientToGateway=
Messaging.Sent.Bytes.Header.Current=494
Messaging.Sent.Bytes.Total.Current=588
Messaging.Sent.Direction.OneWay.Current=0
Messaging.Sent.Direction.Request.Current=2
Messaging.Sent.Direction.Response.Current=0
Messaging.Sent.Messages.To.S127.0.0.1:30000:0.Current=2
Messaging.Sent.Messages.Total.Current=2
Messaging.Sent.MessageSizeHistogram.Bytes=[256:511]=2, 
Networking.Sockets.ClientToGateway.Duplex.Closed.Current=0
Networking.Sockets.ClientToGateway.Duplex.Opened.Current=1
Runtime.CpuUsage=11.042
Runtime.DOT.NET.ThreadPool.InUse.CompletionPortThreads=0
Runtime.DOT.NET.ThreadPool.InUse.WorkerThreads=2
Runtime.GC.AllocatedBytesInKbPerSec=222.665
Runtime.GC.GenCollectonCount=gen0=98, gen1=4, gen2=3
Runtime.GC.GenSizesKb=gen0=7680.00, gen1=1679.00, gen2=5692.91
Runtime.GC.LargeObjectHeapSizeKb=686.716
Runtime.GC.NumberOfInducedGCs=2.000
Runtime.GC.PercentOfTimeInGC=0.004
Runtime.GC.PromotedFinalizationMemoryFromGen0Kb=0.000
Runtime.GC.PromotedMemoryFromGen1Kb=0.000
Runtime.GC.TotalMemoryKb=12728
Runtime.Memory.AvailableMemoryMb=1381
Runtime.Memory.TotalPhysicalMemoryMb=4096
Runtime.Threads.AsynchAgent.Messaging.GatewayClientReceiver.Current=1
Runtime.Threads.AsynchAgent.Messaging.GatewayConnection.Current=1
Runtime.Threads.AsynchAgent.TotalThreadsCreated.Current=2
Serialization.BufferPool.AllocatedBuffers.Current=250
Serialization.BufferPool.BuffersInPool=216
Serialization.BufferPool.CheckedInBuffers.Current=256
Serialization.BufferPool.CheckedOutBuffers.Current=290
Serialization.BufferPool.DroppedBuffers.Current=0
Serialization.BufferPool.DroppedTooLargeBuffers.Current=0
Serialization.BufferPool.InUse.AllocatedAndNotInPool_Buffers=34
Serialization.BufferPool.InUse.CheckedOutAndNotCheckedIn_Buffers=34
	
