[2015-11-16 15:01:25.785 GMT     6	INFO   	100000	AssemblyLoader.Client	]	Recursively searching for assemblies in E:\WorkSpace\dotnet\scrapy.sscq\sscq.services\bin\Debug...	
[2015-11-16 15:01:26.075 GMT     6	INFO   	100000	AssemblyLoader.Client	]	User assembly ignored: E:\WorkSpace\dotnet\scrapy.sscq\sscq.services\bin\Debug\Microsoft.Data.Edm.dll
	* Assembly contains no types assignable from Orleans.Providers.IProvider.	
[2015-11-16 15:01:26.095 GMT     6	INFO   	100000	AssemblyLoader.Client	]	User assembly ignored: E:\WorkSpace\dotnet\scrapy.sscq\sscq.services\bin\Debug\Microsoft.Data.OData.dll
	* Assembly contains no types assignable from Orleans.Providers.IProvider.	
[2015-11-16 15:01:26.105 GMT     6	INFO   	100000	AssemblyLoader.Client	]	User assembly ignored: E:\WorkSpace\dotnet\scrapy.sscq\sscq.services\bin\Debug\Microsoft.Data.Services.Client.dll
	* Assembly contains no types assignable from Orleans.Providers.IProvider.	
[2015-11-16 15:01:26.105 GMT     6	INFO   	100000	AssemblyLoader.Client	]	User assembly ignored: E:\WorkSpace\dotnet\scrapy.sscq\sscq.services\bin\Debug\Microsoft.WindowsAzure.Configuration.dll
	* Assembly contains no types assignable from Orleans.Providers.IProvider.	
[2015-11-16 15:01:26.115 GMT     6	INFO   	100000	AssemblyLoader.Client	]	User assembly ignored: E:\WorkSpace\dotnet\scrapy.sscq\sscq.services\bin\Debug\Microsoft.WindowsAzure.ServiceRuntime.dll
	* Assembly contains no types assignable from Orleans.Providers.IProvider.	
[2015-11-16 15:01:26.135 GMT     6	INFO   	100000	AssemblyLoader.Client	]	User assembly ignored: E:\WorkSpace\dotnet\scrapy.sscq\sscq.services\bin\Debug\Microsoft.WindowsAzure.Storage.dll
	* Assembly contains no types assignable from Orleans.Providers.IProvider.	
[2015-11-16 15:01:26.145 GMT     6	INFO   	100000	AssemblyLoader.Client	]	User assembly ignored: E:\WorkSpace\dotnet\scrapy.sscq\sscq.services\bin\Debug\Newtonsoft.Json.dll
	* Assembly contains no types assignable from Orleans.Providers.IProvider.	
[2015-11-16 15:01:26.145 GMT     6	INFO   	100000	AssemblyLoader.Client	]	User assembly ignored: E:\WorkSpace\dotnet\scrapy.sscq\sscq.services\bin\Debug\Orleans.dll
	* Assembly filename is excluded.	
[2015-11-16 15:01:26.155 GMT     6	INFO   	100000	AssemblyLoader.Client	]	User assembly ignored: E:\WorkSpace\dotnet\scrapy.sscq\sscq.services\bin\Debug\OrleansRuntime.dll
	* Assembly filename is excluded.	
[2015-11-16 15:01:26.155 GMT     6	INFO   	100000	AssemblyLoader.Client	]	User assembly ignored: E:\WorkSpace\dotnet\scrapy.sscq\sscq.services\bin\Debug\sscq.interfaces.dll
	* Assembly contains no types assignable from Orleans.Providers.IProvider.	
[2015-11-16 15:01:26.155 GMT     6	INFO   	100000	AssemblyLoader.Client	]	User assembly ignored: E:\WorkSpace\dotnet\scrapy.sscq\sscq.services\bin\Debug\System.Spatial.dll
	* Assembly contains no types assignable from Orleans.Providers.IProvider.	
[2015-11-16 15:01:26.155 GMT     6	INFO   	100000	AssemblyLoader.Client	]	User assembly ignored: E:\WorkSpace\dotnet\scrapy.sscq\sscq.services\bin\Debug\de\Microsoft.Data.Edm.resources.dll
	* Assembly filename indicates that it is a resource assembly.	
[2015-11-16 15:01:26.155 GMT     6	INFO   	100000	AssemblyLoader.Client	]	User assembly ignored: E:\WorkSpace\dotnet\scrapy.sscq\sscq.services\bin\Debug\de\Microsoft.Data.OData.resources.dll
	* Assembly filename indicates that it is a resource assembly.	
[2015-11-16 15:01:26.155 GMT     6	INFO   	100000	AssemblyLoader.Client	]	User assembly ignored: E:\WorkSpace\dotnet\scrapy.sscq\sscq.services\bin\Debug\de\Microsoft.Data.Services.Client.resources.dll
	* Assembly filename indicates that it is a resource assembly.	
[2015-11-16 15:01:26.155 GMT     6	INFO   	100000	AssemblyLoader.Client	]	User assembly ignored: E:\WorkSpace\dotnet\scrapy.sscq\sscq.services\bin\Debug\de\System.Spatial.resources.dll
	* Assembly filename indicates that it is a resource assembly.	
[2015-11-16 15:01:26.155 GMT     6	INFO   	100000	AssemblyLoader.Client	]	User assembly ignored: E:\WorkSpace\dotnet\scrapy.sscq\sscq.services\bin\Debug\es\Microsoft.Data.Edm.resources.dll
	* Assembly filename indicates that it is a resource assembly.	
[2015-11-16 15:01:26.155 GMT     6	INFO   	100000	AssemblyLoader.Client	]	User assembly ignored: E:\WorkSpace\dotnet\scrapy.sscq\sscq.services\bin\Debug\es\Microsoft.Data.OData.resources.dll
	* Assembly filename indicates that it is a resource assembly.	
[2015-11-16 15:01:26.155 GMT     6	INFO   	100000	AssemblyLoader.Client	]	User assembly ignored: E:\WorkSpace\dotnet\scrapy.sscq\sscq.services\bin\Debug\es\Microsoft.Data.Services.Client.resources.dll
	* Assembly filename indicates that it is a resource assembly.	
[2015-11-16 15:01:26.155 GMT     6	INFO   	100000	AssemblyLoader.Client	]	User assembly ignored: E:\WorkSpace\dotnet\scrapy.sscq\sscq.services\bin\Debug\es\System.Spatial.resources.dll
	* Assembly filename indicates that it is a resource assembly.	
[2015-11-16 15:01:26.165 GMT     6	INFO   	100000	AssemblyLoader.Client	]	User assembly ignored: E:\WorkSpace\dotnet\scrapy.sscq\sscq.services\bin\Debug\fr\Microsoft.Data.Edm.resources.dll
	* Assembly filename indicates that it is a resource assembly.	
[2015-11-16 15:01:26.165 GMT     6	INFO   	100000	AssemblyLoader.Client	]	User assembly ignored: E:\WorkSpace\dotnet\scrapy.sscq\sscq.services\bin\Debug\fr\Microsoft.Data.OData.resources.dll
	* Assembly filename indicates that it is a resource assembly.	
[2015-11-16 15:01:26.165 GMT     6	INFO   	100000	AssemblyLoader.Client	]	User assembly ignored: E:\WorkSpace\dotnet\scrapy.sscq\sscq.services\bin\Debug\fr\Microsoft.Data.Services.Client.resources.dll
	* Assembly filename indicates that it is a resource assembly.	
[2015-11-16 15:01:26.165 GMT     6	INFO   	100000	AssemblyLoader.Client	]	User assembly ignored: E:\WorkSpace\dotnet\scrapy.sscq\sscq.services\bin\Debug\fr\System.Spatial.resources.dll
	* Assembly filename indicates that it is a resource assembly.	
[2015-11-16 15:01:26.165 GMT     6	INFO   	100000	AssemblyLoader.Client	]	User assembly ignored: E:\WorkSpace\dotnet\scrapy.sscq\sscq.services\bin\Debug\it\Microsoft.Data.Edm.resources.dll
	* Assembly filename indicates that it is a resource assembly.	
[2015-11-16 15:01:26.165 GMT     6	INFO   	100000	AssemblyLoader.Client	]	User assembly ignored: E:\WorkSpace\dotnet\scrapy.sscq\sscq.services\bin\Debug\it\Microsoft.Data.OData.resources.dll
	* Assembly filename indicates that it is a resource assembly.	
[2015-11-16 15:01:26.165 GMT     6	INFO   	100000	AssemblyLoader.Client	]	User assembly ignored: E:\WorkSpace\dotnet\scrapy.sscq\sscq.services\bin\Debug\it\Microsoft.Data.Services.Client.resources.dll
	* Assembly filename indicates that it is a resource assembly.	
[2015-11-16 15:01:26.165 GMT     6	INFO   	100000	AssemblyLoader.Client	]	User assembly ignored: E:\WorkSpace\dotnet\scrapy.sscq\sscq.services\bin\Debug\it\System.Spatial.resources.dll
	* Assembly filename indicates that it is a resource assembly.	
[2015-11-16 15:01:26.165 GMT     6	INFO   	100000	AssemblyLoader.Client	]	User assembly ignored: E:\WorkSpace\dotnet\scrapy.sscq\sscq.services\bin\Debug\ja\Microsoft.Data.Edm.resources.dll
	* Assembly filename indicates that it is a resource assembly.	
[2015-11-16 15:01:26.165 GMT     6	INFO   	100000	AssemblyLoader.Client	]	User assembly ignored: E:\WorkSpace\dotnet\scrapy.sscq\sscq.services\bin\Debug\ja\Microsoft.Data.OData.resources.dll
	* Assembly filename indicates that it is a resource assembly.	
[2015-11-16 15:01:26.165 GMT     6	INFO   	100000	AssemblyLoader.Client	]	User assembly ignored: E:\WorkSpace\dotnet\scrapy.sscq\sscq.services\bin\Debug\ja\Microsoft.Data.Services.Client.resources.dll
	* Assembly filename indicates that it is a resource assembly.	
[2015-11-16 15:01:26.165 GMT     6	INFO   	100000	AssemblyLoader.Client	]	User assembly ignored: E:\WorkSpace\dotnet\scrapy.sscq\sscq.services\bin\Debug\ja\System.Spatial.resources.dll
	* Assembly filename indicates that it is a resource assembly.	
[2015-11-16 15:01:26.165 GMT     6	INFO   	100000	AssemblyLoader.Client	]	User assembly ignored: E:\WorkSpace\dotnet\scrapy.sscq\sscq.services\bin\Debug\ko\Microsoft.Data.Edm.resources.dll
	* Assembly filename indicates that it is a resource assembly.	
[2015-11-16 15:01:26.165 GMT     6	INFO   	100000	AssemblyLoader.Client	]	User assembly ignored: E:\WorkSpace\dotnet\scrapy.sscq\sscq.services\bin\Debug\ko\Microsoft.Data.OData.resources.dll
	* Assembly filename indicates that it is a resource assembly.	
[2015-11-16 15:01:26.165 GMT     6	INFO   	100000	AssemblyLoader.Client	]	User assembly ignored: E:\WorkSpace\dotnet\scrapy.sscq\sscq.services\bin\Debug\ko\Microsoft.Data.Services.Client.resources.dll
	* Assembly filename indicates that it is a resource assembly.	
[2015-11-16 15:01:26.165 GMT     6	INFO   	100000	AssemblyLoader.Client	]	User assembly ignored: E:\WorkSpace\dotnet\scrapy.sscq\sscq.services\bin\Debug\ko\System.Spatial.resources.dll
	* Assembly filename indicates that it is a resource assembly.	
[2015-11-16 15:01:26.165 GMT     6	INFO   	100000	AssemblyLoader.Client	]	User assembly ignored: E:\WorkSpace\dotnet\scrapy.sscq\sscq.services\bin\Debug\ru\Microsoft.Data.Edm.resources.dll
	* Assembly filename indicates that it is a resource assembly.	
[2015-11-16 15:01:26.165 GMT     6	INFO   	100000	AssemblyLoader.Client	]	User assembly ignored: E:\WorkSpace\dotnet\scrapy.sscq\sscq.services\bin\Debug\ru\Microsoft.Data.OData.resources.dll
	* Assembly filename indicates that it is a resource assembly.	
[2015-11-16 15:01:26.165 GMT     6	INFO   	100000	AssemblyLoader.Client	]	User assembly ignored: E:\WorkSpace\dotnet\scrapy.sscq\sscq.services\bin\Debug\ru\Microsoft.Data.Services.Client.resources.dll
	* Assembly filename indicates that it is a resource assembly.	
[2015-11-16 15:01:26.165 GMT     6	INFO   	100000	AssemblyLoader.Client	]	User assembly ignored: E:\WorkSpace\dotnet\scrapy.sscq\sscq.services\bin\Debug\ru\System.Spatial.resources.dll
	* Assembly filename indicates that it is a resource assembly.	
[2015-11-16 15:01:26.165 GMT     6	INFO   	100000	AssemblyLoader.Client	]	User assembly ignored: E:\WorkSpace\dotnet\scrapy.sscq\sscq.services\bin\Debug\zh-Hans\Microsoft.Data.Edm.resources.dll
	* Assembly filename indicates that it is a resource assembly.	
[2015-11-16 15:01:26.165 GMT     6	INFO   	100000	AssemblyLoader.Client	]	User assembly ignored: E:\WorkSpace\dotnet\scrapy.sscq\sscq.services\bin\Debug\zh-Hans\Microsoft.Data.OData.resources.dll
	* Assembly filename indicates that it is a resource assembly.	
[2015-11-16 15:01:26.165 GMT     6	INFO   	100000	AssemblyLoader.Client	]	User assembly ignored: E:\WorkSpace\dotnet\scrapy.sscq\sscq.services\bin\Debug\zh-Hans\Microsoft.Data.Services.Client.resources.dll
	* Assembly filename indicates that it is a resource assembly.	
[2015-11-16 15:01:26.165 GMT     6	INFO   	100000	AssemblyLoader.Client	]	User assembly ignored: E:\WorkSpace\dotnet\scrapy.sscq\sscq.services\bin\Debug\zh-Hans\System.Spatial.resources.dll
	* Assembly filename indicates that it is a resource assembly.	
[2015-11-16 15:01:26.165 GMT     6	INFO   	100000	AssemblyLoader.Client	]	User assembly ignored: E:\WorkSpace\dotnet\scrapy.sscq\sscq.services\bin\Debug\zh-Hant\Microsoft.Data.Edm.resources.dll
	* Assembly filename indicates that it is a resource assembly.	
[2015-11-16 15:01:26.165 GMT     6	INFO   	100000	AssemblyLoader.Client	]	User assembly ignored: E:\WorkSpace\dotnet\scrapy.sscq\sscq.services\bin\Debug\zh-Hant\Microsoft.Data.OData.resources.dll
	* Assembly filename indicates that it is a resource assembly.	
[2015-11-16 15:01:26.165 GMT     6	INFO   	100000	AssemblyLoader.Client	]	User assembly ignored: E:\WorkSpace\dotnet\scrapy.sscq\sscq.services\bin\Debug\zh-Hant\Microsoft.Data.Services.Client.resources.dll
	* Assembly filename indicates that it is a resource assembly.	
[2015-11-16 15:01:26.165 GMT     6	INFO   	100000	AssemblyLoader.Client	]	User assembly ignored: E:\WorkSpace\dotnet\scrapy.sscq\sscq.services\bin\Debug\zh-Hant\System.Spatial.resources.dll
	* Assembly filename indicates that it is a resource assembly.	
[2015-11-16 15:01:26.165 GMT     6	INFO   	100000	AssemblyLoader.Client	]	Loading assembly E:\WorkSpace\dotnet\scrapy.sscq\sscq.services\bin\Debug\OrleansAzureUtils.dll...	
[2015-11-16 15:01:26.265 GMT     6	INFO   	100000	AssemblyLoader.Client	]	Loading assembly E:\WorkSpace\dotnet\scrapy.sscq\sscq.services\bin\Debug\OrleansProviders.dll...	
[2015-11-16 15:01:26.265 GMT     6	INFO   	100000	AssemblyLoader.Client	]	2 assemblies loaded.	
[2015-11-16 15:01:26.305 GMT     6	INFO   	100313	OutsideRuntimeClient	]	---------- Initializing OutsideRuntimeClient on 2013-20150912UD at 192.168.1.103 Client Id = *cli/1a16d2bf ----------	
[2015-11-16 15:01:26.325 GMT     6	INFO   	100314	OutsideRuntimeClient	]	---------- Starting OutsideRuntimeClient with runtime Version='1.0.10.0 (Release).' Config= 
 Platform version info:
   .NET version: 4.0.30319.18444
   Is .NET 4.5=True
   OS version: Microsoft Windows NT 6.1.7601 Service Pack 1
   GC Type=Server GCLatencyMode=Interactive
   Host: 2013-20150912UD
   Processor Count: 4
Client Configuration:
   Config File Name: E:\WorkSpace\dotnet\scrapy.sscq\sscq.services\bin\Debug\DevTestClientConfiguration.xml
   Start time: 2015-11-16 15:01:26.315 GMT
   Gateway Provider: Config
   Gateways[1]:
      127.0.0.1:30000
   Preferred Gateway Index: -1
   GatewayListRefreshPeriod: 00:01:00
   Azure:
      DeploymentId: Administrator
      DataConnectionString: null
   Preferred Address Family: InterNetwork
   DNS Host Name: 2013-20150912UD
   Client Name: Client
   Tracing: 
     Default Trace Level: Info
     TraceLevelOverrides: None
     Trace to Console: True
     Trace File Name: E:\WorkSpace\dotnet\scrapy.sscq\sscq.services\bin\Debug\Client-2015-11-16-15.01.25.245Z.log
     Write Messaging Traces: False
     LargeMessageWarningThreshold: 85000
     PropagateActivityId: False
     BulkMessageLimit: 5
   Statistics: 
     MetricsTableWriteInterval: 00:00:30
     PerfCounterWriteInterval: 00:00:30
     LogWriteInterval: 00:05:00
     WriteLogStatisticsToTable: False
     StatisticsCollectionLevel: Info
   Messaging:
       Response timeout: 00:00:30
       Maximum resend count: 0
       Resend On Timeout: False
       Maximum Socket Age: 10675199.02:48:05.4775807
       Drop Expired Messages: True
       Client Sender Buckets: 8192
       Use standard (.NET) serializer: False   [NOTE: This *MUST* match the setting on the server or nothing will work!]
       Buffer Pool Buffer Size: 4096
       Buffer Pool Max Size: 10000
       Buffer Pool Preallocation Size: 250
       Use Message Batching: False
       Max Message Batching Size: 10
   Providers:
       No providers configured.
	
[2015-11-16 15:01:26.365 GMT     6	INFO   	101309	Messaging.GatewayManager	]	Found 1 knownGateways from Gateway listProvider [gwy.tcp://127.0.0.1:30000/0]	
[2015-11-16 15:01:27.745 GMT     6	INFO   	100908	Messaging.GatewayConnection/GatewayClientSender_gwy.tcp://127.0.0.1:30000/0	192.168.1.103:0]	Connected to gateway at address gwy.tcp://127.0.0.1:30000/0 on trial 0.	
[2015-11-16 15:01:27.755 GMT    27	INFO   	100000	Messaging.GatewayClientReceiver/gwy.tcp://127.0.0.1:30000/0	192.168.1.103:0]	Starting AsyncAgent Messaging.GatewayClientReceiver/gwy.tcp://127.0.0.1:30000/0 on managed thread 27	
[2015-11-16 15:01:27.755 GMT    26	INFO   	100000	Messaging.GatewayConnection/GatewayClientSender_gwy.tcp://127.0.0.1:30000/0	192.168.1.103:0]	Starting AsyncAgent Messaging.GatewayConnection/GatewayClientSender_gwy.tcp://127.0.0.1:30000/0 on managed thread 26	
[2015-11-16 15:01:27.865 GMT     6	INFO   	100929	OutsideRuntimeClient	192.168.1.103:0]	---------- Started OutsideRuntimeClient with Global Client ID: C192.168.1.103:0:-185382086*cli/1a16d2bf@938a5593, client GUID ID: *cli/1a16d2bf	
[2015-11-16 15:06:27.755 GMT    31	INFO   	100704	ClientLogStatistics	192.168.1.103:0]	Statistics: ^^^
App.Requests.Latency.Average.Millis=65.000
App.Requests.LatencyHistogram.Millis=[3.2768:6.5535]=1, [104.8576:209.7151]=1, 
App.Requests.TimedOut.Current=0
App.Requests.Total.Requests.Current=2
Client.ConnectedGatewayCount=1
Messaging.Expired.AtDispatch.Current=0
Messaging.Expired.AtInvoke.Current=0
Messaging.Expired.AtReceive.Current=0
Messaging.Expired.AtRespond.Current=0
Messaging.Expired.AtSend.Current=0
Messaging.Received.BatchSize.PerSocketDirection.ClientToGateway=0.000
Messaging.Received.BatchSizeBytesHistogram.Bytes.PerSocketDirection.ClientToGateway=
Messaging.Received.Bytes.Header.Current=478
Messaging.Received.Bytes.Total.Current=1823
Messaging.Received.Direction.OneWay.Current=0
Messaging.Received.Direction.Request.Current=0
Messaging.Received.Direction.Response.Current=2
Messaging.Received.Messages.From.S127.0.0.1:30000:0.Current=2
Messaging.Received.Messages.Total.Current=2
Messaging.Received.MessageSizeHistogram.Bytes=[256:511]=1, [1024:2047]=1, 
Messaging.Rerouted.OneWay.Current=0
Messaging.Rerouted.Request.Current=0
Messaging.Rerouted.Response.Current=0
Messaging.Sent.BatchSize.PerSocketDirection.ClientToGateway=0.000
Messaging.Sent.BatchSizeBytesHistogram.Bytes.PerSocketDirection.ClientToGateway=
Messaging.Sent.Bytes.Header.Current=494
Messaging.Sent.Bytes.Total.Current=588
Messaging.Sent.Direction.OneWay.Current=0
Messaging.Sent.Direction.Request.Current=2
Messaging.Sent.Direction.Response.Current=0
Messaging.Sent.Messages.To.S127.0.0.1:30000:0.Current=2
Messaging.Sent.Messages.Total.Current=2
Messaging.Sent.MessageSizeHistogram.Bytes=[256:511]=2, 
Networking.Sockets.ClientToGateway.Duplex.Closed.Current=0
Networking.Sockets.ClientToGateway.Duplex.Opened.Current=1
Runtime.CpuUsage=13.643
Runtime.DOT.NET.ThreadPool.InUse.CompletionPortThreads=0
Runtime.DOT.NET.ThreadPool.InUse.WorkerThreads=2
Runtime.GC.AllocatedBytesInKbPerSec=0.000
Runtime.GC.GenCollectonCount=gen0=5, gen1=3, gen2=3
Runtime.GC.GenSizesKb=gen0=52928.72, gen1=3346.19, gen2=2449.41
Runtime.GC.LargeObjectHeapSizeKb=639.139
Runtime.GC.NumberOfInducedGCs=2.000
Runtime.GC.PercentOfTimeInGC=0.000
Runtime.GC.PromotedFinalizationMemoryFromGen0Kb=5.199
Runtime.GC.PromotedMemoryFromGen1Kb=925.231
Runtime.GC.TotalMemoryKb=19648
Runtime.Memory.AvailableMemoryMb=1389
Runtime.Memory.TotalPhysicalMemoryMb=4096
Runtime.Threads.AsynchAgent.Messaging.GatewayClientReceiver.Current=1
Runtime.Threads.AsynchAgent.Messaging.GatewayConnection.Current=1
Runtime.Threads.AsynchAgent.TotalThreadsCreated.Current=2
Serialization.BufferPool.AllocatedBuffers.Current=250
Serialization.BufferPool.BuffersInPool=216
Serialization.BufferPool.CheckedInBuffers.Current=256
Serialization.BufferPool.CheckedOutBuffers.Current=290
Serialization.BufferPool.DroppedBuffers.Current=0
Serialization.BufferPool.DroppedTooLargeBuffers.Current=0
Serialization.BufferPool.InUse.AllocatedAndNotInPool_Buffers=34
Serialization.BufferPool.InUse.CheckedOutAndNotCheckedIn_Buffers=34
	
[2015-11-16 15:11:27.754 GMT    31	INFO   	100704	ClientLogStatistics	192.168.1.103:0]	Statistics: ^^^
App.Requests.Latency.Average.Millis=65.000
App.Requests.LatencyHistogram.Millis=[3.2768:6.5535]=1, [104.8576:209.7151]=1, 
App.Requests.TimedOut.Current=0
App.Requests.Total.Requests.Current=2
Client.ConnectedGatewayCount=1
Messaging.Expired.AtDispatch.Current=0
Messaging.Expired.AtInvoke.Current=0
Messaging.Expired.AtReceive.Current=0
Messaging.Expired.AtRespond.Current=0
Messaging.Expired.AtSend.Current=0
Messaging.Received.BatchSize.PerSocketDirection.ClientToGateway=0.000
Messaging.Received.BatchSizeBytesHistogram.Bytes.PerSocketDirection.ClientToGateway=
Messaging.Received.Bytes.Header.Current=478
Messaging.Received.Bytes.Total.Current=1823
Messaging.Received.Direction.OneWay.Current=0
Messaging.Received.Direction.Request.Current=0
Messaging.Received.Direction.Response.Current=2
Messaging.Received.Messages.From.S127.0.0.1:30000:0.Current=2
Messaging.Received.Messages.Total.Current=2
Messaging.Received.MessageSizeHistogram.Bytes=[256:511]=1, [1024:2047]=1, 
Messaging.Rerouted.OneWay.Current=0
Messaging.Rerouted.Request.Current=0
Messaging.Rerouted.Response.Current=0
Messaging.Sent.BatchSize.PerSocketDirection.ClientToGateway=0.000
Messaging.Sent.BatchSizeBytesHistogram.Bytes.PerSocketDirection.ClientToGateway=
Messaging.Sent.Bytes.Header.Current=494
Messaging.Sent.Bytes.Total.Current=588
Messaging.Sent.Direction.OneWay.Current=0
Messaging.Sent.Direction.Request.Current=2
Messaging.Sent.Direction.Response.Current=0
Messaging.Sent.Messages.To.S127.0.0.1:30000:0.Current=2
Messaging.Sent.Messages.Total.Current=2
Messaging.Sent.MessageSizeHistogram.Bytes=[256:511]=2, 
Networking.Sockets.ClientToGateway.Duplex.Closed.Current=0
Networking.Sockets.ClientToGateway.Duplex.Opened.Current=1
Runtime.CpuUsage=14.496
Runtime.DOT.NET.ThreadPool.InUse.CompletionPortThreads=0
Runtime.DOT.NET.ThreadPool.InUse.WorkerThreads=2
Runtime.GC.AllocatedBytesInKbPerSec=156.590
Runtime.GC.GenCollectonCount=gen0=6, gen1=3, gen2=3
Runtime.GC.GenSizesKb=gen0=40338.56, gen1=3346.19, gen2=2449.41
Runtime.GC.LargeObjectHeapSizeKb=639.139
Runtime.GC.NumberOfInducedGCs=2.000
Runtime.GC.PercentOfTimeInGC=0.004
Runtime.GC.PromotedFinalizationMemoryFromGen0Kb=0.000
Runtime.GC.PromotedMemoryFromGen1Kb=0.000
Runtime.GC.TotalMemoryKb=16974
Runtime.Memory.AvailableMemoryMb=1416
Runtime.Memory.TotalPhysicalMemoryMb=4096
Runtime.Threads.AsynchAgent.Messaging.GatewayClientReceiver.Current=1
Runtime.Threads.AsynchAgent.Messaging.GatewayConnection.Current=1
Runtime.Threads.AsynchAgent.TotalThreadsCreated.Current=2
Serialization.BufferPool.AllocatedBuffers.Current=250
Serialization.BufferPool.BuffersInPool=216
Serialization.BufferPool.CheckedInBuffers.Current=256
Serialization.BufferPool.CheckedOutBuffers.Current=290
Serialization.BufferPool.DroppedBuffers.Current=0
Serialization.BufferPool.DroppedTooLargeBuffers.Current=0
Serialization.BufferPool.InUse.AllocatedAndNotInPool_Buffers=34
Serialization.BufferPool.InUse.CheckedOutAndNotCheckedIn_Buffers=34
	
[2015-11-16 15:16:27.776 GMT    24	INFO   	100704	ClientLogStatistics	192.168.1.103:0]	Statistics: ^^^
App.Requests.Latency.Average.Millis=65.000
App.Requests.LatencyHistogram.Millis=[3.2768:6.5535]=1, [104.8576:209.7151]=1, 
App.Requests.TimedOut.Current=0
App.Requests.Total.Requests.Current=2
Client.ConnectedGatewayCount=1
Messaging.Expired.AtDispatch.Current=0
Messaging.Expired.AtInvoke.Current=0
Messaging.Expired.AtReceive.Current=0
Messaging.Expired.AtRespond.Current=0
Messaging.Expired.AtSend.Current=0
Messaging.Received.BatchSize.PerSocketDirection.ClientToGateway=0.000
Messaging.Received.BatchSizeBytesHistogram.Bytes.PerSocketDirection.ClientToGateway=
Messaging.Received.Bytes.Header.Current=478
Messaging.Received.Bytes.Total.Current=1823
Messaging.Received.Direction.OneWay.Current=0
Messaging.Received.Direction.Request.Current=0
Messaging.Received.Direction.Response.Current=2
Messaging.Received.Messages.From.S127.0.0.1:30000:0.Current=2
Messaging.Received.Messages.Total.Current=2
Messaging.Received.MessageSizeHistogram.Bytes=[256:511]=1, [1024:2047]=1, 
Messaging.Rerouted.OneWay.Current=0
Messaging.Rerouted.Request.Current=0
Messaging.Rerouted.Response.Current=0
Messaging.Sent.BatchSize.PerSocketDirection.ClientToGateway=0.000
Messaging.Sent.BatchSizeBytesHistogram.Bytes.PerSocketDirection.ClientToGateway=
Messaging.Sent.Bytes.Header.Current=494
Messaging.Sent.Bytes.Total.Current=588
Messaging.Sent.Direction.OneWay.Current=0
Messaging.Sent.Direction.Request.Current=2
Messaging.Sent.Direction.Response.Current=0
Messaging.Sent.Messages.To.S127.0.0.1:30000:0.Current=2
Messaging.Sent.Messages.Total.Current=2
Messaging.Sent.MessageSizeHistogram.Bytes=[256:511]=2, 
Networking.Sockets.ClientToGateway.Duplex.Closed.Current=0
Networking.Sockets.ClientToGateway.Duplex.Opened.Current=1
Runtime.CpuUsage=14.922
Runtime.DOT.NET.ThreadPool.InUse.CompletionPortThreads=0
Runtime.DOT.NET.ThreadPool.InUse.WorkerThreads=2
Runtime.GC.AllocatedBytesInKbPerSec=122.630
Runtime.GC.GenCollectonCount=gen0=7, gen1=4, gen2=3
Runtime.GC.GenSizesKb=gen0=31296.00, gen1=69.29, gen2=5450.20
Runtime.GC.LargeObjectHeapSizeKb=639.139
Runtime.GC.NumberOfInducedGCs=2.000
Runtime.GC.PercentOfTimeInGC=0.009
Runtime.GC.PromotedFinalizationMemoryFromGen0Kb=0.043
Runtime.GC.PromotedMemoryFromGen1Kb=3313.305
Runtime.GC.TotalMemoryKb=24463
Runtime.Memory.AvailableMemoryMb=1414
Runtime.Memory.TotalPhysicalMemoryMb=4096
Runtime.Threads.AsynchAgent.Messaging.GatewayClientReceiver.Current=1
Runtime.Threads.AsynchAgent.Messaging.GatewayConnection.Current=1
Runtime.Threads.AsynchAgent.TotalThreadsCreated.Current=2
Serialization.BufferPool.AllocatedBuffers.Current=250
Serialization.BufferPool.BuffersInPool=216
Serialization.BufferPool.CheckedInBuffers.Current=256
Serialization.BufferPool.CheckedOutBuffers.Current=290
Serialization.BufferPool.DroppedBuffers.Current=0
Serialization.BufferPool.DroppedTooLargeBuffers.Current=0
Serialization.BufferPool.InUse.AllocatedAndNotInPool_Buffers=34
Serialization.BufferPool.InUse.CheckedOutAndNotCheckedIn_Buffers=34
	
[2015-11-16 15:21:27.828 GMT    31	INFO   	100704	ClientLogStatistics	192.168.1.103:0]	Statistics: ^^^
App.Requests.Latency.Average.Millis=65.000
App.Requests.LatencyHistogram.Millis=[3.2768:6.5535]=1, [104.8576:209.7151]=1, 
App.Requests.TimedOut.Current=0
App.Requests.Total.Requests.Current=2
Client.ConnectedGatewayCount=1
Messaging.Expired.AtDispatch.Current=0
Messaging.Expired.AtInvoke.Current=0
Messaging.Expired.AtReceive.Current=0
Messaging.Expired.AtRespond.Current=0
Messaging.Expired.AtSend.Current=0
Messaging.Received.BatchSize.PerSocketDirection.ClientToGateway=0.000
Messaging.Received.BatchSizeBytesHistogram.Bytes.PerSocketDirection.ClientToGateway=
Messaging.Received.Bytes.Header.Current=478
Messaging.Received.Bytes.Total.Current=1823
Messaging.Received.Direction.OneWay.Current=0
Messaging.Received.Direction.Request.Current=0
Messaging.Received.Direction.Response.Current=2
Messaging.Received.Messages.From.S127.0.0.1:30000:0.Current=2
Messaging.Received.Messages.Total.Current=2
Messaging.Received.MessageSizeHistogram.Bytes=[256:511]=1, [1024:2047]=1, 
Messaging.Rerouted.OneWay.Current=0
Messaging.Rerouted.Request.Current=0
Messaging.Rerouted.Response.Current=0
Messaging.Sent.BatchSize.PerSocketDirection.ClientToGateway=0.000
Messaging.Sent.BatchSizeBytesHistogram.Bytes.PerSocketDirection.ClientToGateway=
Messaging.Sent.Bytes.Header.Current=494
Messaging.Sent.Bytes.Total.Current=588
Messaging.Sent.Direction.OneWay.Current=0
Messaging.Sent.Direction.Request.Current=2
Messaging.Sent.Direction.Response.Current=0
Messaging.Sent.Messages.To.S127.0.0.1:30000:0.Current=2
Messaging.Sent.Messages.Total.Current=2
Messaging.Sent.MessageSizeHistogram.Bytes=[256:511]=2, 
Networking.Sockets.ClientToGateway.Duplex.Closed.Current=0
Networking.Sockets.ClientToGateway.Duplex.Opened.Current=1
Runtime.CpuUsage=20.659
Runtime.DOT.NET.ThreadPool.InUse.CompletionPortThreads=0
Runtime.DOT.NET.ThreadPool.InUse.WorkerThreads=2
Runtime.GC.AllocatedBytesInKbPerSec=193.025
Runtime.GC.GenCollectonCount=gen0=10, gen1=4, gen2=3
Runtime.GC.GenSizesKb=gen0=21318.98, gen1=276.20, gen2=5450.20
Runtime.GC.LargeObjectHeapSizeKb=639.139
Runtime.GC.NumberOfInducedGCs=2.000
Runtime.GC.PercentOfTimeInGC=0.002
Runtime.GC.PromotedFinalizationMemoryFromGen0Kb=0.000
Runtime.GC.PromotedMemoryFromGen1Kb=0.000
Runtime.GC.TotalMemoryKb=12769
Runtime.Memory.AvailableMemoryMb=1364
Runtime.Memory.TotalPhysicalMemoryMb=4096
Runtime.Threads.AsynchAgent.Messaging.GatewayClientReceiver.Current=1
Runtime.Threads.AsynchAgent.Messaging.GatewayConnection.Current=1
Runtime.Threads.AsynchAgent.TotalThreadsCreated.Current=2
Serialization.BufferPool.AllocatedBuffers.Current=250
Serialization.BufferPool.BuffersInPool=216
Serialization.BufferPool.CheckedInBuffers.Current=256
Serialization.BufferPool.CheckedOutBuffers.Current=290
Serialization.BufferPool.DroppedBuffers.Current=0
Serialization.BufferPool.DroppedTooLargeBuffers.Current=0
Serialization.BufferPool.InUse.AllocatedAndNotInPool_Buffers=34
Serialization.BufferPool.InUse.CheckedOutAndNotCheckedIn_Buffers=34
	
[2015-11-16 15:26:27.834 GMT    31	INFO   	100704	ClientLogStatistics	192.168.1.103:0]	Statistics: ^^^
App.Requests.Latency.Average.Millis=65.000
App.Requests.LatencyHistogram.Millis=[3.2768:6.5535]=1, [104.8576:209.7151]=1, 
App.Requests.TimedOut.Current=0
App.Requests.Total.Requests.Current=2
Client.ConnectedGatewayCount=1
Messaging.Expired.AtDispatch.Current=0
Messaging.Expired.AtInvoke.Current=0
Messaging.Expired.AtReceive.Current=0
Messaging.Expired.AtRespond.Current=0
Messaging.Expired.AtSend.Current=0
Messaging.Received.BatchSize.PerSocketDirection.ClientToGateway=0.000
Messaging.Received.BatchSizeBytesHistogram.Bytes.PerSocketDirection.ClientToGateway=
Messaging.Received.Bytes.Header.Current=478
Messaging.Received.Bytes.Total.Current=1823
Messaging.Received.Direction.OneWay.Current=0
Messaging.Received.Direction.Request.Current=0
Messaging.Received.Direction.Response.Current=2
Messaging.Received.Messages.From.S127.0.0.1:30000:0.Current=2
Messaging.Received.Messages.Total.Current=2
Messaging.Received.MessageSizeHistogram.Bytes=[256:511]=1, [1024:2047]=1, 
Messaging.Rerouted.OneWay.Current=0
Messaging.Rerouted.Request.Current=0
Messaging.Rerouted.Response.Current=0
Messaging.Sent.BatchSize.PerSocketDirection.ClientToGateway=0.000
Messaging.Sent.BatchSizeBytesHistogram.Bytes.PerSocketDirection.ClientToGateway=
Messaging.Sent.Bytes.Header.Current=494
Messaging.Sent.Bytes.Total.Current=588
Messaging.Sent.Direction.OneWay.Current=0
Messaging.Sent.Direction.Request.Current=2
Messaging.Sent.Direction.Response.Current=0
Messaging.Sent.Messages.To.S127.0.0.1:30000:0.Current=2
Messaging.Sent.Messages.Total.Current=2
Messaging.Sent.MessageSizeHistogram.Bytes=[256:511]=2, 
Networking.Sockets.ClientToGateway.Duplex.Closed.Current=0
Networking.Sockets.ClientToGateway.Duplex.Opened.Current=1
Runtime.CpuUsage=13.425
Runtime.DOT.NET.ThreadPool.InUse.CompletionPortThreads=0
Runtime.DOT.NET.ThreadPool.InUse.WorkerThreads=2
Runtime.GC.AllocatedBytesInKbPerSec=117.102
Runtime.GC.GenCollectonCount=gen0=12, gen1=4, gen2=3
Runtime.GC.GenSizesKb=gen0=16242.48, gen1=291.82, gen2=5450.20
Runtime.GC.LargeObjectHeapSizeKb=639.139
Runtime.GC.NumberOfInducedGCs=2.000
Runtime.GC.PercentOfTimeInGC=0.003
Runtime.GC.PromotedFinalizationMemoryFromGen0Kb=0.000
Runtime.GC.PromotedMemoryFromGen1Kb=0.000
Runtime.GC.TotalMemoryKb=22178
Runtime.Memory.AvailableMemoryMb=1376
Runtime.Memory.TotalPhysicalMemoryMb=4096
Runtime.Threads.AsynchAgent.Messaging.GatewayClientReceiver.Current=1
Runtime.Threads.AsynchAgent.Messaging.GatewayConnection.Current=1
Runtime.Threads.AsynchAgent.TotalThreadsCreated.Current=2
Serialization.BufferPool.AllocatedBuffers.Current=250
Serialization.BufferPool.BuffersInPool=216
Serialization.BufferPool.CheckedInBuffers.Current=256
Serialization.BufferPool.CheckedOutBuffers.Current=290
Serialization.BufferPool.DroppedBuffers.Current=0
Serialization.BufferPool.DroppedTooLargeBuffers.Current=0
Serialization.BufferPool.InUse.AllocatedAndNotInPool_Buffers=34
Serialization.BufferPool.InUse.CheckedOutAndNotCheckedIn_Buffers=34
	
[2015-11-16 15:31:27.874 GMT    31	INFO   	100704	ClientLogStatistics	192.168.1.103:0]	Statistics: ^^^
App.Requests.Latency.Average.Millis=65.000
App.Requests.LatencyHistogram.Millis=[3.2768:6.5535]=1, [104.8576:209.7151]=1, 
App.Requests.TimedOut.Current=0
App.Requests.Total.Requests.Current=2
Client.ConnectedGatewayCount=1
Messaging.Expired.AtDispatch.Current=0
Messaging.Expired.AtInvoke.Current=0
Messaging.Expired.AtReceive.Current=0
Messaging.Expired.AtRespond.Current=0
Messaging.Expired.AtSend.Current=0
Messaging.Received.BatchSize.PerSocketDirection.ClientToGateway=0.000
Messaging.Received.BatchSizeBytesHistogram.Bytes.PerSocketDirection.ClientToGateway=
Messaging.Received.Bytes.Header.Current=478
Messaging.Received.Bytes.Total.Current=1823
Messaging.Received.Direction.OneWay.Current=0
Messaging.Received.Direction.Request.Current=0
Messaging.Received.Direction.Response.Current=2
Messaging.Received.Messages.From.S127.0.0.1:30000:0.Current=2
Messaging.Received.Messages.Total.Current=2
Messaging.Received.MessageSizeHistogram.Bytes=[256:511]=1, [1024:2047]=1, 
Messaging.Rerouted.OneWay.Current=0
Messaging.Rerouted.Request.Current=0
Messaging.Rerouted.Response.Current=0
Messaging.Sent.BatchSize.PerSocketDirection.ClientToGateway=0.000
Messaging.Sent.BatchSizeBytesHistogram.Bytes.PerSocketDirection.ClientToGateway=
Messaging.Sent.Bytes.Header.Current=494
Messaging.Sent.Bytes.Total.Current=588
Messaging.Sent.Direction.OneWay.Current=0
Messaging.Sent.Direction.Request.Current=2
Messaging.Sent.Direction.Response.Current=0
Messaging.Sent.Messages.To.S127.0.0.1:30000:0.Current=2
Messaging.Sent.Messages.Total.Current=2
Messaging.Sent.MessageSizeHistogram.Bytes=[256:511]=2, 
Networking.Sockets.ClientToGateway.Duplex.Closed.Current=0
Networking.Sockets.ClientToGateway.Duplex.Opened.Current=1
Runtime.CpuUsage=14.097
Runtime.DOT.NET.ThreadPool.InUse.CompletionPortThreads=0
Runtime.DOT.NET.ThreadPool.InUse.WorkerThreads=2
Runtime.GC.AllocatedBytesInKbPerSec=189.358
Runtime.GC.GenCollectonCount=gen0=20, gen1=4, gen2=3
Runtime.GC.GenSizesKb=gen0=7680.00, gen1=435.31, gen2=5450.20
Runtime.GC.LargeObjectHeapSizeKb=639.139
Runtime.GC.NumberOfInducedGCs=2.000
Runtime.GC.PercentOfTimeInGC=0.007
Runtime.GC.PromotedFinalizationMemoryFromGen0Kb=0.000
Runtime.GC.PromotedMemoryFromGen1Kb=0.000
Runtime.GC.TotalMemoryKb=10334
Runtime.Memory.AvailableMemoryMb=1377
Runtime.Memory.TotalPhysicalMemoryMb=4096
Runtime.Threads.AsynchAgent.Messaging.GatewayClientReceiver.Current=1
Runtime.Threads.AsynchAgent.Messaging.GatewayConnection.Current=1
Runtime.Threads.AsynchAgent.TotalThreadsCreated.Current=2
Serialization.BufferPool.AllocatedBuffers.Current=250
Serialization.BufferPool.BuffersInPool=216
Serialization.BufferPool.CheckedInBuffers.Current=256
Serialization.BufferPool.CheckedOutBuffers.Current=290
Serialization.BufferPool.DroppedBuffers.Current=0
Serialization.BufferPool.DroppedTooLargeBuffers.Current=0
Serialization.BufferPool.InUse.AllocatedAndNotInPool_Buffers=34
Serialization.BufferPool.InUse.CheckedOutAndNotCheckedIn_Buffers=34
	
[2015-11-16 15:36:27.886 GMT    36	INFO   	100704	ClientLogStatistics	192.168.1.103:0]	Statistics: ^^^
App.Requests.Latency.Average.Millis=65.000
App.Requests.LatencyHistogram.Millis=[3.2768:6.5535]=1, [104.8576:209.7151]=1, 
App.Requests.TimedOut.Current=0
App.Requests.Total.Requests.Current=2
Client.ConnectedGatewayCount=1
Messaging.Expired.AtDispatch.Current=0
Messaging.Expired.AtInvoke.Current=0
Messaging.Expired.AtReceive.Current=0
Messaging.Expired.AtRespond.Current=0
Messaging.Expired.AtSend.Current=0
Messaging.Received.BatchSize.PerSocketDirection.ClientToGateway=0.000
Messaging.Received.BatchSizeBytesHistogram.Bytes.PerSocketDirection.ClientToGateway=
Messaging.Received.Bytes.Header.Current=478
Messaging.Received.Bytes.Total.Current=1823
Messaging.Received.Direction.OneWay.Current=0
Messaging.Received.Direction.Request.Current=0
Messaging.Received.Direction.Response.Current=2
Messaging.Received.Messages.From.S127.0.0.1:30000:0.Current=2
Messaging.Received.Messages.Total.Current=2
Messaging.Received.MessageSizeHistogram.Bytes=[256:511]=1, [1024:2047]=1, 
Messaging.Rerouted.OneWay.Current=0
Messaging.Rerouted.Request.Current=0
Messaging.Rerouted.Response.Current=0
Messaging.Sent.BatchSize.PerSocketDirection.ClientToGateway=0.000
Messaging.Sent.BatchSizeBytesHistogram.Bytes.PerSocketDirection.ClientToGateway=
Messaging.Sent.Bytes.Header.Current=494
Messaging.Sent.Bytes.Total.Current=588
Messaging.Sent.Direction.OneWay.Current=0
Messaging.Sent.Direction.Request.Current=2
Messaging.Sent.Direction.Response.Current=0
Messaging.Sent.Messages.To.S127.0.0.1:30000:0.Current=2
Messaging.Sent.Messages.Total.Current=2
Messaging.Sent.MessageSizeHistogram.Bytes=[256:511]=2, 
Networking.Sockets.ClientToGateway.Duplex.Closed.Current=0
Networking.Sockets.ClientToGateway.Duplex.Opened.Current=1
Runtime.CpuUsage=13.111
Runtime.DOT.NET.ThreadPool.InUse.CompletionPortThreads=0
Runtime.DOT.NET.ThreadPool.InUse.WorkerThreads=2
Runtime.GC.AllocatedBytesInKbPerSec=136.956
Runtime.GC.GenCollectonCount=gen0=27, gen1=4, gen2=3
Runtime.GC.GenSizesKb=gen0=7680.00, gen1=634.33, gen2=5450.20
Runtime.GC.LargeObjectHeapSizeKb=639.139
Runtime.GC.NumberOfInducedGCs=2.000
Runtime.GC.PercentOfTimeInGC=0.006
Runtime.GC.PromotedFinalizationMemoryFromGen0Kb=0.000
Runtime.GC.PromotedMemoryFromGen1Kb=0.000
Runtime.GC.TotalMemoryKb=9202
Runtime.Memory.AvailableMemoryMb=1392
Runtime.Memory.TotalPhysicalMemoryMb=4096
Runtime.Threads.AsynchAgent.Messaging.GatewayClientReceiver.Current=1
Runtime.Threads.AsynchAgent.Messaging.GatewayConnection.Current=1
Runtime.Threads.AsynchAgent.TotalThreadsCreated.Current=2
Serialization.BufferPool.AllocatedBuffers.Current=250
Serialization.BufferPool.BuffersInPool=216
Serialization.BufferPool.CheckedInBuffers.Current=256
Serialization.BufferPool.CheckedOutBuffers.Current=290
Serialization.BufferPool.DroppedBuffers.Current=0
Serialization.BufferPool.DroppedTooLargeBuffers.Current=0
Serialization.BufferPool.InUse.AllocatedAndNotInPool_Buffers=34
Serialization.BufferPool.InUse.CheckedOutAndNotCheckedIn_Buffers=34
	
[2015-11-16 15:41:27.896 GMT    36	INFO   	100704	ClientLogStatistics	192.168.1.103:0]	Statistics: ^^^
App.Requests.Latency.Average.Millis=65.000
App.Requests.LatencyHistogram.Millis=[3.2768:6.5535]=1, [104.8576:209.7151]=1, 
App.Requests.TimedOut.Current=0
App.Requests.Total.Requests.Current=2
Client.ConnectedGatewayCount=1
Messaging.Expired.AtDispatch.Current=0
Messaging.Expired.AtInvoke.Current=0
Messaging.Expired.AtReceive.Current=0
Messaging.Expired.AtRespond.Current=0
Messaging.Expired.AtSend.Current=0
Messaging.Received.BatchSize.PerSocketDirection.ClientToGateway=0.000
Messaging.Received.BatchSizeBytesHistogram.Bytes.PerSocketDirection.ClientToGateway=
Messaging.Received.Bytes.Header.Current=478
Messaging.Received.Bytes.Total.Current=1823
Messaging.Received.Direction.OneWay.Current=0
Messaging.Received.Direction.Request.Current=0
Messaging.Received.Direction.Response.Current=2
Messaging.Received.Messages.From.S127.0.0.1:30000:0.Current=2
Messaging.Received.Messages.Total.Current=2
Messaging.Received.MessageSizeHistogram.Bytes=[256:511]=1, [1024:2047]=1, 
Messaging.Rerouted.OneWay.Current=0
Messaging.Rerouted.Request.Current=0
Messaging.Rerouted.Response.Current=0
Messaging.Sent.BatchSize.PerSocketDirection.ClientToGateway=0.000
Messaging.Sent.BatchSizeBytesHistogram.Bytes.PerSocketDirection.ClientToGateway=
Messaging.Sent.Bytes.Header.Current=494
Messaging.Sent.Bytes.Total.Current=588
Messaging.Sent.Direction.OneWay.Current=0
Messaging.Sent.Direction.Request.Current=2
Messaging.Sent.Direction.Response.Current=0
Messaging.Sent.Messages.To.S127.0.0.1:30000:0.Current=2
Messaging.Sent.Messages.Total.Current=2
Messaging.Sent.MessageSizeHistogram.Bytes=[256:511]=2, 
Networking.Sockets.ClientToGateway.Duplex.Closed.Current=0
Networking.Sockets.ClientToGateway.Duplex.Opened.Current=1
Runtime.CpuUsage=2.746
Runtime.DOT.NET.ThreadPool.InUse.CompletionPortThreads=0
Runtime.DOT.NET.ThreadPool.InUse.WorkerThreads=2
Runtime.GC.AllocatedBytesInKbPerSec=157.067
Runtime.GC.GenCollectonCount=gen0=35, gen1=4, gen2=3
Runtime.GC.GenSizesKb=gen0=7680.00, gen1=861.33, gen2=5450.20
Runtime.GC.LargeObjectHeapSizeKb=639.139
Runtime.GC.NumberOfInducedGCs=2.000
Runtime.GC.PercentOfTimeInGC=0.006
Runtime.GC.PromotedFinalizationMemoryFromGen0Kb=0.000
Runtime.GC.PromotedMemoryFromGen1Kb=0.000
Runtime.GC.TotalMemoryKb=12256
Runtime.Memory.AvailableMemoryMb=1392
Runtime.Memory.TotalPhysicalMemoryMb=4096
Runtime.Threads.AsynchAgent.Messaging.GatewayClientReceiver.Current=1
Runtime.Threads.AsynchAgent.Messaging.GatewayConnection.Current=1
Runtime.Threads.AsynchAgent.TotalThreadsCreated.Current=2
Serialization.BufferPool.AllocatedBuffers.Current=250
Serialization.BufferPool.BuffersInPool=216
Serialization.BufferPool.CheckedInBuffers.Current=256
Serialization.BufferPool.CheckedOutBuffers.Current=290
Serialization.BufferPool.DroppedBuffers.Current=0
Serialization.BufferPool.DroppedTooLargeBuffers.Current=0
Serialization.BufferPool.InUse.AllocatedAndNotInPool_Buffers=34
Serialization.BufferPool.InUse.CheckedOutAndNotCheckedIn_Buffers=34
	
[2015-11-16 15:46:27.916 GMT     5	INFO   	100704	ClientLogStatistics	192.168.1.103:0]	Statistics: ^^^
App.Requests.Latency.Average.Millis=65.000
App.Requests.LatencyHistogram.Millis=[3.2768:6.5535]=1, [104.8576:209.7151]=1, 
App.Requests.TimedOut.Current=0
App.Requests.Total.Requests.Current=2
Client.ConnectedGatewayCount=1
Messaging.Expired.AtDispatch.Current=0
Messaging.Expired.AtInvoke.Current=0
Messaging.Expired.AtReceive.Current=0
Messaging.Expired.AtRespond.Current=0
Messaging.Expired.AtSend.Current=0
Messaging.Received.BatchSize.PerSocketDirection.ClientToGateway=0.000
Messaging.Received.BatchSizeBytesHistogram.Bytes.PerSocketDirection.ClientToGateway=
Messaging.Received.Bytes.Header.Current=478
Messaging.Received.Bytes.Total.Current=1823
Messaging.Received.Direction.OneWay.Current=0
Messaging.Received.Direction.Request.Current=0
Messaging.Received.Direction.Response.Current=2
Messaging.Received.Messages.From.S127.0.0.1:30000:0.Current=2
Messaging.Received.Messages.Total.Current=2
Messaging.Received.MessageSizeHistogram.Bytes=[256:511]=1, [1024:2047]=1, 
Messaging.Rerouted.OneWay.Current=0
Messaging.Rerouted.Request.Current=0
Messaging.Rerouted.Response.Current=0
Messaging.Sent.BatchSize.PerSocketDirection.ClientToGateway=0.000
Messaging.Sent.BatchSizeBytesHistogram.Bytes.PerSocketDirection.ClientToGateway=
Messaging.Sent.Bytes.Header.Current=494
Messaging.Sent.Bytes.Total.Current=588
Messaging.Sent.Direction.OneWay.Current=0
Messaging.Sent.Direction.Request.Current=2
Messaging.Sent.Direction.Response.Current=0
Messaging.Sent.Messages.To.S127.0.0.1:30000:0.Current=2
Messaging.Sent.Messages.Total.Current=2
Messaging.Sent.MessageSizeHistogram.Bytes=[256:511]=2, 
Networking.Sockets.ClientToGateway.Duplex.Closed.Current=0
Networking.Sockets.ClientToGateway.Duplex.Opened.Current=1
Runtime.CpuUsage=13.286
Runtime.DOT.NET.ThreadPool.InUse.CompletionPortThreads=0
Runtime.DOT.NET.ThreadPool.InUse.WorkerThreads=2
Runtime.GC.AllocatedBytesInKbPerSec=145.908
Runtime.GC.GenCollectonCount=gen0=42, gen1=4, gen2=3
Runtime.GC.GenSizesKb=gen0=7680.00, gen1=1055.00, gen2=5450.20
Runtime.GC.LargeObjectHeapSizeKb=639.139
Runtime.GC.NumberOfInducedGCs=2.000
Runtime.GC.PercentOfTimeInGC=0.007
Runtime.GC.PromotedFinalizationMemoryFromGen0Kb=0.000
Runtime.GC.PromotedMemoryFromGen1Kb=0.000
Runtime.GC.TotalMemoryKb=13572
Runtime.Memory.AvailableMemoryMb=1375
Runtime.Memory.TotalPhysicalMemoryMb=4096
Runtime.Threads.AsynchAgent.Messaging.GatewayClientReceiver.Current=1
Runtime.Threads.AsynchAgent.Messaging.GatewayConnection.Current=1
Runtime.Threads.AsynchAgent.TotalThreadsCreated.Current=2
Serialization.BufferPool.AllocatedBuffers.Current=250
Serialization.BufferPool.BuffersInPool=216
Serialization.BufferPool.CheckedInBuffers.Current=256
Serialization.BufferPool.CheckedOutBuffers.Current=290
Serialization.BufferPool.DroppedBuffers.Current=0
Serialization.BufferPool.DroppedTooLargeBuffers.Current=0
Serialization.BufferPool.InUse.AllocatedAndNotInPool_Buffers=34
Serialization.BufferPool.InUse.CheckedOutAndNotCheckedIn_Buffers=34
	
[2015-11-16 15:51:27.941 GMT    36	INFO   	100704	ClientLogStatistics	192.168.1.103:0]	Statistics: ^^^
App.Requests.Latency.Average.Millis=65.000
App.Requests.LatencyHistogram.Millis=[3.2768:6.5535]=1, [104.8576:209.7151]=1, 
App.Requests.TimedOut.Current=0
App.Requests.Total.Requests.Current=2
Client.ConnectedGatewayCount=1
Messaging.Expired.AtDispatch.Current=0
Messaging.Expired.AtInvoke.Current=0
Messaging.Expired.AtReceive.Current=0
Messaging.Expired.AtRespond.Current=0
Messaging.Expired.AtSend.Current=0
Messaging.Received.BatchSize.PerSocketDirection.ClientToGateway=0.000
Messaging.Received.BatchSizeBytesHistogram.Bytes.PerSocketDirection.ClientToGateway=
Messaging.Received.Bytes.Header.Current=478
Messaging.Received.Bytes.Total.Current=1823
Messaging.Received.Direction.OneWay.Current=0
Messaging.Received.Direction.Request.Current=0
Messaging.Received.Direction.Response.Current=2
Messaging.Received.Messages.From.S127.0.0.1:30000:0.Current=2
Messaging.Received.Messages.Total.Current=2
Messaging.Received.MessageSizeHistogram.Bytes=[256:511]=1, [1024:2047]=1, 
Messaging.Rerouted.OneWay.Current=0
Messaging.Rerouted.Request.Current=0
Messaging.Rerouted.Response.Current=0
Messaging.Sent.BatchSize.PerSocketDirection.ClientToGateway=0.000
Messaging.Sent.BatchSizeBytesHistogram.Bytes.PerSocketDirection.ClientToGateway=
Messaging.Sent.Bytes.Header.Current=494
Messaging.Sent.Bytes.Total.Current=588
Messaging.Sent.Direction.OneWay.Current=0
Messaging.Sent.Direction.Request.Current=2
Messaging.Sent.Direction.Response.Current=0
Messaging.Sent.Messages.To.S127.0.0.1:30000:0.Current=2
Messaging.Sent.Messages.Total.Current=2
Messaging.Sent.MessageSizeHistogram.Bytes=[256:511]=2, 
Networking.Sockets.ClientToGateway.Duplex.Closed.Current=0
Networking.Sockets.ClientToGateway.Duplex.Opened.Current=1
Runtime.CpuUsage=9.552
Runtime.DOT.NET.ThreadPool.InUse.CompletionPortThreads=0
Runtime.DOT.NET.ThreadPool.InUse.WorkerThreads=2
Runtime.GC.AllocatedBytesInKbPerSec=157.913
Runtime.GC.GenCollectonCount=gen0=50, gen1=4, gen2=3
Runtime.GC.GenSizesKb=gen0=7680.00, gen1=1305.84, gen2=5450.20
Runtime.GC.LargeObjectHeapSizeKb=639.139
Runtime.GC.NumberOfInducedGCs=2.000
Runtime.GC.PercentOfTimeInGC=0.005
Runtime.GC.PromotedFinalizationMemoryFromGen0Kb=0.000
Runtime.GC.PromotedMemoryFromGen1Kb=0.000
Runtime.GC.TotalMemoryKb=11550
Runtime.Memory.AvailableMemoryMb=1211
Runtime.Memory.TotalPhysicalMemoryMb=4096
Runtime.Threads.AsynchAgent.Messaging.GatewayClientReceiver.Current=1
Runtime.Threads.AsynchAgent.Messaging.GatewayConnection.Current=1
Runtime.Threads.AsynchAgent.TotalThreadsCreated.Current=2
Serialization.BufferPool.AllocatedBuffers.Current=250
Serialization.BufferPool.BuffersInPool=216
Serialization.BufferPool.CheckedInBuffers.Current=256
Serialization.BufferPool.CheckedOutBuffers.Current=290
Serialization.BufferPool.DroppedBuffers.Current=0
Serialization.BufferPool.DroppedTooLargeBuffers.Current=0
Serialization.BufferPool.InUse.AllocatedAndNotInPool_Buffers=34
Serialization.BufferPool.InUse.CheckedOutAndNotCheckedIn_Buffers=34
	
[2015-11-16 15:56:27.962 GMT    36	INFO   	100704	ClientLogStatistics	192.168.1.103:0]	Statistics: ^^^
App.Requests.Latency.Average.Millis=65.000
App.Requests.LatencyHistogram.Millis=[3.2768:6.5535]=1, [104.8576:209.7151]=1, 
App.Requests.TimedOut.Current=0
App.Requests.Total.Requests.Current=2
Client.ConnectedGatewayCount=1
Messaging.Expired.AtDispatch.Current=0
Messaging.Expired.AtInvoke.Current=0
Messaging.Expired.AtReceive.Current=0
Messaging.Expired.AtRespond.Current=0
Messaging.Expired.AtSend.Current=0
Messaging.Received.BatchSize.PerSocketDirection.ClientToGateway=0.000
Messaging.Received.BatchSizeBytesHistogram.Bytes.PerSocketDirection.ClientToGateway=
Messaging.Received.Bytes.Header.Current=478
Messaging.Received.Bytes.Total.Current=1823
Messaging.Received.Direction.OneWay.Current=0
Messaging.Received.Direction.Request.Current=0
Messaging.Received.Direction.Response.Current=2
Messaging.Received.Messages.From.S127.0.0.1:30000:0.Current=2
Messaging.Received.Messages.Total.Current=2
Messaging.Received.MessageSizeHistogram.Bytes=[256:511]=1, [1024:2047]=1, 
Messaging.Rerouted.OneWay.Current=0
Messaging.Rerouted.Request.Current=0
Messaging.Rerouted.Response.Current=0
Messaging.Sent.BatchSize.PerSocketDirection.ClientToGateway=0.000
Messaging.Sent.BatchSizeBytesHistogram.Bytes.PerSocketDirection.ClientToGateway=
Messaging.Sent.Bytes.Header.Current=494
Messaging.Sent.Bytes.Total.Current=588
Messaging.Sent.Direction.OneWay.Current=0
Messaging.Sent.Direction.Request.Current=2
Messaging.Sent.Direction.Response.Current=0
Messaging.Sent.Messages.To.S127.0.0.1:30000:0.Current=2
Messaging.Sent.Messages.Total.Current=2
Messaging.Sent.MessageSizeHistogram.Bytes=[256:511]=2, 
Networking.Sockets.ClientToGateway.Duplex.Closed.Current=0
Networking.Sockets.ClientToGateway.Duplex.Opened.Current=1
Runtime.CpuUsage=17.597
Runtime.DOT.NET.ThreadPool.InUse.CompletionPortThreads=0
Runtime.DOT.NET.ThreadPool.InUse.WorkerThreads=2
Runtime.GC.AllocatedBytesInKbPerSec=152.402
Runtime.GC.GenCollectonCount=gen0=59, gen1=4, gen2=3
Runtime.GC.GenSizesKb=gen0=7680.00, gen1=1305.84, gen2=5450.20
Runtime.GC.LargeObjectHeapSizeKb=639.139
Runtime.GC.NumberOfInducedGCs=2.000
Runtime.GC.PercentOfTimeInGC=0.005
Runtime.GC.PromotedFinalizationMemoryFromGen0Kb=0.000
Runtime.GC.PromotedMemoryFromGen1Kb=0.000
Runtime.GC.TotalMemoryKb=10972
Runtime.Memory.AvailableMemoryMb=1066
Runtime.Memory.TotalPhysicalMemoryMb=4096
Runtime.Threads.AsynchAgent.Messaging.GatewayClientReceiver.Current=1
Runtime.Threads.AsynchAgent.Messaging.GatewayConnection.Current=1
Runtime.Threads.AsynchAgent.TotalThreadsCreated.Current=2
Serialization.BufferPool.AllocatedBuffers.Current=250
Serialization.BufferPool.BuffersInPool=216
Serialization.BufferPool.CheckedInBuffers.Current=256
Serialization.BufferPool.CheckedOutBuffers.Current=290
Serialization.BufferPool.DroppedBuffers.Current=0
Serialization.BufferPool.DroppedTooLargeBuffers.Current=0
Serialization.BufferPool.InUse.AllocatedAndNotInPool_Buffers=34
Serialization.BufferPool.InUse.CheckedOutAndNotCheckedIn_Buffers=34
	
[2015-11-16 16:01:27.993 GMT    31	INFO   	100704	ClientLogStatistics	192.168.1.103:0]	Statistics: ^^^
App.Requests.Latency.Average.Millis=65.000
App.Requests.LatencyHistogram.Millis=[3.2768:6.5535]=1, [104.8576:209.7151]=1, 
App.Requests.TimedOut.Current=0
App.Requests.Total.Requests.Current=2
Client.ConnectedGatewayCount=1
Messaging.Expired.AtDispatch.Current=0
Messaging.Expired.AtInvoke.Current=0
Messaging.Expired.AtReceive.Current=0
Messaging.Expired.AtRespond.Current=0
Messaging.Expired.AtSend.Current=0
Messaging.Received.BatchSize.PerSocketDirection.ClientToGateway=0.000
Messaging.Received.BatchSizeBytesHistogram.Bytes.PerSocketDirection.ClientToGateway=
Messaging.Received.Bytes.Header.Current=478
Messaging.Received.Bytes.Total.Current=1823
Messaging.Received.Direction.OneWay.Current=0
Messaging.Received.Direction.Request.Current=0
Messaging.Received.Direction.Response.Current=2
Messaging.Received.Messages.From.S127.0.0.1:30000:0.Current=2
Messaging.Received.Messages.Total.Current=2
Messaging.Received.MessageSizeHistogram.Bytes=[256:511]=1, [1024:2047]=1, 
Messaging.Rerouted.OneWay.Current=0
Messaging.Rerouted.Request.Current=0
Messaging.Rerouted.Response.Current=0
Messaging.Sent.BatchSize.PerSocketDirection.ClientToGateway=0.000
Messaging.Sent.BatchSizeBytesHistogram.Bytes.PerSocketDirection.ClientToGateway=
Messaging.Sent.Bytes.Header.Current=494
Messaging.Sent.Bytes.Total.Current=588
Messaging.Sent.Direction.OneWay.Current=0
Messaging.Sent.Direction.Request.Current=2
Messaging.Sent.Direction.Response.Current=0
Messaging.Sent.Messages.To.S127.0.0.1:30000:0.Current=2
Messaging.Sent.Messages.Total.Current=2
Messaging.Sent.MessageSizeHistogram.Bytes=[256:511]=2, 
Networking.Sockets.ClientToGateway.Duplex.Closed.Current=0
Networking.Sockets.ClientToGateway.Duplex.Opened.Current=1
Runtime.CpuUsage=8.921
Runtime.DOT.NET.ThreadPool.InUse.CompletionPortThreads=0
Runtime.DOT.NET.ThreadPool.InUse.WorkerThreads=2
Runtime.GC.AllocatedBytesInKbPerSec=143.550
Runtime.GC.GenCollectonCount=gen0=67, gen1=4, gen2=3
Runtime.GC.GenSizesKb=gen0=7680.00, gen1=1358.51, gen2=5450.20
Runtime.GC.LargeObjectHeapSizeKb=639.139
Runtime.GC.NumberOfInducedGCs=2.000
Runtime.GC.PercentOfTimeInGC=0.006
Runtime.GC.PromotedFinalizationMemoryFromGen0Kb=0.000
Runtime.GC.PromotedMemoryFromGen1Kb=0.000
Runtime.GC.TotalMemoryKb=12857
Runtime.Memory.AvailableMemoryMb=1188
Runtime.Memory.TotalPhysicalMemoryMb=4096
Runtime.Threads.AsynchAgent.Messaging.GatewayClientReceiver.Current=1
Runtime.Threads.AsynchAgent.Messaging.GatewayConnection.Current=1
Runtime.Threads.AsynchAgent.TotalThreadsCreated.Current=2
Serialization.BufferPool.AllocatedBuffers.Current=250
Serialization.BufferPool.BuffersInPool=216
Serialization.BufferPool.CheckedInBuffers.Current=256
Serialization.BufferPool.CheckedOutBuffers.Current=290
Serialization.BufferPool.DroppedBuffers.Current=0
Serialization.BufferPool.DroppedTooLargeBuffers.Current=0
Serialization.BufferPool.InUse.AllocatedAndNotInPool_Buffers=34
Serialization.BufferPool.InUse.CheckedOutAndNotCheckedIn_Buffers=34
	
[2015-11-16 16:06:28.003 GMT    31	INFO   	100704	ClientLogStatistics	192.168.1.103:0]	Statistics: ^^^
App.Requests.Latency.Average.Millis=65.000
App.Requests.LatencyHistogram.Millis=[3.2768:6.5535]=1, [104.8576:209.7151]=1, 
App.Requests.TimedOut.Current=0
App.Requests.Total.Requests.Current=2
Client.ConnectedGatewayCount=1
Messaging.Expired.AtDispatch.Current=0
Messaging.Expired.AtInvoke.Current=0
Messaging.Expired.AtReceive.Current=0
Messaging.Expired.AtRespond.Current=0
Messaging.Expired.AtSend.Current=0
Messaging.Received.BatchSize.PerSocketDirection.ClientToGateway=0.000
Messaging.Received.BatchSizeBytesHistogram.Bytes.PerSocketDirection.ClientToGateway=
Messaging.Received.Bytes.Header.Current=478
Messaging.Received.Bytes.Total.Current=1823
Messaging.Received.Direction.OneWay.Current=0
Messaging.Received.Direction.Request.Current=0
Messaging.Received.Direction.Response.Current=2
Messaging.Received.Messages.From.S127.0.0.1:30000:0.Current=2
Messaging.Received.Messages.Total.Current=2
Messaging.Received.MessageSizeHistogram.Bytes=[256:511]=1, [1024:2047]=1, 
Messaging.Rerouted.OneWay.Current=0
Messaging.Rerouted.Request.Current=0
Messaging.Rerouted.Response.Current=0
Messaging.Sent.BatchSize.PerSocketDirection.ClientToGateway=0.000
Messaging.Sent.BatchSizeBytesHistogram.Bytes.PerSocketDirection.ClientToGateway=
Messaging.Sent.Bytes.Header.Current=494
Messaging.Sent.Bytes.Total.Current=588
Messaging.Sent.Direction.OneWay.Current=0
Messaging.Sent.Direction.Request.Current=2
Messaging.Sent.Direction.Response.Current=0
Messaging.Sent.Messages.To.S127.0.0.1:30000:0.Current=2
Messaging.Sent.Messages.Total.Current=2
Messaging.Sent.MessageSizeHistogram.Bytes=[256:511]=2, 
Networking.Sockets.ClientToGateway.Duplex.Closed.Current=0
Networking.Sockets.ClientToGateway.Duplex.Opened.Current=1
Runtime.CpuUsage=11.001
Runtime.DOT.NET.ThreadPool.InUse.CompletionPortThreads=0
Runtime.DOT.NET.ThreadPool.InUse.WorkerThreads=2
Runtime.GC.AllocatedBytesInKbPerSec=145.243
Runtime.GC.GenCollectonCount=gen0=74, gen1=4, gen2=3
Runtime.GC.GenSizesKb=gen0=7680.00, gen1=1358.51, gen2=5450.20
Runtime.GC.LargeObjectHeapSizeKb=639.139
Runtime.GC.NumberOfInducedGCs=2.000
Runtime.GC.PercentOfTimeInGC=0.005
Runtime.GC.PromotedFinalizationMemoryFromGen0Kb=0.000
Runtime.GC.PromotedMemoryFromGen1Kb=0.000
Runtime.GC.TotalMemoryKb=14319
Runtime.Memory.AvailableMemoryMb=1149
Runtime.Memory.TotalPhysicalMemoryMb=4096
Runtime.Threads.AsynchAgent.Messaging.GatewayClientReceiver.Current=1
Runtime.Threads.AsynchAgent.Messaging.GatewayConnection.Current=1
Runtime.Threads.AsynchAgent.TotalThreadsCreated.Current=2
Serialization.BufferPool.AllocatedBuffers.Current=250
Serialization.BufferPool.BuffersInPool=216
Serialization.BufferPool.CheckedInBuffers.Current=256
Serialization.BufferPool.CheckedOutBuffers.Current=290
Serialization.BufferPool.DroppedBuffers.Current=0
Serialization.BufferPool.DroppedTooLargeBuffers.Current=0
Serialization.BufferPool.InUse.AllocatedAndNotInPool_Buffers=34
Serialization.BufferPool.InUse.CheckedOutAndNotCheckedIn_Buffers=34
	
[2015-11-16 16:11:28.023 GMT    24	INFO   	100704	ClientLogStatistics	192.168.1.103:0]	Statistics: ^^^
App.Requests.Latency.Average.Millis=65.000
App.Requests.LatencyHistogram.Millis=[3.2768:6.5535]=1, [104.8576:209.7151]=1, 
App.Requests.TimedOut.Current=0
App.Requests.Total.Requests.Current=2
Client.ConnectedGatewayCount=1
Messaging.Expired.AtDispatch.Current=0
Messaging.Expired.AtInvoke.Current=0
Messaging.Expired.AtReceive.Current=0
Messaging.Expired.AtRespond.Current=0
Messaging.Expired.AtSend.Current=0
Messaging.Received.BatchSize.PerSocketDirection.ClientToGateway=0.000
Messaging.Received.BatchSizeBytesHistogram.Bytes.PerSocketDirection.ClientToGateway=
Messaging.Received.Bytes.Header.Current=478
Messaging.Received.Bytes.Total.Current=1823
Messaging.Received.Direction.OneWay.Current=0
Messaging.Received.Direction.Request.Current=0
Messaging.Received.Direction.Response.Current=2
Messaging.Received.Messages.From.S127.0.0.1:30000:0.Current=2
Messaging.Received.Messages.Total.Current=2
Messaging.Received.MessageSizeHistogram.Bytes=[256:511]=1, [1024:2047]=1, 
Messaging.Rerouted.OneWay.Current=0
Messaging.Rerouted.Request.Current=0
Messaging.Rerouted.Response.Current=0
Messaging.Sent.BatchSize.PerSocketDirection.ClientToGateway=0.000
Messaging.Sent.BatchSizeBytesHistogram.Bytes.PerSocketDirection.ClientToGateway=
Messaging.Sent.Bytes.Header.Current=494
Messaging.Sent.Bytes.Total.Current=588
Messaging.Sent.Direction.OneWay.Current=0
Messaging.Sent.Direction.Request.Current=2
Messaging.Sent.Direction.Response.Current=0
Messaging.Sent.Messages.To.S127.0.0.1:30000:0.Current=2
Messaging.Sent.Messages.Total.Current=2
Messaging.Sent.MessageSizeHistogram.Bytes=[256:511]=2, 
Networking.Sockets.ClientToGateway.Duplex.Closed.Current=0
Networking.Sockets.ClientToGateway.Duplex.Opened.Current=1
Runtime.CpuUsage=13.283
Runtime.DOT.NET.ThreadPool.InUse.CompletionPortThreads=0
Runtime.DOT.NET.ThreadPool.InUse.WorkerThreads=2
Runtime.GC.AllocatedBytesInKbPerSec=151.941
Runtime.GC.GenCollectonCount=gen0=81, gen1=4, gen2=3
Runtime.GC.GenSizesKb=gen0=7680.00, gen1=1476.78, gen2=5450.20
Runtime.GC.LargeObjectHeapSizeKb=639.139
Runtime.GC.NumberOfInducedGCs=2.000
Runtime.GC.PercentOfTimeInGC=0.009
Runtime.GC.PromotedFinalizationMemoryFromGen0Kb=0.000
Runtime.GC.PromotedMemoryFromGen1Kb=0.000
Runtime.GC.TotalMemoryKb=13768
Runtime.Memory.AvailableMemoryMb=1154
Runtime.Memory.TotalPhysicalMemoryMb=4096
Runtime.Threads.AsynchAgent.Messaging.GatewayClientReceiver.Current=1
Runtime.Threads.AsynchAgent.Messaging.GatewayConnection.Current=1
Runtime.Threads.AsynchAgent.TotalThreadsCreated.Current=2
Serialization.BufferPool.AllocatedBuffers.Current=250
Serialization.BufferPool.BuffersInPool=216
Serialization.BufferPool.CheckedInBuffers.Current=256
Serialization.BufferPool.CheckedOutBuffers.Current=290
Serialization.BufferPool.DroppedBuffers.Current=0
Serialization.BufferPool.DroppedTooLargeBuffers.Current=0
Serialization.BufferPool.InUse.AllocatedAndNotInPool_Buffers=34
Serialization.BufferPool.InUse.CheckedOutAndNotCheckedIn_Buffers=34
	
[2015-11-16 16:16:28.029 GMT     6	INFO   	100704	ClientLogStatistics	192.168.1.103:0]	Statistics: ^^^
App.Requests.Latency.Average.Millis=65.000
App.Requests.LatencyHistogram.Millis=[3.2768:6.5535]=1, [104.8576:209.7151]=1, 
App.Requests.TimedOut.Current=0
App.Requests.Total.Requests.Current=2
Client.ConnectedGatewayCount=1
Messaging.Expired.AtDispatch.Current=0
Messaging.Expired.AtInvoke.Current=0
Messaging.Expired.AtReceive.Current=0
Messaging.Expired.AtRespond.Current=0
Messaging.Expired.AtSend.Current=0
Messaging.Received.BatchSize.PerSocketDirection.ClientToGateway=0.000
Messaging.Received.BatchSizeBytesHistogram.Bytes.PerSocketDirection.ClientToGateway=
Messaging.Received.Bytes.Header.Current=478
Messaging.Received.Bytes.Total.Current=1823
Messaging.Received.Direction.OneWay.Current=0
Messaging.Received.Direction.Request.Current=0
Messaging.Received.Direction.Response.Current=2
Messaging.Received.Messages.From.S127.0.0.1:30000:0.Current=2
Messaging.Received.Messages.Total.Current=2
Messaging.Received.MessageSizeHistogram.Bytes=[256:511]=1, [1024:2047]=1, 
Messaging.Rerouted.OneWay.Current=0
Messaging.Rerouted.Request.Current=0
Messaging.Rerouted.Response.Current=0
Messaging.Sent.BatchSize.PerSocketDirection.ClientToGateway=0.000
Messaging.Sent.BatchSizeBytesHistogram.Bytes.PerSocketDirection.ClientToGateway=
Messaging.Sent.Bytes.Header.Current=494
Messaging.Sent.Bytes.Total.Current=588
Messaging.Sent.Direction.OneWay.Current=0
Messaging.Sent.Direction.Request.Current=2
Messaging.Sent.Direction.Response.Current=0
Messaging.Sent.Messages.To.S127.0.0.1:30000:0.Current=2
Messaging.Sent.Messages.Total.Current=2
Messaging.Sent.MessageSizeHistogram.Bytes=[256:511]=2, 
Networking.Sockets.ClientToGateway.Duplex.Closed.Current=0
Networking.Sockets.ClientToGateway.Duplex.Opened.Current=1
Runtime.CpuUsage=17.855
Runtime.DOT.NET.ThreadPool.InUse.CompletionPortThreads=0
Runtime.DOT.NET.ThreadPool.InUse.WorkerThreads=2
Runtime.GC.AllocatedBytesInKbPerSec=156.920
Runtime.GC.GenCollectonCount=gen0=90, gen1=4, gen2=3
Runtime.GC.GenSizesKb=gen0=7680.00, gen1=1519.41, gen2=5450.20
Runtime.GC.LargeObjectHeapSizeKb=639.139
Runtime.GC.NumberOfInducedGCs=2.000
Runtime.GC.PercentOfTimeInGC=0.004
Runtime.GC.PromotedFinalizationMemoryFromGen0Kb=0.000
Runtime.GC.PromotedMemoryFromGen1Kb=0.000
Runtime.GC.TotalMemoryKb=11833
Runtime.Memory.AvailableMemoryMb=954
Runtime.Memory.TotalPhysicalMemoryMb=4096
Runtime.Threads.AsynchAgent.Messaging.GatewayClientReceiver.Current=1
Runtime.Threads.AsynchAgent.Messaging.GatewayConnection.Current=1
Runtime.Threads.AsynchAgent.TotalThreadsCreated.Current=2
Serialization.BufferPool.AllocatedBuffers.Current=250
Serialization.BufferPool.BuffersInPool=216
Serialization.BufferPool.CheckedInBuffers.Current=256
Serialization.BufferPool.CheckedOutBuffers.Current=290
Serialization.BufferPool.DroppedBuffers.Current=0
Serialization.BufferPool.DroppedTooLargeBuffers.Current=0
Serialization.BufferPool.InUse.AllocatedAndNotInPool_Buffers=34
Serialization.BufferPool.InUse.CheckedOutAndNotCheckedIn_Buffers=34
	
[2015-11-16 16:21:28.054 GMT    36	INFO   	100704	ClientLogStatistics	192.168.1.103:0]	Statistics: ^^^
App.Requests.Latency.Average.Millis=65.000
App.Requests.LatencyHistogram.Millis=[3.2768:6.5535]=1, [104.8576:209.7151]=1, 
App.Requests.TimedOut.Current=0
App.Requests.Total.Requests.Current=2
Client.ConnectedGatewayCount=1
Messaging.Expired.AtDispatch.Current=0
Messaging.Expired.AtInvoke.Current=0
Messaging.Expired.AtReceive.Current=0
Messaging.Expired.AtRespond.Current=0
Messaging.Expired.AtSend.Current=0
Messaging.Received.BatchSize.PerSocketDirection.ClientToGateway=0.000
Messaging.Received.BatchSizeBytesHistogram.Bytes.PerSocketDirection.ClientToGateway=
Messaging.Received.Bytes.Header.Current=478
Messaging.Received.Bytes.Total.Current=1823
Messaging.Received.Direction.OneWay.Current=0
Messaging.Received.Direction.Request.Current=0
Messaging.Received.Direction.Response.Current=2
Messaging.Received.Messages.From.S127.0.0.1:30000:0.Current=2
Messaging.Received.Messages.Total.Current=2
Messaging.Received.MessageSizeHistogram.Bytes=[256:511]=1, [1024:2047]=1, 
Messaging.Rerouted.OneWay.Current=0
Messaging.Rerouted.Request.Current=0
Messaging.Rerouted.Response.Current=0
Messaging.Sent.BatchSize.PerSocketDirection.ClientToGateway=0.000
Messaging.Sent.BatchSizeBytesHistogram.Bytes.PerSocketDirection.ClientToGateway=
Messaging.Sent.Bytes.Header.Current=494
Messaging.Sent.Bytes.Total.Current=588
Messaging.Sent.Direction.OneWay.Current=0
Messaging.Sent.Direction.Request.Current=2
Messaging.Sent.Direction.Response.Current=0
Messaging.Sent.Messages.To.S127.0.0.1:30000:0.Current=2
Messaging.Sent.Messages.Total.Current=2
Messaging.Sent.MessageSizeHistogram.Bytes=[256:511]=2, 
Networking.Sockets.ClientToGateway.Duplex.Closed.Current=0
Networking.Sockets.ClientToGateway.Duplex.Opened.Current=1
Runtime.CpuUsage=13.518
Runtime.DOT.NET.ThreadPool.InUse.CompletionPortThreads=0
Runtime.DOT.NET.ThreadPool.InUse.WorkerThreads=2
Runtime.GC.AllocatedBytesInKbPerSec=147.468
Runtime.GC.GenCollectonCount=gen0=98, gen1=4, gen2=3
Runtime.GC.GenSizesKb=gen0=7680.00, gen1=1519.41, gen2=5450.20
Runtime.GC.LargeObjectHeapSizeKb=639.139
Runtime.GC.NumberOfInducedGCs=2.000
Runtime.GC.PercentOfTimeInGC=0.008
Runtime.GC.PromotedFinalizationMemoryFromGen0Kb=0.000
Runtime.GC.PromotedMemoryFromGen1Kb=0.000
Runtime.GC.TotalMemoryKb=12729
Runtime.Memory.AvailableMemoryMb=1033
Runtime.Memory.TotalPhysicalMemoryMb=4096
Runtime.Threads.AsynchAgent.Messaging.GatewayClientReceiver.Current=1
Runtime.Threads.AsynchAgent.Messaging.GatewayConnection.Current=1
Runtime.Threads.AsynchAgent.TotalThreadsCreated.Current=2
Serialization.BufferPool.AllocatedBuffers.Current=250
Serialization.BufferPool.BuffersInPool=216
Serialization.BufferPool.CheckedInBuffers.Current=256
Serialization.BufferPool.CheckedOutBuffers.Current=290
Serialization.BufferPool.DroppedBuffers.Current=0
Serialization.BufferPool.DroppedTooLargeBuffers.Current=0
Serialization.BufferPool.InUse.AllocatedAndNotInPool_Buffers=34
Serialization.BufferPool.InUse.CheckedOutAndNotCheckedIn_Buffers=34
	
[2015-11-16 16:26:28.071 GMT     6	INFO   	100704	ClientLogStatistics	192.168.1.103:0]	Statistics: ^^^
App.Requests.Latency.Average.Millis=65.000
App.Requests.LatencyHistogram.Millis=[3.2768:6.5535]=1, [104.8576:209.7151]=1, 
App.Requests.TimedOut.Current=0
App.Requests.Total.Requests.Current=2
Client.ConnectedGatewayCount=1
Messaging.Expired.AtDispatch.Current=0
Messaging.Expired.AtInvoke.Current=0
Messaging.Expired.AtReceive.Current=0
Messaging.Expired.AtRespond.Current=0
Messaging.Expired.AtSend.Current=0
Messaging.Received.BatchSize.PerSocketDirection.ClientToGateway=0.000
Messaging.Received.BatchSizeBytesHistogram.Bytes.PerSocketDirection.ClientToGateway=
Messaging.Received.Bytes.Header.Current=478
Messaging.Received.Bytes.Total.Current=1823
Messaging.Received.Direction.OneWay.Current=0
Messaging.Received.Direction.Request.Current=0
Messaging.Received.Direction.Response.Current=2
Messaging.Received.Messages.From.S127.0.0.1:30000:0.Current=2
Messaging.Received.Messages.Total.Current=2
Messaging.Received.MessageSizeHistogram.Bytes=[256:511]=1, [1024:2047]=1, 
Messaging.Rerouted.OneWay.Current=0
Messaging.Rerouted.Request.Current=0
Messaging.Rerouted.Response.Current=0
Messaging.Sent.BatchSize.PerSocketDirection.ClientToGateway=0.000
Messaging.Sent.BatchSizeBytesHistogram.Bytes.PerSocketDirection.ClientToGateway=
Messaging.Sent.Bytes.Header.Current=494
Messaging.Sent.Bytes.Total.Current=588
Messaging.Sent.Direction.OneWay.Current=0
Messaging.Sent.Direction.Request.Current=2
Messaging.Sent.Direction.Response.Current=0
Messaging.Sent.Messages.To.S127.0.0.1:30000:0.Current=2
Messaging.Sent.Messages.Total.Current=2
Messaging.Sent.MessageSizeHistogram.Bytes=[256:511]=2, 
Networking.Sockets.ClientToGateway.Duplex.Closed.Current=0
Networking.Sockets.ClientToGateway.Duplex.Opened.Current=1
Runtime.CpuUsage=19.753
Runtime.DOT.NET.ThreadPool.InUse.CompletionPortThreads=0
Runtime.DOT.NET.ThreadPool.InUse.WorkerThreads=2
Runtime.GC.AllocatedBytesInKbPerSec=152.693
Runtime.GC.GenCollectonCount=gen0=106, gen1=4, gen2=3
Runtime.GC.GenSizesKb=gen0=7680.00, gen1=1519.41, gen2=5450.20
Runtime.GC.LargeObjectHeapSizeKb=639.139
Runtime.GC.NumberOfInducedGCs=2.000
Runtime.GC.PercentOfTimeInGC=0.003
Runtime.GC.PromotedFinalizationMemoryFromGen0Kb=0.000
Runtime.GC.PromotedMemoryFromGen1Kb=0.000
Runtime.GC.TotalMemoryKb=11940
Runtime.Memory.AvailableMemoryMb=895
Runtime.Memory.TotalPhysicalMemoryMb=4096
Runtime.Threads.AsynchAgent.Messaging.GatewayClientReceiver.Current=1
Runtime.Threads.AsynchAgent.Messaging.GatewayConnection.Current=1
Runtime.Threads.AsynchAgent.TotalThreadsCreated.Current=2
Serialization.BufferPool.AllocatedBuffers.Current=250
Serialization.BufferPool.BuffersInPool=216
Serialization.BufferPool.CheckedInBuffers.Current=256
Serialization.BufferPool.CheckedOutBuffers.Current=290
Serialization.BufferPool.DroppedBuffers.Current=0
Serialization.BufferPool.DroppedTooLargeBuffers.Current=0
Serialization.BufferPool.InUse.AllocatedAndNotInPool_Buffers=34
Serialization.BufferPool.InUse.CheckedOutAndNotCheckedIn_Buffers=34
	
[2015-11-16 16:31:28.109 GMT     6	INFO   	100704	ClientLogStatistics	192.168.1.103:0]	Statistics: ^^^
App.Requests.Latency.Average.Millis=65.000
App.Requests.LatencyHistogram.Millis=[3.2768:6.5535]=1, [104.8576:209.7151]=1, 
App.Requests.TimedOut.Current=0
App.Requests.Total.Requests.Current=2
Client.ConnectedGatewayCount=1
Messaging.Expired.AtDispatch.Current=0
Messaging.Expired.AtInvoke.Current=0
Messaging.Expired.AtReceive.Current=0
Messaging.Expired.AtRespond.Current=0
Messaging.Expired.AtSend.Current=0
Messaging.Received.BatchSize.PerSocketDirection.ClientToGateway=0.000
Messaging.Received.BatchSizeBytesHistogram.Bytes.PerSocketDirection.ClientToGateway=
Messaging.Received.Bytes.Header.Current=478
Messaging.Received.Bytes.Total.Current=1823
Messaging.Received.Direction.OneWay.Current=0
Messaging.Received.Direction.Request.Current=0
Messaging.Received.Direction.Response.Current=2
Messaging.Received.Messages.From.S127.0.0.1:30000:0.Current=2
Messaging.Received.Messages.Total.Current=2
Messaging.Received.MessageSizeHistogram.Bytes=[256:511]=1, [1024:2047]=1, 
Messaging.Rerouted.OneWay.Current=0
Messaging.Rerouted.Request.Current=0
Messaging.Rerouted.Response.Current=0
Messaging.Sent.BatchSize.PerSocketDirection.ClientToGateway=0.000
Messaging.Sent.BatchSizeBytesHistogram.Bytes.PerSocketDirection.ClientToGateway=
Messaging.Sent.Bytes.Header.Current=494
Messaging.Sent.Bytes.Total.Current=588
Messaging.Sent.Direction.OneWay.Current=0
Messaging.Sent.Direction.Request.Current=2
Messaging.Sent.Direction.Response.Current=0
Messaging.Sent.Messages.To.S127.0.0.1:30000:0.Current=2
Messaging.Sent.Messages.Total.Current=2
Messaging.Sent.MessageSizeHistogram.Bytes=[256:511]=2, 
Networking.Sockets.ClientToGateway.Duplex.Closed.Current=0
Networking.Sockets.ClientToGateway.Duplex.Opened.Current=1
Runtime.CpuUsage=18.412
Runtime.DOT.NET.ThreadPool.InUse.CompletionPortThreads=0
Runtime.DOT.NET.ThreadPool.InUse.WorkerThreads=2
Runtime.GC.AllocatedBytesInKbPerSec=147.999
Runtime.GC.GenCollectonCount=gen0=113, gen1=4, gen2=3
Runtime.GC.GenSizesKb=gen0=7680.00, gen1=1630.34, gen2=5450.20
Runtime.GC.LargeObjectHeapSizeKb=639.139
Runtime.GC.NumberOfInducedGCs=2.000
Runtime.GC.PercentOfTimeInGC=0.013
Runtime.GC.PromotedFinalizationMemoryFromGen0Kb=0.000
Runtime.GC.PromotedMemoryFromGen1Kb=0.000
Runtime.GC.TotalMemoryKb=12393
Runtime.Memory.AvailableMemoryMb=918
Runtime.Memory.TotalPhysicalMemoryMb=4096
Runtime.Threads.AsynchAgent.Messaging.GatewayClientReceiver.Current=1
Runtime.Threads.AsynchAgent.Messaging.GatewayConnection.Current=1
Runtime.Threads.AsynchAgent.TotalThreadsCreated.Current=2
Serialization.BufferPool.AllocatedBuffers.Current=250
Serialization.BufferPool.BuffersInPool=216
Serialization.BufferPool.CheckedInBuffers.Current=256
Serialization.BufferPool.CheckedOutBuffers.Current=290
Serialization.BufferPool.DroppedBuffers.Current=0
Serialization.BufferPool.DroppedTooLargeBuffers.Current=0
Serialization.BufferPool.InUse.AllocatedAndNotInPool_Buffers=34
Serialization.BufferPool.InUse.CheckedOutAndNotCheckedIn_Buffers=34
	
[2015-11-16 16:36:28.127 GMT    31	INFO   	100704	ClientLogStatistics	192.168.1.103:0]	Statistics: ^^^
App.Requests.Latency.Average.Millis=65.000
App.Requests.LatencyHistogram.Millis=[3.2768:6.5535]=1, [104.8576:209.7151]=1, 
App.Requests.TimedOut.Current=0
App.Requests.Total.Requests.Current=2
Client.ConnectedGatewayCount=1
Messaging.Expired.AtDispatch.Current=0
Messaging.Expired.AtInvoke.Current=0
Messaging.Expired.AtReceive.Current=0
Messaging.Expired.AtRespond.Current=0
Messaging.Expired.AtSend.Current=0
Messaging.Received.BatchSize.PerSocketDirection.ClientToGateway=0.000
Messaging.Received.BatchSizeBytesHistogram.Bytes.PerSocketDirection.ClientToGateway=
Messaging.Received.Bytes.Header.Current=478
Messaging.Received.Bytes.Total.Current=1823
Messaging.Received.Direction.OneWay.Current=0
Messaging.Received.Direction.Request.Current=0
Messaging.Received.Direction.Response.Current=2
Messaging.Received.Messages.From.S127.0.0.1:30000:0.Current=2
Messaging.Received.Messages.Total.Current=2
Messaging.Received.MessageSizeHistogram.Bytes=[256:511]=1, [1024:2047]=1, 
Messaging.Rerouted.OneWay.Current=0
Messaging.Rerouted.Request.Current=0
Messaging.Rerouted.Response.Current=0
Messaging.Sent.BatchSize.PerSocketDirection.ClientToGateway=0.000
Messaging.Sent.BatchSizeBytesHistogram.Bytes.PerSocketDirection.ClientToGateway=
Messaging.Sent.Bytes.Header.Current=494
Messaging.Sent.Bytes.Total.Current=588
Messaging.Sent.Direction.OneWay.Current=0
Messaging.Sent.Direction.Request.Current=2
Messaging.Sent.Direction.Response.Current=0
Messaging.Sent.Messages.To.S127.0.0.1:30000:0.Current=2
Messaging.Sent.Messages.Total.Current=2
Messaging.Sent.MessageSizeHistogram.Bytes=[256:511]=2, 
Networking.Sockets.ClientToGateway.Duplex.Closed.Current=0
Networking.Sockets.ClientToGateway.Duplex.Opened.Current=1
Runtime.CpuUsage=22.756
Runtime.DOT.NET.ThreadPool.InUse.CompletionPortThreads=0
Runtime.DOT.NET.ThreadPool.InUse.WorkerThreads=2
Runtime.GC.AllocatedBytesInKbPerSec=141.639
Runtime.GC.GenCollectonCount=gen0=122, gen1=4, gen2=3
Runtime.GC.GenSizesKb=gen0=7680.00, gen1=1735.42, gen2=5450.20
Runtime.GC.LargeObjectHeapSizeKb=639.139
Runtime.GC.NumberOfInducedGCs=2.000
Runtime.GC.PercentOfTimeInGC=0.004
Runtime.GC.PromotedFinalizationMemoryFromGen0Kb=0.000
Runtime.GC.PromotedMemoryFromGen1Kb=0.000
Runtime.GC.TotalMemoryKb=15131
Runtime.Memory.AvailableMemoryMb=858
Runtime.Memory.TotalPhysicalMemoryMb=4096
Runtime.Threads.AsynchAgent.Messaging.GatewayClientReceiver.Current=1
Runtime.Threads.AsynchAgent.Messaging.GatewayConnection.Current=1
Runtime.Threads.AsynchAgent.TotalThreadsCreated.Current=2
Serialization.BufferPool.AllocatedBuffers.Current=250
Serialization.BufferPool.BuffersInPool=216
Serialization.BufferPool.CheckedInBuffers.Current=256
Serialization.BufferPool.CheckedOutBuffers.Current=290
Serialization.BufferPool.DroppedBuffers.Current=0
Serialization.BufferPool.DroppedTooLargeBuffers.Current=0
Serialization.BufferPool.InUse.AllocatedAndNotInPool_Buffers=34
Serialization.BufferPool.InUse.CheckedOutAndNotCheckedIn_Buffers=34
	
[2015-11-16 16:41:28.147 GMT    31	INFO   	100704	ClientLogStatistics	192.168.1.103:0]	Statistics: ^^^
App.Requests.Latency.Average.Millis=65.000
App.Requests.LatencyHistogram.Millis=[3.2768:6.5535]=1, [104.8576:209.7151]=1, 
App.Requests.TimedOut.Current=0
App.Requests.Total.Requests.Current=2
Client.ConnectedGatewayCount=1
Messaging.Expired.AtDispatch.Current=0
Messaging.Expired.AtInvoke.Current=0
Messaging.Expired.AtReceive.Current=0
Messaging.Expired.AtRespond.Current=0
Messaging.Expired.AtSend.Current=0
Messaging.Received.BatchSize.PerSocketDirection.ClientToGateway=0.000
Messaging.Received.BatchSizeBytesHistogram.Bytes.PerSocketDirection.ClientToGateway=
Messaging.Received.Bytes.Header.Current=478
Messaging.Received.Bytes.Total.Current=1823
Messaging.Received.Direction.OneWay.Current=0
Messaging.Received.Direction.Request.Current=0
Messaging.Received.Direction.Response.Current=2
Messaging.Received.Messages.From.S127.0.0.1:30000:0.Current=2
Messaging.Received.Messages.Total.Current=2
Messaging.Received.MessageSizeHistogram.Bytes=[256:511]=1, [1024:2047]=1, 
Messaging.Rerouted.OneWay.Current=0
Messaging.Rerouted.Request.Current=0
Messaging.Rerouted.Response.Current=0
Messaging.Sent.BatchSize.PerSocketDirection.ClientToGateway=0.000
Messaging.Sent.BatchSizeBytesHistogram.Bytes.PerSocketDirection.ClientToGateway=
Messaging.Sent.Bytes.Header.Current=494
Messaging.Sent.Bytes.Total.Current=588
Messaging.Sent.Direction.OneWay.Current=0
Messaging.Sent.Direction.Request.Current=2
Messaging.Sent.Direction.Response.Current=0
Messaging.Sent.Messages.To.S127.0.0.1:30000:0.Current=2
Messaging.Sent.Messages.Total.Current=2
Messaging.Sent.MessageSizeHistogram.Bytes=[256:511]=2, 
Networking.Sockets.ClientToGateway.Duplex.Closed.Current=0
Networking.Sockets.ClientToGateway.Duplex.Opened.Current=1
Runtime.CpuUsage=12.909
Runtime.DOT.NET.ThreadPool.InUse.CompletionPortThreads=0
Runtime.DOT.NET.ThreadPool.InUse.WorkerThreads=2
Runtime.GC.AllocatedBytesInKbPerSec=151.970
Runtime.GC.GenCollectonCount=gen0=130, gen1=4, gen2=3
Runtime.GC.GenSizesKb=gen0=7680.00, gen1=1786.64, gen2=5450.20
Runtime.GC.LargeObjectHeapSizeKb=639.139
Runtime.GC.NumberOfInducedGCs=2.000
Runtime.GC.PercentOfTimeInGC=0.004
Runtime.GC.PromotedFinalizationMemoryFromGen0Kb=0.000
Runtime.GC.PromotedMemoryFromGen1Kb=0.000
Runtime.GC.TotalMemoryKb=14517
Runtime.Memory.AvailableMemoryMb=836
Runtime.Memory.TotalPhysicalMemoryMb=4096
Runtime.Threads.AsynchAgent.Messaging.GatewayClientReceiver.Current=1
Runtime.Threads.AsynchAgent.Messaging.GatewayConnection.Current=1
Runtime.Threads.AsynchAgent.TotalThreadsCreated.Current=2
Serialization.BufferPool.AllocatedBuffers.Current=250
Serialization.BufferPool.BuffersInPool=216
Serialization.BufferPool.CheckedInBuffers.Current=256
Serialization.BufferPool.CheckedOutBuffers.Current=290
Serialization.BufferPool.DroppedBuffers.Current=0
Serialization.BufferPool.DroppedTooLargeBuffers.Current=0
Serialization.BufferPool.InUse.AllocatedAndNotInPool_Buffers=34
Serialization.BufferPool.InUse.CheckedOutAndNotCheckedIn_Buffers=34
	
[2015-11-16 16:46:28.156 GMT    31	INFO   	100704	ClientLogStatistics	192.168.1.103:0]	Statistics: ^^^
App.Requests.Latency.Average.Millis=65.000
App.Requests.LatencyHistogram.Millis=[3.2768:6.5535]=1, [104.8576:209.7151]=1, 
App.Requests.TimedOut.Current=0
App.Requests.Total.Requests.Current=2
Client.ConnectedGatewayCount=1
Messaging.Expired.AtDispatch.Current=0
Messaging.Expired.AtInvoke.Current=0
Messaging.Expired.AtReceive.Current=0
Messaging.Expired.AtRespond.Current=0
Messaging.Expired.AtSend.Current=0
Messaging.Received.BatchSize.PerSocketDirection.ClientToGateway=0.000
Messaging.Received.BatchSizeBytesHistogram.Bytes.PerSocketDirection.ClientToGateway=
Messaging.Received.Bytes.Header.Current=478
Messaging.Received.Bytes.Total.Current=1823
Messaging.Received.Direction.OneWay.Current=0
Messaging.Received.Direction.Request.Current=0
Messaging.Received.Direction.Response.Current=2
Messaging.Received.Messages.From.S127.0.0.1:30000:0.Current=2
Messaging.Received.Messages.Total.Current=2
Messaging.Received.MessageSizeHistogram.Bytes=[256:511]=1, [1024:2047]=1, 
Messaging.Rerouted.OneWay.Current=0
Messaging.Rerouted.Request.Current=0
Messaging.Rerouted.Response.Current=0
Messaging.Sent.BatchSize.PerSocketDirection.ClientToGateway=0.000
Messaging.Sent.BatchSizeBytesHistogram.Bytes.PerSocketDirection.ClientToGateway=
Messaging.Sent.Bytes.Header.Current=494
Messaging.Sent.Bytes.Total.Current=588
Messaging.Sent.Direction.OneWay.Current=0
Messaging.Sent.Direction.Request.Current=2
Messaging.Sent.Direction.Response.Current=0
Messaging.Sent.Messages.To.S127.0.0.1:30000:0.Current=2
Messaging.Sent.Messages.Total.Current=2
Messaging.Sent.MessageSizeHistogram.Bytes=[256:511]=2, 
Networking.Sockets.ClientToGateway.Duplex.Closed.Current=0
Networking.Sockets.ClientToGateway.Duplex.Opened.Current=1
Runtime.CpuUsage=8.933
Runtime.DOT.NET.ThreadPool.InUse.CompletionPortThreads=0
Runtime.DOT.NET.ThreadPool.InUse.WorkerThreads=2
Runtime.GC.AllocatedBytesInKbPerSec=150.811
Runtime.GC.GenCollectonCount=gen0=139, gen1=4, gen2=3
Runtime.GC.GenSizesKb=gen0=7680.00, gen1=1900.99, gen2=5450.20
Runtime.GC.LargeObjectHeapSizeKb=639.139
Runtime.GC.NumberOfInducedGCs=2.000
Runtime.GC.PercentOfTimeInGC=0.008
Runtime.GC.PromotedFinalizationMemoryFromGen0Kb=0.000
Runtime.GC.PromotedMemoryFromGen1Kb=0.000
Runtime.GC.TotalMemoryKb=14027
Runtime.Memory.AvailableMemoryMb=1559
Runtime.Memory.TotalPhysicalMemoryMb=4096
Runtime.Threads.AsynchAgent.Messaging.GatewayClientReceiver.Current=1
Runtime.Threads.AsynchAgent.Messaging.GatewayConnection.Current=1
Runtime.Threads.AsynchAgent.TotalThreadsCreated.Current=2
Serialization.BufferPool.AllocatedBuffers.Current=250
Serialization.BufferPool.BuffersInPool=216
Serialization.BufferPool.CheckedInBuffers.Current=256
Serialization.BufferPool.CheckedOutBuffers.Current=290
Serialization.BufferPool.DroppedBuffers.Current=0
Serialization.BufferPool.DroppedTooLargeBuffers.Current=0
Serialization.BufferPool.InUse.AllocatedAndNotInPool_Buffers=34
Serialization.BufferPool.InUse.CheckedOutAndNotCheckedIn_Buffers=34
	
[2015-11-16 16:51:28.170 GMT    36	INFO   	100704	ClientLogStatistics	192.168.1.103:0]	Statistics: ^^^
App.Requests.Latency.Average.Millis=65.000
App.Requests.LatencyHistogram.Millis=[3.2768:6.5535]=1, [104.8576:209.7151]=1, 
App.Requests.TimedOut.Current=0
App.Requests.Total.Requests.Current=2
Client.ConnectedGatewayCount=1
Messaging.Expired.AtDispatch.Current=0
Messaging.Expired.AtInvoke.Current=0
Messaging.Expired.AtReceive.Current=0
Messaging.Expired.AtRespond.Current=0
Messaging.Expired.AtSend.Current=0
Messaging.Received.BatchSize.PerSocketDirection.ClientToGateway=0.000
Messaging.Received.BatchSizeBytesHistogram.Bytes.PerSocketDirection.ClientToGateway=
Messaging.Received.Bytes.Header.Current=478
Messaging.Received.Bytes.Total.Current=1823
Messaging.Received.Direction.OneWay.Current=0
Messaging.Received.Direction.Request.Current=0
Messaging.Received.Direction.Response.Current=2
Messaging.Received.Messages.From.S127.0.0.1:30000:0.Current=2
Messaging.Received.Messages.Total.Current=2
Messaging.Received.MessageSizeHistogram.Bytes=[256:511]=1, [1024:2047]=1, 
Messaging.Rerouted.OneWay.Current=0
Messaging.Rerouted.Request.Current=0
Messaging.Rerouted.Response.Current=0
Messaging.Sent.BatchSize.PerSocketDirection.ClientToGateway=0.000
Messaging.Sent.BatchSizeBytesHistogram.Bytes.PerSocketDirection.ClientToGateway=
Messaging.Sent.Bytes.Header.Current=494
Messaging.Sent.Bytes.Total.Current=588
Messaging.Sent.Direction.OneWay.Current=0
Messaging.Sent.Direction.Request.Current=2
Messaging.Sent.Direction.Response.Current=0
Messaging.Sent.Messages.To.S127.0.0.1:30000:0.Current=2
Messaging.Sent.Messages.Total.Current=2
Messaging.Sent.MessageSizeHistogram.Bytes=[256:511]=2, 
Networking.Sockets.ClientToGateway.Duplex.Closed.Current=0
Networking.Sockets.ClientToGateway.Duplex.Opened.Current=1
Runtime.CpuUsage=4.903
Runtime.DOT.NET.ThreadPool.InUse.CompletionPortThreads=0
Runtime.DOT.NET.ThreadPool.InUse.WorkerThreads=2
Runtime.GC.AllocatedBytesInKbPerSec=153.161
Runtime.GC.GenCollectonCount=gen0=148, gen1=4, gen2=3
Runtime.GC.GenSizesKb=gen0=7680.00, gen1=1900.99, gen2=5450.20
Runtime.GC.LargeObjectHeapSizeKb=639.139
Runtime.GC.NumberOfInducedGCs=2.000
Runtime.GC.PercentOfTimeInGC=0.012
Runtime.GC.PromotedFinalizationMemoryFromGen0Kb=0.000
Runtime.GC.PromotedMemoryFromGen1Kb=0.000
Runtime.GC.TotalMemoryKb=11692
Runtime.Memory.AvailableMemoryMb=1519
Runtime.Memory.TotalPhysicalMemoryMb=4096
Runtime.Threads.AsynchAgent.Messaging.GatewayClientReceiver.Current=1
Runtime.Threads.AsynchAgent.Messaging.GatewayConnection.Current=1
Runtime.Threads.AsynchAgent.TotalThreadsCreated.Current=2
Serialization.BufferPool.AllocatedBuffers.Current=250
Serialization.BufferPool.BuffersInPool=216
Serialization.BufferPool.CheckedInBuffers.Current=256
Serialization.BufferPool.CheckedOutBuffers.Current=290
Serialization.BufferPool.DroppedBuffers.Current=0
Serialization.BufferPool.DroppedTooLargeBuffers.Current=0
Serialization.BufferPool.InUse.AllocatedAndNotInPool_Buffers=34
Serialization.BufferPool.InUse.CheckedOutAndNotCheckedIn_Buffers=34
	
[2015-11-16 16:56:28.199 GMT    24	INFO   	100704	ClientLogStatistics	192.168.1.103:0]	Statistics: ^^^
App.Requests.Latency.Average.Millis=65.000
App.Requests.LatencyHistogram.Millis=[3.2768:6.5535]=1, [104.8576:209.7151]=1, 
App.Requests.TimedOut.Current=0
App.Requests.Total.Requests.Current=2
Client.ConnectedGatewayCount=1
Messaging.Expired.AtDispatch.Current=0
Messaging.Expired.AtInvoke.Current=0
Messaging.Expired.AtReceive.Current=0
Messaging.Expired.AtRespond.Current=0
Messaging.Expired.AtSend.Current=0
Messaging.Received.BatchSize.PerSocketDirection.ClientToGateway=0.000
Messaging.Received.BatchSizeBytesHistogram.Bytes.PerSocketDirection.ClientToGateway=
Messaging.Received.Bytes.Header.Current=478
Messaging.Received.Bytes.Total.Current=1823
Messaging.Received.Direction.OneWay.Current=0
Messaging.Received.Direction.Request.Current=0
Messaging.Received.Direction.Response.Current=2
Messaging.Received.Messages.From.S127.0.0.1:30000:0.Current=2
Messaging.Received.Messages.Total.Current=2
Messaging.Received.MessageSizeHistogram.Bytes=[256:511]=1, [1024:2047]=1, 
Messaging.Rerouted.OneWay.Current=0
Messaging.Rerouted.Request.Current=0
Messaging.Rerouted.Response.Current=0
Messaging.Sent.BatchSize.PerSocketDirection.ClientToGateway=0.000
Messaging.Sent.BatchSizeBytesHistogram.Bytes.PerSocketDirection.ClientToGateway=
Messaging.Sent.Bytes.Header.Current=494
Messaging.Sent.Bytes.Total.Current=588
Messaging.Sent.Direction.OneWay.Current=0
Messaging.Sent.Direction.Request.Current=2
Messaging.Sent.Direction.Response.Current=0
Messaging.Sent.Messages.To.S127.0.0.1:30000:0.Current=2
Messaging.Sent.Messages.Total.Current=2
Messaging.Sent.MessageSizeHistogram.Bytes=[256:511]=2, 
Networking.Sockets.ClientToGateway.Duplex.Closed.Current=0
Networking.Sockets.ClientToGateway.Duplex.Opened.Current=1
Runtime.CpuUsage=5.796
Runtime.DOT.NET.ThreadPool.InUse.CompletionPortThreads=0
Runtime.DOT.NET.ThreadPool.InUse.WorkerThreads=2
Runtime.GC.AllocatedBytesInKbPerSec=125.556
Runtime.GC.GenCollectonCount=gen0=155, gen1=4, gen2=3
Runtime.GC.GenSizesKb=gen0=7680.00, gen1=1900.99, gen2=5450.20
Runtime.GC.LargeObjectHeapSizeKb=639.139
Runtime.GC.NumberOfInducedGCs=2.000
Runtime.GC.PercentOfTimeInGC=0.008
Runtime.GC.PromotedFinalizationMemoryFromGen0Kb=0.000
Runtime.GC.PromotedMemoryFromGen1Kb=0.000
Runtime.GC.TotalMemoryKb=11019
Runtime.Memory.AvailableMemoryMb=1512
Runtime.Memory.TotalPhysicalMemoryMb=4096
Runtime.Threads.AsynchAgent.Messaging.GatewayClientReceiver.Current=1
Runtime.Threads.AsynchAgent.Messaging.GatewayConnection.Current=1
Runtime.Threads.AsynchAgent.TotalThreadsCreated.Current=2
Serialization.BufferPool.AllocatedBuffers.Current=250
Serialization.BufferPool.BuffersInPool=216
Serialization.BufferPool.CheckedInBuffers.Current=256
Serialization.BufferPool.CheckedOutBuffers.Current=290
Serialization.BufferPool.DroppedBuffers.Current=0
Serialization.BufferPool.DroppedTooLargeBuffers.Current=0
Serialization.BufferPool.InUse.AllocatedAndNotInPool_Buffers=34
Serialization.BufferPool.InUse.CheckedOutAndNotCheckedIn_Buffers=34
	
[2015-11-16 17:01:28.238 GMT     6	INFO   	100704	ClientLogStatistics	192.168.1.103:0]	Statistics: ^^^
App.Requests.Latency.Average.Millis=65.000
App.Requests.LatencyHistogram.Millis=[3.2768:6.5535]=1, [104.8576:209.7151]=1, 
App.Requests.TimedOut.Current=0
App.Requests.Total.Requests.Current=2
Client.ConnectedGatewayCount=1
Messaging.Expired.AtDispatch.Current=0
Messaging.Expired.AtInvoke.Current=0
Messaging.Expired.AtReceive.Current=0
Messaging.Expired.AtRespond.Current=0
Messaging.Expired.AtSend.Current=0
Messaging.Received.BatchSize.PerSocketDirection.ClientToGateway=0.000
Messaging.Received.BatchSizeBytesHistogram.Bytes.PerSocketDirection.ClientToGateway=
Messaging.Received.Bytes.Header.Current=478
Messaging.Received.Bytes.Total.Current=1823
Messaging.Received.Direction.OneWay.Current=0
Messaging.Received.Direction.Request.Current=0
Messaging.Received.Direction.Response.Current=2
Messaging.Received.Messages.From.S127.0.0.1:30000:0.Current=2
Messaging.Received.Messages.Total.Current=2
Messaging.Received.MessageSizeHistogram.Bytes=[256:511]=1, [1024:2047]=1, 
Messaging.Rerouted.OneWay.Current=0
Messaging.Rerouted.Request.Current=0
Messaging.Rerouted.Response.Current=0
Messaging.Sent.BatchSize.PerSocketDirection.ClientToGateway=0.000
Messaging.Sent.BatchSizeBytesHistogram.Bytes.PerSocketDirection.ClientToGateway=
Messaging.Sent.Bytes.Header.Current=494
Messaging.Sent.Bytes.Total.Current=588
Messaging.Sent.Direction.OneWay.Current=0
Messaging.Sent.Direction.Request.Current=2
Messaging.Sent.Direction.Response.Current=0
Messaging.Sent.Messages.To.S127.0.0.1:30000:0.Current=2
Messaging.Sent.Messages.Total.Current=2
Messaging.Sent.MessageSizeHistogram.Bytes=[256:511]=2, 
Networking.Sockets.ClientToGateway.Duplex.Closed.Current=0
Networking.Sockets.ClientToGateway.Duplex.Opened.Current=1
Runtime.CpuUsage=3.368
Runtime.DOT.NET.ThreadPool.InUse.CompletionPortThreads=0
Runtime.DOT.NET.ThreadPool.InUse.WorkerThreads=2
Runtime.GC.AllocatedBytesInKbPerSec=161.660
Runtime.GC.GenCollectonCount=gen0=164, gen1=4, gen2=3
Runtime.GC.GenSizesKb=gen0=7680.00, gen1=1900.99, gen2=5450.20
Runtime.GC.LargeObjectHeapSizeKb=639.139
Runtime.GC.NumberOfInducedGCs=2.000
Runtime.GC.PercentOfTimeInGC=0.009
Runtime.GC.PromotedFinalizationMemoryFromGen0Kb=0.000
Runtime.GC.PromotedMemoryFromGen1Kb=0.000
Runtime.GC.TotalMemoryKb=11899
Runtime.Memory.AvailableMemoryMb=1511
Runtime.Memory.TotalPhysicalMemoryMb=4096
Runtime.Threads.AsynchAgent.Messaging.GatewayClientReceiver.Current=1
Runtime.Threads.AsynchAgent.Messaging.GatewayConnection.Current=1
Runtime.Threads.AsynchAgent.TotalThreadsCreated.Current=2
Serialization.BufferPool.AllocatedBuffers.Current=250
Serialization.BufferPool.BuffersInPool=216
Serialization.BufferPool.CheckedInBuffers.Current=256
Serialization.BufferPool.CheckedOutBuffers.Current=290
Serialization.BufferPool.DroppedBuffers.Current=0
Serialization.BufferPool.DroppedTooLargeBuffers.Current=0
Serialization.BufferPool.InUse.AllocatedAndNotInPool_Buffers=34
Serialization.BufferPool.InUse.CheckedOutAndNotCheckedIn_Buffers=34
	
[2015-11-16 17:06:28.255 GMT    31	INFO   	100704	ClientLogStatistics	192.168.1.103:0]	Statistics: ^^^
App.Requests.Latency.Average.Millis=65.000
App.Requests.LatencyHistogram.Millis=[3.2768:6.5535]=1, [104.8576:209.7151]=1, 
App.Requests.TimedOut.Current=0
App.Requests.Total.Requests.Current=2
Client.ConnectedGatewayCount=1
Messaging.Expired.AtDispatch.Current=0
Messaging.Expired.AtInvoke.Current=0
Messaging.Expired.AtReceive.Current=0
Messaging.Expired.AtRespond.Current=0
Messaging.Expired.AtSend.Current=0
Messaging.Received.BatchSize.PerSocketDirection.ClientToGateway=0.000
Messaging.Received.BatchSizeBytesHistogram.Bytes.PerSocketDirection.ClientToGateway=
Messaging.Received.Bytes.Header.Current=478
Messaging.Received.Bytes.Total.Current=1823
Messaging.Received.Direction.OneWay.Current=0
Messaging.Received.Direction.Request.Current=0
Messaging.Received.Direction.Response.Current=2
Messaging.Received.Messages.From.S127.0.0.1:30000:0.Current=2
Messaging.Received.Messages.Total.Current=2
Messaging.Received.MessageSizeHistogram.Bytes=[256:511]=1, [1024:2047]=1, 
Messaging.Rerouted.OneWay.Current=0
Messaging.Rerouted.Request.Current=0
Messaging.Rerouted.Response.Current=0
Messaging.Sent.BatchSize.PerSocketDirection.ClientToGateway=0.000
Messaging.Sent.BatchSizeBytesHistogram.Bytes.PerSocketDirection.ClientToGateway=
Messaging.Sent.Bytes.Header.Current=494
Messaging.Sent.Bytes.Total.Current=588
Messaging.Sent.Direction.OneWay.Current=0
Messaging.Sent.Direction.Request.Current=2
Messaging.Sent.Direction.Response.Current=0
Messaging.Sent.Messages.To.S127.0.0.1:30000:0.Current=2
Messaging.Sent.Messages.Total.Current=2
Messaging.Sent.MessageSizeHistogram.Bytes=[256:511]=2, 
Networking.Sockets.ClientToGateway.Duplex.Closed.Current=0
Networking.Sockets.ClientToGateway.Duplex.Opened.Current=1
Runtime.CpuUsage=9.855
Runtime.DOT.NET.ThreadPool.InUse.CompletionPortThreads=0
Runtime.DOT.NET.ThreadPool.InUse.WorkerThreads=2
Runtime.GC.AllocatedBytesInKbPerSec=148.645
Runtime.GC.GenCollectonCount=gen0=172, gen1=4, gen2=3
Runtime.GC.GenSizesKb=gen0=7680.00, gen1=2034.98, gen2=5450.20
Runtime.GC.LargeObjectHeapSizeKb=639.139
Runtime.GC.NumberOfInducedGCs=2.000
Runtime.GC.PercentOfTimeInGC=0.005
Runtime.GC.PromotedFinalizationMemoryFromGen0Kb=0.000
Runtime.GC.PromotedMemoryFromGen1Kb=0.000
Runtime.GC.TotalMemoryKb=11807
Runtime.Memory.AvailableMemoryMb=1210
Runtime.Memory.TotalPhysicalMemoryMb=4096
Runtime.Threads.AsynchAgent.Messaging.GatewayClientReceiver.Current=1
Runtime.Threads.AsynchAgent.Messaging.GatewayConnection.Current=1
Runtime.Threads.AsynchAgent.TotalThreadsCreated.Current=2
Serialization.BufferPool.AllocatedBuffers.Current=250
Serialization.BufferPool.BuffersInPool=216
Serialization.BufferPool.CheckedInBuffers.Current=256
Serialization.BufferPool.CheckedOutBuffers.Current=290
Serialization.BufferPool.DroppedBuffers.Current=0
Serialization.BufferPool.DroppedTooLargeBuffers.Current=0
Serialization.BufferPool.InUse.AllocatedAndNotInPool_Buffers=34
Serialization.BufferPool.InUse.CheckedOutAndNotCheckedIn_Buffers=34
	
